<?xml version="1.0" encoding="UTF-8"?>
<!-- Generated by org.testng.reporters.JUnitXMLReporter -->
<testsuite ignored="16" hostname="DESKTOP-BGPMGNP" failures="3" tests="74" name="Surefire test" time="452.513" errors="0" timestamp="15 Jun 2023 16:28:56 GMT">
  <testcase classname="base.BaseTest" name="@AfterMethod tearDown" time="0.015">
    <failure type="org.openqa.selenium.WebDriverException" message="An unknown server-side error occurred while processing the command. Original error: Could not proxy command to the remote server. Original error: socket hang up
Build info: version: &amp;apos;3.5.3&amp;apos;, revision: &amp;apos;a88d25fe6b&amp;apos;, time: &amp;apos;2017-08-29T12:42:44.417Z&amp;apos;
System info: host: &amp;apos;DESKTOP-BGPMGNP&amp;apos;, ip: &amp;apos;192.168.29.70&amp;apos;, os.name: &amp;apos;Windows 11&amp;apos;, os.arch: &amp;apos;amd64&amp;apos;, os.version: &amp;apos;10.0&amp;apos;, java.version: &amp;apos;20.0.1&amp;apos;
Driver info: io.appium.java_client.android.AndroidDriver
Capabilities [{app=C:\Users\Itsqe\eclipse-workspace\AppiumRiverComics\RiverComicsAPK\base.apk, appPackage=com.river.comics.us, deviceScreenSize=1080x2220, networkConnectionEnabled=true, statBarHeight=66, warnings={}, viewportRect={top=66, left=0, width=1080, height=2022}, databaseEnabled=false, deviceName=emulator-5554, platform=LINUX, deviceUDID=emulator-5554, desired={app=C:\Users\Itsqe\eclipse-workspace\AppiumRiverComics\RiverComicsAPK\base.apk, platformVersion=11.0, automationName=Appium, platformName=Android, deviceName=Pixel 3a API 30}, platformVersion=11, pixelRatio=2.75, webStorageEnabled=false, locationContextEnabled=false, automationName=Appium, takesScreenshot=true, javascriptEnabled=true, deviceScreenDensity=440, deviceModel=sdk_gphone_x86, deviceApiLevel=30, deviceManufacturer=Google, platformName=LINUX}]
Session ID: 82f0bbb6-45f0-44a1-9859-850f4b956eae">
      <![CDATA[org.openqa.selenium.WebDriverException: An unknown server-side error occurred while processing the command. Original error: Could not proxy command to the remote server. Original error: socket hang up
Build info: version: '3.5.3', revision: 'a88d25fe6b', time: '2017-08-29T12:42:44.417Z'
System info: host: 'DESKTOP-BGPMGNP', ip: '192.168.29.70', os.name: 'Windows 11', os.arch: 'amd64', os.version: '10.0', java.version: '20.0.1'
Driver info: io.appium.java_client.android.AndroidDriver
Capabilities [{app=C:\Users\Itsqe\eclipse-workspace\AppiumRiverComics\RiverComicsAPK\base.apk, appPackage=com.river.comics.us, deviceScreenSize=1080x2220, networkConnectionEnabled=true, statBarHeight=66, warnings={}, viewportRect={top=66, left=0, width=1080, height=2022}, databaseEnabled=false, deviceName=emulator-5554, platform=LINUX, deviceUDID=emulator-5554, desired={app=C:\Users\Itsqe\eclipse-workspace\AppiumRiverComics\RiverComicsAPK\base.apk, platformVersion=11.0, automationName=Appium, platformName=Android, deviceName=Pixel 3a API 30}, platformVersion=11, pixelRatio=2.75, webStorageEnabled=false, locationContextEnabled=false, automationName=Appium, takesScreenshot=true, javascriptEnabled=true, deviceScreenDensity=440, deviceModel=sdk_gphone_x86, deviceApiLevel=30, deviceManufacturer=Google, platformName=LINUX}]
Session ID: 82f0bbb6-45f0-44a1-9859-850f4b956eae
	at org.openqa.selenium.remote.http.W3CHttpResponseCodec.createException(W3CHttpResponseCodec.java:185)
	at org.openqa.selenium.remote.http.W3CHttpResponseCodec.decode(W3CHttpResponseCodec.java:120)
	at org.openqa.selenium.remote.http.W3CHttpResponseCodec.decode(W3CHttpResponseCodec.java:49)
	at org.openqa.selenium.remote.HttpCommandExecutor.execute(HttpCommandExecutor.java:164)
	at io.appium.java_client.remote.AppiumCommandExecutor.execute(AppiumCommandExecutor.java:52)
	at org.openqa.selenium.remote.RemoteWebDriver.execute(RemoteWebDriver.java:646)
	at io.appium.java_client.DefaultGenericMobileDriver.execute(DefaultGenericMobileDriver.java:42)
	at io.appium.java_client.AppiumDriver.execute(AppiumDriver.java:189)
	at org.openqa.selenium.remote.RemoteWebDriver.getScreenshotAs(RemoteWebDriver.java:388)
	at utilities.Screenshot.getScreenshot(Screenshot.java:75)
	at base.BaseTest.tearDown(BaseTest.java:66)
... Removed 33 stack frames]]>
    </failure>
  </testcase> <!-- @AfterMethod tearDown -->
  <testcase classname="base.BaseTest" name="@BeforeMethod beforeMethod" time="0.0">
    <skipped/>
  </testcase> <!-- @BeforeMethod beforeMethod -->
  <testcase classname="base.BaseTest" name="@BeforeMethod beforeMethod" time="0.0">
    <skipped/>
  </testcase> <!-- @BeforeMethod beforeMethod -->
  <testcase classname="base.BaseTest" name="@BeforeMethod beforeMethod" time="0.0">
    <skipped/>
  </testcase> <!-- @BeforeMethod beforeMethod -->
  <testcase classname="base.BaseTest" name="@BeforeMethod beforeMethod" time="0.0">
    <skipped/>
  </testcase> <!-- @BeforeMethod beforeMethod -->
  <testcase classname="base.BaseTest" name="@BeforeMethod beforeMethod" time="0.0">
    <skipped/>
  </testcase> <!-- @BeforeMethod beforeMethod -->
  <testcase classname="base.BaseTest" name="@BeforeMethod beforeMethod" time="0.0">
    <skipped/>
  </testcase> <!-- @BeforeMethod beforeMethod -->
  <testcase classname="base.BaseTest" name="@BeforeMethod beforeMethod" time="0.0">
    <skipped/>
  </testcase> <!-- @BeforeMethod beforeMethod -->
  <testcase classname="base.BaseTest" name="@BeforeMethod beforeMethod" time="0.0">
    <skipped/>
  </testcase> <!-- @BeforeMethod beforeMethod -->
  <testcase classname="base.BaseTest" name="@BeforeMethod beforeMethod" time="0.0">
    <skipped/>
  </testcase> <!-- @BeforeMethod beforeMethod -->
  <testcase classname="base.BaseTest" name="@BeforeMethod beforeMethod" time="0.0">
    <skipped/>
  </testcase> <!-- @BeforeMethod beforeMethod -->
  <testcase classname="base.BaseTest" name="@BeforeMethod beforeMethod" time="0.0">
    <skipped/>
  </testcase> <!-- @BeforeMethod beforeMethod -->
  <testcase classname="base.BaseTest" name="@BeforeMethod beforeMethod" time="0.0">
    <skipped/>
  </testcase> <!-- @BeforeMethod beforeMethod -->
  <testcase classname="base.BaseTest" name="@BeforeMethod beforeMethod" time="0.0">
    <skipped/>
  </testcase> <!-- @BeforeMethod beforeMethod -->
  <testcase classname="base.BaseTest" name="@BeforeMethod beforeMethod" time="0.0">
    <skipped/>
  </testcase> <!-- @BeforeMethod beforeMethod -->
  <testcase classname="base.BaseTest" name="@BeforeMethod beforeMethod" time="0.0">
    <skipped/>
  </testcase> <!-- @BeforeMethod beforeMethod -->
  <testcase classname="base.BaseTest" name="@BeforeMethod beforeMethod" time="0.0">
    <skipped/>
  </testcase> <!-- @BeforeMethod beforeMethod -->
  <testcase classname="base.BaseTest" name="@BeforeMethod beforeMethod" time="0.0">
    <skipped/>
  </testcase> <!-- @BeforeMethod beforeMethod -->
  <testcase classname="base.BaseTest" name="@BeforeMethod beforeMethod" time="0.0">
    <skipped/>
  </testcase> <!-- @BeforeMethod beforeMethod -->
  <testcase classname="base.BaseTest" name="@BeforeMethod beforeMethod" time="0.0">
    <skipped/>
  </testcase> <!-- @BeforeMethod beforeMethod -->
  <testcase classname="base.BaseTest" name="@BeforeMethod beforeMethod" time="0.0">
    <skipped/>
  </testcase> <!-- @BeforeMethod beforeMethod -->
  <testcase classname="base.BaseTest" name="@BeforeMethod beforeMethod" time="0.0">
    <skipped/>
  </testcase> <!-- @BeforeMethod beforeMethod -->
  <testcase classname="base.BaseTest" name="@BeforeMethod beforeMethod" time="0.0">
    <skipped/>
  </testcase> <!-- @BeforeMethod beforeMethod -->
  <testcase classname="base.BaseTest" name="@BeforeMethod beforeMethod" time="0.0">
    <skipped/>
  </testcase> <!-- @BeforeMethod beforeMethod -->
  <testcase classname="base.BaseTest" name="@BeforeMethod beforeMethod" time="0.0">
    <skipped/>
  </testcase> <!-- @BeforeMethod beforeMethod -->
  <testcase classname="base.BaseTest" name="@BeforeMethod beforeMethod" time="0.0">
    <skipped/>
  </testcase> <!-- @BeforeMethod beforeMethod -->
  <testcase classname="base.BaseTest" name="@BeforeMethod beforeMethod" time="0.0">
    <skipped/>
  </testcase> <!-- @BeforeMethod beforeMethod -->
  <testcase classname="base.BaseTest" name="@BeforeMethod beforeMethod" time="0.0">
    <skipped/>
  </testcase> <!-- @BeforeMethod beforeMethod -->
  <testcase classname="base.BaseTest" name="@BeforeMethod beforeMethod" time="0.0">
    <skipped/>
  </testcase> <!-- @BeforeMethod beforeMethod -->
  <testcase classname="base.BaseTest" name="@BeforeMethod beforeMethod" time="0.0">
    <skipped/>
  </testcase> <!-- @BeforeMethod beforeMethod -->
  <testcase classname="base.BaseTest" name="@BeforeMethod beforeMethod" time="0.0">
    <skipped/>
  </testcase> <!-- @BeforeMethod beforeMethod -->
  <testcase classname="base.BaseTest" name="@BeforeMethod beforeMethod" time="0.0">
    <skipped/>
  </testcase> <!-- @BeforeMethod beforeMethod -->
  <testcase classname="base.BaseTest" name="@BeforeMethod beforeMethod" time="0.0">
    <skipped/>
  </testcase> <!-- @BeforeMethod beforeMethod -->
  <testcase classname="base.BaseTest" name="@BeforeMethod beforeMethod" time="0.0">
    <skipped/>
  </testcase> <!-- @BeforeMethod beforeMethod -->
  <testcase classname="base.BaseTest" name="@BeforeMethod beforeMethod" time="0.0">
    <skipped/>
  </testcase> <!-- @BeforeMethod beforeMethod -->
  <testcase classname="base.BaseTest" name="@BeforeMethod beforeMethod" time="0.0">
    <skipped/>
  </testcase> <!-- @BeforeMethod beforeMethod -->
  <testcase classname="base.BaseTest" name="@BeforeMethod beforeMethod" time="0.0">
    <skipped/>
  </testcase> <!-- @BeforeMethod beforeMethod -->
  <testcase classname="base.BaseTest" name="@BeforeMethod beforeMethod" time="0.0">
    <skipped/>
  </testcase> <!-- @BeforeMethod beforeMethod -->
  <testcase classname="base.BaseTest" name="@BeforeMethod beforeMethod" time="0.0">
    <skipped/>
  </testcase> <!-- @BeforeMethod beforeMethod -->
  <testcase classname="base.BaseTest" name="@BeforeMethod beforeMethod" time="0.0">
    <skipped/>
  </testcase> <!-- @BeforeMethod beforeMethod -->
  <testcase classname="base.BaseTest" name="@BeforeMethod beforeMethod" time="0.0">
    <skipped/>
  </testcase> <!-- @BeforeMethod beforeMethod -->
  <testcase classname="base.BaseTest" name="@BeforeMethod beforeMethod" time="0.0">
    <skipped/>
  </testcase> <!-- @BeforeMethod beforeMethod -->
  <testcase classname="base.BaseTest" name="@BeforeMethod beforeMethod" time="0.0">
    <skipped/>
  </testcase> <!-- @BeforeMethod beforeMethod -->
  <testcase classname="base.BaseTest" name="@BeforeMethod beforeMethod" time="0.0">
    <skipped/>
  </testcase> <!-- @BeforeMethod beforeMethod -->
  <testcase classname="base.BaseTest" name="@BeforeMethod beforeMethod" time="0.0">
    <skipped/>
  </testcase> <!-- @BeforeMethod beforeMethod -->
  <testcase classname="base.BaseTest" name="@BeforeMethod beforeMethod" time="0.0">
    <skipped/>
  </testcase> <!-- @BeforeMethod beforeMethod -->
  <testcase classname="base.BaseTest" name="@BeforeMethod beforeMethod" time="0.0">
    <skipped/>
  </testcase> <!-- @BeforeMethod beforeMethod -->
  <testcase classname="base.BaseTest" name="@BeforeMethod beforeMethod" time="0.0">
    <skipped/>
  </testcase> <!-- @BeforeMethod beforeMethod -->
  <testcase classname="base.BaseTest" name="@BeforeMethod beforeMethod" time="0.0">
    <skipped/>
  </testcase> <!-- @BeforeMethod beforeMethod -->
  <testcase classname="base.BaseTest" name="@BeforeMethod beforeMethod" time="0.0">
    <skipped/>
  </testcase> <!-- @BeforeMethod beforeMethod -->
  <testcase classname="base.BaseTest" name="@BeforeMethod beforeMethod" time="0.0">
    <skipped/>
  </testcase> <!-- @BeforeMethod beforeMethod -->
  <testcase classname="base.BaseTest" name="@BeforeMethod beforeMethod" time="0.0">
    <skipped/>
  </testcase> <!-- @BeforeMethod beforeMethod -->
  <testcase classname="base.BaseTest" name="@BeforeMethod beforeMethod" time="0.0">
    <skipped/>
  </testcase> <!-- @BeforeMethod beforeMethod -->
  <testcase classname="testClasses.LoginTest" name="NoUser_Login" time="7.47"/>
  <testcase classname="testClasses.LoginTest" name="valid_Login" time="40.056"/>
  <testcase classname="testClasses.LoginTest" name="launchApp_already_LoggedIn_User" time="26.272"/>
  <testcase classname="testClasses.LoginTest" name="userName_Field_Blank" time="16.025"/>
  <testcase classname="testClasses.LoginTest" name="password_Field_Blank" time="15.162"/>
  <testcase classname="testClasses.LoginTest" name="invalid_Username_Login" time="20.738"/>
  <testcase classname="testClasses.UnsubscribedUserTest" name="UnsubscribedUser" time="4.053">
    <failure type="org.openqa.selenium.NoSuchElementException" message="An element could not be located on the page using the given search parameters.
For documentation on this error, please visit: http://seleniumhq.org/exceptions/no_such_element.html
Build info: version: &amp;apos;3.5.3&amp;apos;, revision: &amp;apos;a88d25fe6b&amp;apos;, time: &amp;apos;2017-08-29T12:42:44.417Z&amp;apos;
System info: host: &amp;apos;DESKTOP-BGPMGNP&amp;apos;, ip: &amp;apos;192.168.29.70&amp;apos;, os.name: &amp;apos;Windows 11&amp;apos;, os.arch: &amp;apos;amd64&amp;apos;, os.version: &amp;apos;10.0&amp;apos;, java.version: &amp;apos;20.0.1&amp;apos;
Driver info: io.appium.java_client.android.AndroidDriver
Capabilities [{app=C:\Users\Itsqe\eclipse-workspace\AppiumRiverComics\RiverComicsAPK\base.apk, appPackage=com.river.comics.us, deviceScreenSize=1080x2220, networkConnectionEnabled=true, statBarHeight=66, warnings={}, viewportRect={top=66, left=0, width=1080, height=2022}, databaseEnabled=false, deviceName=emulator-5554, platform=LINUX, deviceUDID=emulator-5554, desired={app=C:\Users\Itsqe\eclipse-workspace\AppiumRiverComics\RiverComicsAPK\base.apk, platformVersion=11.0, automationName=Appium, platformName=Android, deviceName=Pixel 3a API 30}, platformVersion=11, pixelRatio=2.75, webStorageEnabled=false, locationContextEnabled=false, automationName=Appium, takesScreenshot=true, javascriptEnabled=true, deviceScreenDensity=440, deviceModel=sdk_gphone_x86, deviceApiLevel=30, deviceManufacturer=Google, platformName=LINUX}]
Session ID: 82f0bbb6-45f0-44a1-9859-850f4b956eae
*** Element info: {Using=id, value=com.river.comics.us:id/etEmail}">
      <![CDATA[org.openqa.selenium.NoSuchElementException: An element could not be located on the page using the given search parameters.
For documentation on this error, please visit: http://seleniumhq.org/exceptions/no_such_element.html
Build info: version: '3.5.3', revision: 'a88d25fe6b', time: '2017-08-29T12:42:44.417Z'
System info: host: 'DESKTOP-BGPMGNP', ip: '192.168.29.70', os.name: 'Windows 11', os.arch: 'amd64', os.version: '10.0', java.version: '20.0.1'
Driver info: io.appium.java_client.android.AndroidDriver
Capabilities [{app=C:\Users\Itsqe\eclipse-workspace\AppiumRiverComics\RiverComicsAPK\base.apk, appPackage=com.river.comics.us, deviceScreenSize=1080x2220, networkConnectionEnabled=true, statBarHeight=66, warnings={}, viewportRect={top=66, left=0, width=1080, height=2022}, databaseEnabled=false, deviceName=emulator-5554, platform=LINUX, deviceUDID=emulator-5554, desired={app=C:\Users\Itsqe\eclipse-workspace\AppiumRiverComics\RiverComicsAPK\base.apk, platformVersion=11.0, automationName=Appium, platformName=Android, deviceName=Pixel 3a API 30}, platformVersion=11, pixelRatio=2.75, webStorageEnabled=false, locationContextEnabled=false, automationName=Appium, takesScreenshot=true, javascriptEnabled=true, deviceScreenDensity=440, deviceModel=sdk_gphone_x86, deviceApiLevel=30, deviceManufacturer=Google, platformName=LINUX}]
Session ID: 82f0bbb6-45f0-44a1-9859-850f4b956eae
*** Element info: {Using=id, value=com.river.comics.us:id/etEmail}
	at org.openqa.selenium.remote.http.W3CHttpResponseCodec.createException(W3CHttpResponseCodec.java:185)
	at org.openqa.selenium.remote.http.W3CHttpResponseCodec.decode(W3CHttpResponseCodec.java:120)
	at org.openqa.selenium.remote.http.W3CHttpResponseCodec.decode(W3CHttpResponseCodec.java:49)
	at org.openqa.selenium.remote.HttpCommandExecutor.execute(HttpCommandExecutor.java:164)
	at io.appium.java_client.remote.AppiumCommandExecutor.execute(AppiumCommandExecutor.java:52)
	at org.openqa.selenium.remote.RemoteWebDriver.execute(RemoteWebDriver.java:646)
	at io.appium.java_client.DefaultGenericMobileDriver.execute(DefaultGenericMobileDriver.java:42)
	at io.appium.java_client.AppiumDriver.execute(AppiumDriver.java:1)
	at io.appium.java_client.android.AndroidDriver.execute(AndroidDriver.java:1)
	at org.openqa.selenium.remote.RemoteWebDriver.findElement(RemoteWebDriver.java:416)
	at org.openqa.selenium.remote.RemoteWebDriver.findElementById(RemoteWebDriver.java:462)
	at io.appium.java_client.DefaultGenericMobileDriver.findElementById(DefaultGenericMobileDriver.java:62)
	at io.appium.java_client.AppiumDriver.findElementById(AppiumDriver.java:1)
	at io.appium.java_client.android.AndroidDriver.findElementById(AndroidDriver.java:1)
	at org.openqa.selenium.By$ById.findElement(By.java:218)
	at org.openqa.selenium.remote.RemoteWebDriver.findElement(RemoteWebDriver.java:408)
	at io.appium.java_client.DefaultGenericMobileDriver.findElement(DefaultGenericMobileDriver.java:52)
	at io.appium.java_client.AppiumDriver.findElement(AppiumDriver.java:1)
	at io.appium.java_client.android.AndroidDriver.findElement(AndroidDriver.java:1)
	at base.BasePage.sendKeys(BasePage.java:65)
	at pageObjects.Login.enterUserName(Login.java:55)
	at pageObjects.Login.validate_Login(Login.java:81)
	at testClasses.UnsubscribedUserTest.UnsubscribedUser(UnsubscribedUserTest.java:21)
... Removed 31 stack frames]]>
    </failure>
  </testcase> <!-- UnsubscribedUser -->
  <testcase classname="testClasses.LoginTest" name="invalid_Password_Login" time="21.486"/>
  <testcase classname="testClasses.LoginTest" name="decrypted_Password" time="21.349"/>
  <testcase classname="testClasses.SubscribedUserTest" name="subscribedUser" time="4.083">
    <failure type="org.openqa.selenium.NoSuchElementException" message="An element could not be located on the page using the given search parameters.
For documentation on this error, please visit: http://seleniumhq.org/exceptions/no_such_element.html
Build info: version: &amp;apos;3.5.3&amp;apos;, revision: &amp;apos;a88d25fe6b&amp;apos;, time: &amp;apos;2017-08-29T12:42:44.417Z&amp;apos;
System info: host: &amp;apos;DESKTOP-BGPMGNP&amp;apos;, ip: &amp;apos;192.168.29.70&amp;apos;, os.name: &amp;apos;Windows 11&amp;apos;, os.arch: &amp;apos;amd64&amp;apos;, os.version: &amp;apos;10.0&amp;apos;, java.version: &amp;apos;20.0.1&amp;apos;
Driver info: io.appium.java_client.android.AndroidDriver
Capabilities [{app=C:\Users\Itsqe\eclipse-workspace\AppiumRiverComics\RiverComicsAPK\base.apk, appPackage=com.river.comics.us, deviceScreenSize=1080x2220, networkConnectionEnabled=true, statBarHeight=66, warnings={}, viewportRect={top=66, left=0, width=1080, height=2022}, databaseEnabled=false, deviceName=emulator-5554, platform=LINUX, deviceUDID=emulator-5554, desired={app=C:\Users\Itsqe\eclipse-workspace\AppiumRiverComics\RiverComicsAPK\base.apk, platformVersion=11.0, automationName=Appium, platformName=Android, deviceName=Pixel 3a API 30}, platformVersion=11, pixelRatio=2.75, webStorageEnabled=false, locationContextEnabled=false, automationName=Appium, takesScreenshot=true, javascriptEnabled=true, deviceScreenDensity=440, deviceModel=sdk_gphone_x86, deviceApiLevel=30, deviceManufacturer=Google, platformName=LINUX}]
Session ID: 82f0bbb6-45f0-44a1-9859-850f4b956eae
*** Element info: {Using=id, value=com.river.comics.us:id/etEmail}">
      <![CDATA[org.openqa.selenium.NoSuchElementException: An element could not be located on the page using the given search parameters.
For documentation on this error, please visit: http://seleniumhq.org/exceptions/no_such_element.html
Build info: version: '3.5.3', revision: 'a88d25fe6b', time: '2017-08-29T12:42:44.417Z'
System info: host: 'DESKTOP-BGPMGNP', ip: '192.168.29.70', os.name: 'Windows 11', os.arch: 'amd64', os.version: '10.0', java.version: '20.0.1'
Driver info: io.appium.java_client.android.AndroidDriver
Capabilities [{app=C:\Users\Itsqe\eclipse-workspace\AppiumRiverComics\RiverComicsAPK\base.apk, appPackage=com.river.comics.us, deviceScreenSize=1080x2220, networkConnectionEnabled=true, statBarHeight=66, warnings={}, viewportRect={top=66, left=0, width=1080, height=2022}, databaseEnabled=false, deviceName=emulator-5554, platform=LINUX, deviceUDID=emulator-5554, desired={app=C:\Users\Itsqe\eclipse-workspace\AppiumRiverComics\RiverComicsAPK\base.apk, platformVersion=11.0, automationName=Appium, platformName=Android, deviceName=Pixel 3a API 30}, platformVersion=11, pixelRatio=2.75, webStorageEnabled=false, locationContextEnabled=false, automationName=Appium, takesScreenshot=true, javascriptEnabled=true, deviceScreenDensity=440, deviceModel=sdk_gphone_x86, deviceApiLevel=30, deviceManufacturer=Google, platformName=LINUX}]
Session ID: 82f0bbb6-45f0-44a1-9859-850f4b956eae
*** Element info: {Using=id, value=com.river.comics.us:id/etEmail}
	at org.openqa.selenium.remote.http.W3CHttpResponseCodec.createException(W3CHttpResponseCodec.java:185)
	at org.openqa.selenium.remote.http.W3CHttpResponseCodec.decode(W3CHttpResponseCodec.java:120)
	at org.openqa.selenium.remote.http.W3CHttpResponseCodec.decode(W3CHttpResponseCodec.java:49)
	at org.openqa.selenium.remote.HttpCommandExecutor.execute(HttpCommandExecutor.java:164)
	at io.appium.java_client.remote.AppiumCommandExecutor.execute(AppiumCommandExecutor.java:52)
	at org.openqa.selenium.remote.RemoteWebDriver.execute(RemoteWebDriver.java:646)
	at io.appium.java_client.DefaultGenericMobileDriver.execute(DefaultGenericMobileDriver.java:42)
	at io.appium.java_client.AppiumDriver.execute(AppiumDriver.java:1)
	at io.appium.java_client.android.AndroidDriver.execute(AndroidDriver.java:1)
	at org.openqa.selenium.remote.RemoteWebDriver.findElement(RemoteWebDriver.java:416)
	at org.openqa.selenium.remote.RemoteWebDriver.findElementById(RemoteWebDriver.java:462)
	at io.appium.java_client.DefaultGenericMobileDriver.findElementById(DefaultGenericMobileDriver.java:62)
	at io.appium.java_client.AppiumDriver.findElementById(AppiumDriver.java:1)
	at io.appium.java_client.android.AndroidDriver.findElementById(AndroidDriver.java:1)
	at org.openqa.selenium.By$ById.findElement(By.java:218)
	at org.openqa.selenium.remote.RemoteWebDriver.findElement(RemoteWebDriver.java:408)
	at io.appium.java_client.DefaultGenericMobileDriver.findElement(DefaultGenericMobileDriver.java:52)
	at io.appium.java_client.AppiumDriver.findElement(AppiumDriver.java:1)
	at io.appium.java_client.android.AndroidDriver.findElement(AndroidDriver.java:1)
	at base.BasePage.sendKeys(BasePage.java:65)
	at pageObjects.Login.enterUserName(Login.java:55)
	at pageObjects.Login.validate_Login(Login.java:81)
	at testClasses.SubscribedUserTest.subscribedUser(SubscribedUserTest.java:20)
... Removed 31 stack frames]]>
    </failure>
  </testcase> <!-- subscribedUser -->
  <testcase classname="testClasses.LoginTest" name="encrypted_Password" time="27.298"/>
  <testcase classname="testClasses.LoginTest" name="non_Registered_Email" time="21.349"/>
  <testcase classname="testClasses.LoginTest" name="deleted_Account_Login" time="19.892"/>
  <testcase classname="testClasses.ForgotPasswordTest" name="forgetPasswordPageOpensUp" time="14.169"/>
  <testcase classname="testClasses.ForgotPasswordTest" name="EmailField_Blank" time="13.95"/>
  <testcase classname="testClasses.ForgotPasswordTest" name="enterspaces_EmailField" time="18.65"/>
  <testcase classname="testClasses.ForgotPasswordTest" name="invalidEmail" time="19.078"/>
  <testcase classname="testClasses.ForgotPasswordTest" name="unregisteredEmail" time="18.47"/>
  <testcase classname="testClasses.ForgotPasswordTest" name="registeredEmail" time="19.849"/>
  <testcase classname="testClasses.ForgotPasswordTest" name="validateEmailReceived" time="19.549"/>
  <testcase classname="testClasses.HumburgerMenuTest" name="validateUnsubscribe_UsernameLogo" time="38.898"/>
  <testcase classname="testClasses.HumburgerMenuTest" name="refreshPageOnTap" time="34.289">
    <failure type="org.openqa.selenium.WebDriverException" message="An unknown server-side error occurred while processing the command. Original error: Could not proxy command to the remote server. Original error: socket hang up
Build info: version: &amp;apos;3.5.3&amp;apos;, revision: &amp;apos;a88d25fe6b&amp;apos;, time: &amp;apos;2017-08-29T12:42:44.417Z&amp;apos;
System info: host: &amp;apos;DESKTOP-BGPMGNP&amp;apos;, ip: &amp;apos;192.168.29.70&amp;apos;, os.name: &amp;apos;Windows 11&amp;apos;, os.arch: &amp;apos;amd64&amp;apos;, os.version: &amp;apos;10.0&amp;apos;, java.version: &amp;apos;20.0.1&amp;apos;
Driver info: io.appium.java_client.android.AndroidDriver
Capabilities [{app=C:\Users\Itsqe\eclipse-workspace\AppiumRiverComics\RiverComicsAPK\base.apk, appPackage=com.river.comics.us, deviceScreenSize=1080x2220, networkConnectionEnabled=true, statBarHeight=66, warnings={}, viewportRect={top=66, left=0, width=1080, height=2022}, databaseEnabled=false, deviceName=emulator-5554, platform=LINUX, deviceUDID=emulator-5554, desired={app=C:\Users\Itsqe\eclipse-workspace\AppiumRiverComics\RiverComicsAPK\base.apk, platformVersion=11.0, automationName=Appium, platformName=Android, deviceName=Pixel 3a API 30}, platformVersion=11, pixelRatio=2.75, webStorageEnabled=false, locationContextEnabled=false, automationName=Appium, takesScreenshot=true, javascriptEnabled=true, deviceScreenDensity=440, deviceModel=sdk_gphone_x86, deviceApiLevel=30, deviceManufacturer=Google, platformName=LINUX}]
Session ID: 82f0bbb6-45f0-44a1-9859-850f4b956eae
*** Element info: {Using=xpath, value=/hierarchy/android.widget.FrameLayout/android.widget.LinearLayout/android.widget.FrameLayout/android.view.ViewGroup/android.widget.ProgressBar}">
      <![CDATA[org.openqa.selenium.WebDriverException: An unknown server-side error occurred while processing the command. Original error: Could not proxy command to the remote server. Original error: socket hang up
Build info: version: '3.5.3', revision: 'a88d25fe6b', time: '2017-08-29T12:42:44.417Z'
System info: host: 'DESKTOP-BGPMGNP', ip: '192.168.29.70', os.name: 'Windows 11', os.arch: 'amd64', os.version: '10.0', java.version: '20.0.1'
Driver info: io.appium.java_client.android.AndroidDriver
Capabilities [{app=C:\Users\Itsqe\eclipse-workspace\AppiumRiverComics\RiverComicsAPK\base.apk, appPackage=com.river.comics.us, deviceScreenSize=1080x2220, networkConnectionEnabled=true, statBarHeight=66, warnings={}, viewportRect={top=66, left=0, width=1080, height=2022}, databaseEnabled=false, deviceName=emulator-5554, platform=LINUX, deviceUDID=emulator-5554, desired={app=C:\Users\Itsqe\eclipse-workspace\AppiumRiverComics\RiverComicsAPK\base.apk, platformVersion=11.0, automationName=Appium, platformName=Android, deviceName=Pixel 3a API 30}, platformVersion=11, pixelRatio=2.75, webStorageEnabled=false, locationContextEnabled=false, automationName=Appium, takesScreenshot=true, javascriptEnabled=true, deviceScreenDensity=440, deviceModel=sdk_gphone_x86, deviceApiLevel=30, deviceManufacturer=Google, platformName=LINUX}]
Session ID: 82f0bbb6-45f0-44a1-9859-850f4b956eae
*** Element info: {Using=xpath, value=/hierarchy/android.widget.FrameLayout/android.widget.LinearLayout/android.widget.FrameLayout/android.view.ViewGroup/android.widget.ProgressBar}
	at org.openqa.selenium.remote.http.W3CHttpResponseCodec.createException(W3CHttpResponseCodec.java:185)
	at org.openqa.selenium.remote.http.W3CHttpResponseCodec.decode(W3CHttpResponseCodec.java:120)
	at org.openqa.selenium.remote.http.W3CHttpResponseCodec.decode(W3CHttpResponseCodec.java:49)
	at org.openqa.selenium.remote.HttpCommandExecutor.execute(HttpCommandExecutor.java:164)
	at io.appium.java_client.remote.AppiumCommandExecutor.execute(AppiumCommandExecutor.java:52)
	at org.openqa.selenium.remote.RemoteWebDriver.execute(RemoteWebDriver.java:646)
	at io.appium.java_client.DefaultGenericMobileDriver.execute(DefaultGenericMobileDriver.java:42)
	at io.appium.java_client.AppiumDriver.execute(AppiumDriver.java:1)
	at io.appium.java_client.android.AndroidDriver.execute(AndroidDriver.java:1)
	at org.openqa.selenium.remote.RemoteWebDriver.findElement(RemoteWebDriver.java:416)
	at org.openqa.selenium.remote.RemoteWebDriver.findElementByXPath(RemoteWebDriver.java:518)
	at io.appium.java_client.DefaultGenericMobileDriver.findElementByXPath(DefaultGenericMobileDriver.java:132)
	at io.appium.java_client.AppiumDriver.findElementByXPath(AppiumDriver.java:1)
	at io.appium.java_client.android.AndroidDriver.findElementByXPath(AndroidDriver.java:1)
	at org.openqa.selenium.By$ByXPath.findElement(By.java:361)
	at org.openqa.selenium.remote.RemoteWebDriver.findElement(RemoteWebDriver.java:408)
	at io.appium.java_client.DefaultGenericMobileDriver.findElement(DefaultGenericMobileDriver.java:52)
	at io.appium.java_client.AppiumDriver.findElement(AppiumDriver.java:1)
	at io.appium.java_client.android.AndroidDriver.findElement(AndroidDriver.java:1)
	at base.BasePage.isElementPresent(BasePage.java:99)
	at pageObjects.Hamburger.isProgressBarPresent(Hamburger.java:302)
	at testClasses.HumburgerMenuTest.refreshPageOnTap(HumburgerMenuTest.java:65)
... Removed 31 stack frames]]>
    </failure>
  </testcase> <!-- refreshPageOnTap -->
  <testcase classname="testClasses.HumburgerMenuTest" name="validateTabs_SubscribeSearchFavourite" time="0.001">
    <skipped/>
  </testcase> <!-- validateTabs_SubscribeSearchFavourite -->
  <testcase classname="testClasses.HumburgerMenuTest" name="planDetailPage_OpensUp" time="0.0">
    <skipped/>
  </testcase> <!-- planDetailPage_OpensUp -->
  <testcase classname="testClasses.HumburgerMenuTest" name="searchTab_OpensUp" time="0.0">
    <skipped/>
  </testcase> <!-- searchTab_OpensUp -->
  <testcase classname="testClasses.HumburgerMenuTest" name="nonExistingDataEnteredIn_HamburgerMenu" time="0.0">
    <skipped/>
  </testcase> <!-- nonExistingDataEnteredIn_HamburgerMenu -->
  <testcase classname="testClasses.HumburgerMenuTest" name="SeriesEpisodeTabOpensUp" time="0.0">
    <skipped/>
  </testcase> <!-- SeriesEpisodeTabOpensUp -->
  <testcase classname="testClasses.HumburgerMenuTest" name="sharePage_PopUpOpensUp" time="0.0">
    <skipped/>
  </testcase> <!-- sharePage_PopUpOpensUp -->
  <testcase classname="testClasses.HumburgerMenuTest" name="settingPage_OpensUp" time="0.0">
    <skipped/>
  </testcase> <!-- settingPage_OpensUp -->
  <testcase classname="testClasses.HumburgerMenuTest" name="selectLanugauge_OpensUp" time="0.0">
    <skipped/>
  </testcase> <!-- selectLanugauge_OpensUp -->
  <testcase classname="testClasses.HumburgerMenuTest" name="selectedLanguage_Appears" time="0.0">
    <skipped/>
  </testcase> <!-- selectedLanguage_Appears -->
  <testcase classname="testClasses.HumburgerMenuTest" name="updateEmail_OpensUp" time="0.0">
    <skipped/>
  </testcase> <!-- updateEmail_OpensUp -->
  <testcase classname="testClasses.HumburgerMenuTest" name="currentEmailBlank_InUpdatedEmail" time="0.0">
    <skipped/>
  </testcase> <!-- currentEmailBlank_InUpdatedEmail -->
  <testcase classname="testClasses.HumburgerMenuTest" name="NonExistingOrInvalidEmail_InUpdatedEmail" time="0.0">
    <skipped/>
  </testcase> <!-- NonExistingOrInvalidEmail_InUpdatedEmail -->
  <testcase classname="testClasses.HumburgerMenuTest" name="updateEmailWith_AlreadyRegisteredEmail" time="0.0">
    <skipped/>
  </testcase> <!-- updateEmailWith_AlreadyRegisteredEmail -->
  <testcase classname="testClasses.HumburgerMenuTest" name="updateEmailWith_NewEmailBlank" time="0.0">
    <skipped/>
  </testcase> <!-- updateEmailWith_NewEmailBlank -->
  <testcase classname="testClasses.HumburgerMenuTest" name="AlreadyRegistered_InAllFields" time="0.0">
    <skipped/>
  </testcase> <!-- AlreadyRegistered_InAllFields -->
  <testcase classname="testClasses.HumburgerMenuTest" name="sameEmailEntered_InCurrentNewEmail" time="0.0">
    <skipped/>
  </testcase> <!-- sameEmailEntered_InCurrentNewEmail -->
  <testcase classname="testClasses.HumburgerMenuTest" name="confirmEmailBlank_InUpdatedEmail" time="0.0">
    <skipped/>
  </testcase> <!-- confirmEmailBlank_InUpdatedEmail -->
  <testcase classname="testClasses.HumburgerMenuTest" name="differentEmail_InNewEmailConfirmEmail" time="0.0">
    <skipped/>
  </testcase> <!-- differentEmail_InNewEmailConfirmEmail -->
  <testcase classname="testClasses.HumburgerMenuTest" name="validateLink_OnRegisteredEmail" time="0.0">
    <skipped/>
  </testcase> <!-- validateLink_OnRegisteredEmail -->
  <testcase classname="testClasses.HumburgerMenuTest" name="enterValidDetailsIn_AllUpdateEmail" time="0.0">
    <skipped/>
  </testcase> <!-- enterValidDetailsIn_AllUpdateEmail -->
  <testcase classname="testClasses.HumburgerMenuTest" name="loginWith_UpdatedEmail" time="0.0">
    <skipped/>
  </testcase> <!-- loginWith_UpdatedEmail -->
  <testcase classname="testClasses.HumburgerMenuTest" name="updatedEmail_UnderLOGO" time="0.0">
    <skipped/>
  </testcase> <!-- updatedEmail_UnderLOGO -->
  <testcase classname="testClasses.HumburgerMenuTest" name="updatePasswordSubtab_OpensUp" time="0.0">
    <skipped/>
  </testcase> <!-- updatePasswordSubtab_OpensUp -->
  <testcase classname="testClasses.HumburgerMenuTest" name="currentPasswordBlank_InUpdatePasswordSubtab" time="0.0">
    <skipped/>
  </testcase> <!-- currentPasswordBlank_InUpdatePasswordSubtab -->
  <testcase classname="testClasses.HumburgerMenuTest" name="invalidPassword_InCurrentPassword" time="0.0">
    <skipped/>
  </testcase> <!-- invalidPassword_InCurrentPassword -->
  <testcase classname="testClasses.HumburgerMenuTest" name="invalidPassword_InNewPassword" time="0.0">
    <skipped/>
  </testcase> <!-- invalidPassword_InNewPassword -->
  <testcase classname="testClasses.HumburgerMenuTest" name="samePassword_InCurrentandNewPassword" time="0.0">
    <skipped/>
  </testcase> <!-- samePassword_InCurrentandNewPassword -->
  <testcase classname="testClasses.HumburgerMenuTest" name="lessThan6_Character_InUpdatePassword" time="0.0">
    <skipped/>
  </testcase> <!-- lessThan6_Character_InUpdatePassword -->
  <testcase classname="testClasses.HumburgerMenuTest" name="diferentPasswords_InNewConfirmField" time="0.0">
    <skipped/>
  </testcase> <!-- diferentPasswords_InNewConfirmField -->
  <testcase classname="testClasses.HumburgerMenuTest" name="confirmNewPassword_Blank" time="0.0">
    <skipped/>
  </testcase> <!-- confirmNewPassword_Blank -->
  <testcase classname="testClasses.HumburgerMenuTest" name="validDetails_WithValidateLoginPassword" time="0.0">
    <skipped/>
  </testcase> <!-- validDetails_WithValidateLoginPassword -->
  <testcase classname="testClasses.HumburgerMenuTest" name="validateDeviceList" time="0.0">
    <skipped/>
  </testcase> <!-- validateDeviceList -->
  <testcase classname="testClasses.HumburgerMenuTest" name="deletePopUp_OpensUp" time="0.0">
    <skipped/>
  </testcase> <!-- deletePopUp_OpensUp -->
  <testcase classname="testClasses.HumburgerMenuTest" name="loginWith_Deleted_Account" time="0.0">
    <skipped/>
  </testcase> <!-- loginWith_Deleted_Account -->
  <testcase classname="testClasses.HumburgerMenuTest" name="selectLanguagePopUpOpensUp" time="0.0">
    <skipped/>
  </testcase> <!-- selectLanguagePopUpOpensUp -->
  <testcase classname="testClasses.HumburgerMenuTest" name="contactUsOpensUp" time="0.0">
    <skipped/>
  </testcase> <!-- contactUsOpensUp -->
  <testcase classname="testClasses.HumburgerMenuTest" name="log_OuT_pageOpensUp" time="0.0">
    <skipped/>
  </testcase> <!-- log_OuT_pageOpensUp -->
  <testcase classname="testClasses.HumburgerMenuTest" name="log_OuT_Success" time="0.0">
    <skipped/>
  </testcase> <!-- log_OuT_Success -->
  <testcase classname="testClasses.HumburgerMenuTest" name="privacy_PoLicy" time="0.0">
    <skipped/>
  </testcase> <!-- privacy_PoLicy -->
  <testcase classname="testClasses.HumburgerMenuTest" name="termsAndConditioN" time="0.0">
    <skipped/>
  </testcase> <!-- termsAndConditioN -->
  <testcase classname="testClasses.PlanDetailPasswordTest" name="verifyUIPlanPage" time="0.0">
    <skipped/>
  </testcase> <!-- verifyUIPlanPage -->
  <testcase classname="testClasses.PlanDetailPasswordTest" name="paymentsPage_OpensUp" time="0.0">
    <skipped/>
  </testcase> <!-- paymentsPage_OpensUp -->
  <testcase classname="testClasses.CategoriesHomePageTest" name="verifyUIHomePage" time="0.0">
    <skipped/>
  </testcase> <!-- verifyUIHomePage -->
  <testcase classname="testClasses.CategoriesHomePageTest" name="verifyFavouriteAndSearchIcon_WithSubscribedUser" time="0.0">
    <skipped/>
  </testcase> <!-- verifyFavouriteAndSearchIcon_WithSubscribedUser -->
  <testcase classname="testClasses.CategoriesHomePageTest" name="verify5Filter" time="0.0">
    <skipped/>
  </testcase> <!-- verify5Filter -->
  <testcase classname="testClasses.CategoriesHomePageTest" name="verifyIntroEpisodes_ComingSoon" time="0.0">
    <skipped/>
  </testcase> <!-- verifyIntroEpisodes_ComingSoon -->
  <testcase classname="testClasses.CategoriesHomePageTest" name="riverComicsOriginalSeries_Appear" time="0.0">
    <skipped/>
  </testcase> <!-- riverComicsOriginalSeries_Appear -->
  <testcase classname="testClasses.CategoriesHomePageTest" name="allSeries_Appear" time="0.0">
    <skipped/>
  </testcase> <!-- allSeries_Appear -->
  <testcase classname="testClasses.CategoriesHomePageTest" name="selectCategoryPopup_Closed" time="0.0">
    <skipped/>
  </testcase> <!-- selectCategoryPopup_Closed -->
  <testcase classname="testClasses.CategoriesHomePageTest" name="seriesDetailPageOpensUp_AND_sharingPopUpAppear" time="0.0">
    <skipped/>
  </testcase> <!-- seriesDetailPageOpensUp_AND_sharingPopUpAppear -->
  <testcase classname="testClasses.CategoriesHomePageTest" name="addRatingPopUpAppear_AND_RatingGetsUpdated" time="0.0">
    <skipped/>
  </testcase> <!-- addRatingPopUpAppear_AND_RatingGetsUpdated -->
  <testcase classname="testClasses.CategoriesHomePageTest" name="verifyFavouriteIcon" time="0.0">
    <skipped/>
  </testcase> <!-- verifyFavouriteIcon -->
  <testcase classname="testClasses.PlanDetailPasswordTest" name="orderSummary" time="0.0">
    <ignored/>
  </testcase> <!-- orderSummary -->
  <testcase classname="testClasses.HumburgerMenuTest" name="delete_Success" time="0.0">
    <ignored/>
  </testcase> <!-- delete_Success -->
  <testcase classname="base.BaseTest" name="@BeforeSuite initialize" time="0.0">
    <ignored/>
  </testcase> <!-- @BeforeSuite initialize -->
  <testcase classname="base.BaseTest" name="@BeforeSuite initialize" time="0.0">
    <ignored/>
  </testcase> <!-- @BeforeSuite initialize -->
  <testcase classname="base.BaseTest" name="@BeforeSuite initialize" time="0.0">
    <ignored/>
  </testcase> <!-- @BeforeSuite initialize -->
  <testcase classname="base.BaseTest" name="@BeforeSuite initialize" time="0.0">
    <ignored/>
  </testcase> <!-- @BeforeSuite initialize -->
  <testcase classname="base.BaseTest" name="@BeforeSuite initialize" time="0.0">
    <ignored/>
  </testcase> <!-- @BeforeSuite initialize -->
  <testcase classname="testClasses.HumburgerMenuTest" name="validateSubscribe_UsernameLogo" time="0.0">
    <ignored/>
  </testcase> <!-- validateSubscribe_UsernameLogo -->
  <testcase classname="testClasses.PlanDetailPasswordTest" name="navigateBackTo_PlanPage" time="0.0">
    <ignored/>
  </testcase> <!-- navigateBackTo_PlanPage -->
  <testcase classname="testClasses.HumburgerMenuTest" name="FAQs" time="0.0">
    <ignored/>
  </testcase> <!-- FAQs -->
  <testcase classname="testClasses.PlanDetailPasswordTest" name="changeLanguage_OpensUp" time="0.0">
    <ignored/>
  </testcase> <!-- changeLanguage_OpensUp -->
  <testcase classname="base.BaseTest" name="@AfterSuite quit" time="0.0">
    <ignored/>
  </testcase> <!-- @AfterSuite quit -->
  <testcase classname="base.BaseTest" name="@AfterSuite quit" time="0.0">
    <ignored/>
  </testcase> <!-- @AfterSuite quit -->
  <testcase classname="base.BaseTest" name="@AfterSuite quit" time="0.0">
    <ignored/>
  </testcase> <!-- @AfterSuite quit -->
  <testcase classname="base.BaseTest" name="@AfterSuite quit" time="0.0">
    <ignored/>
  </testcase> <!-- @AfterSuite quit -->
  <testcase classname="base.BaseTest" name="@AfterSuite quit" time="0.0">
    <ignored/>
  </testcase> <!-- @AfterSuite quit -->
</testsuite> <!-- Surefire test -->
