<?xml version="1.0" encoding="UTF-8"?>
<testsuite xmlns:xsi="http://www.w3.org/2001/XMLSchema-instance" xsi:noNamespaceSchemaLocation="https://maven.apache.org/surefire/maven-surefire-plugin/xsd/surefire-test-report-3.0.xsd" version="3.0" name="TestSuite" time="1.276" tests="157" errors="0" skipped="156" failures="1">
  <properties>
    <property name="java.specification.version" value="17"/>
    <property name="sun.cpu.isalist" value="amd64"/>
    <property name="sun.jnu.encoding" value="Cp1252"/>
    <property name="java.class.path" value="D:\RiverComicsMobile\target\test-classes;D:\RiverComicsMobile\target\classes;C:\Users\SQE Labs\.m2\repository\junit\junit\3.8.1\junit-3.8.1.jar;C:\Users\SQE Labs\.m2\repository\org\seleniumhq\selenium\selenium-java\3.5.3\selenium-java-3.5.3.jar;C:\Users\SQE Labs\.m2\repository\org\seleniumhq\selenium\selenium-api\3.5.3\selenium-api-3.5.3.jar;C:\Users\SQE Labs\.m2\repository\org\seleniumhq\selenium\selenium-chrome-driver\3.5.3\selenium-chrome-driver-3.5.3.jar;C:\Users\SQE Labs\.m2\repository\org\seleniumhq\selenium\selenium-edge-driver\3.5.3\selenium-edge-driver-3.5.3.jar;C:\Users\SQE Labs\.m2\repository\org\seleniumhq\selenium\selenium-firefox-driver\3.5.3\selenium-firefox-driver-3.5.3.jar;C:\Users\SQE Labs\.m2\repository\org\seleniumhq\selenium\selenium-ie-driver\3.5.3\selenium-ie-driver-3.5.3.jar;C:\Users\SQE Labs\.m2\repository\org\seleniumhq\selenium\selenium-opera-driver\3.5.3\selenium-opera-driver-3.5.3.jar;C:\Users\SQE Labs\.m2\repository\org\seleniumhq\selenium\selenium-remote-driver\3.5.3\selenium-remote-driver-3.5.3.jar;C:\Users\SQE Labs\.m2\repository\org\seleniumhq\selenium\selenium-safari-driver\3.5.3\selenium-safari-driver-3.5.3.jar;C:\Users\SQE Labs\.m2\repository\org\seleniumhq\selenium\selenium-support\3.5.3\selenium-support-3.5.3.jar;C:\Users\SQE Labs\.m2\repository\cglib\cglib-nodep\3.2.4\cglib-nodep-3.2.4.jar;C:\Users\SQE Labs\.m2\repository\org\apache\commons\commons-exec\1.3\commons-exec-1.3.jar;C:\Users\SQE Labs\.m2\repository\org\apache\commons\commons-lang3\3.5\commons-lang3-3.5.jar;C:\Users\SQE Labs\.m2\repository\commons-codec\commons-codec\1.10\commons-codec-1.10.jar;C:\Users\SQE Labs\.m2\repository\commons-io\commons-io\2.5\commons-io-2.5.jar;C:\Users\SQE Labs\.m2\repository\commons-logging\commons-logging\1.2\commons-logging-1.2.jar;C:\Users\SQE Labs\.m2\repository\org\w3c\css\sac\1.3\sac-1.3.jar;C:\Users\SQE Labs\.m2\repository\net\sourceforge\cssparser\cssparser\0.9.23\cssparser-0.9.23.jar;C:\Users\SQE Labs\.m2\repository\com\google\code\gson\gson\2.8.0\gson-2.8.0.jar;C:\Users\SQE Labs\.m2\repository\com\google\guava\guava\23.0\guava-23.0.jar;C:\Users\SQE Labs\.m2\repository\com\google\code\findbugs\jsr305\1.3.9\jsr305-1.3.9.jar;C:\Users\SQE Labs\.m2\repository\com\google\errorprone\error_prone_annotations\2.0.18\error_prone_annotations-2.0.18.jar;C:\Users\SQE Labs\.m2\repository\com\google\j2objc\j2objc-annotations\1.1\j2objc-annotations-1.1.jar;C:\Users\SQE Labs\.m2\repository\org\codehaus\mojo\animal-sniffer-annotations\1.14\animal-sniffer-annotations-1.14.jar;C:\Users\SQE Labs\.m2\repository\org\hamcrest\hamcrest-core\1.3\hamcrest-core-1.3.jar;C:\Users\SQE Labs\.m2\repository\net\sourceforge\htmlunit\htmlunit\2.27\htmlunit-2.27.jar;C:\Users\SQE Labs\.m2\repository\net\sourceforge\htmlunit\htmlunit-core-js\2.27\htmlunit-core-js-2.27.jar;C:\Users\SQE Labs\.m2\repository\net\sourceforge\htmlunit\neko-htmlunit\2.27\neko-htmlunit-2.27.jar;C:\Users\SQE Labs\.m2\repository\org\apache\httpcomponents\httpclient\4.5.3\httpclient-4.5.3.jar;C:\Users\SQE Labs\.m2\repository\org\apache\httpcomponents\httpcore\4.4.6\httpcore-4.4.6.jar;C:\Users\SQE Labs\.m2\repository\org\apache\httpcomponents\httpmime\4.5.3\httpmime-4.5.3.jar;C:\Users\SQE Labs\.m2\repository\org\eclipse\jetty\jetty-client\9.4.5.v20170502\jetty-client-9.4.5.v20170502.jar;C:\Users\SQE Labs\.m2\repository\org\eclipse\jetty\jetty-http\9.4.5.v20170502\jetty-http-9.4.5.v20170502.jar;C:\Users\SQE Labs\.m2\repository\org\eclipse\jetty\jetty-io\9.4.5.v20170502\jetty-io-9.4.5.v20170502.jar;C:\Users\SQE Labs\.m2\repository\org\eclipse\jetty\jetty-util\9.4.5.v20170502\jetty-util-9.4.5.v20170502.jar;C:\Users\SQE Labs\.m2\repository\net\java\dev\jna\jna\4.1.0\jna-4.1.0.jar;C:\Users\SQE Labs\.m2\repository\net\java\dev\jna\jna-platform\4.1.0\jna-platform-4.1.0.jar;C:\Users\SQE Labs\.m2\repository\com\codeborne\phantomjsdriver\1.4.0\phantomjsdriver-1.4.0.jar;C:\Users\SQE Labs\.m2\repository\org\seleniumhq\selenium\htmlunit-driver\2.27\htmlunit-driver-2.27.jar;C:\Users\SQE Labs\.m2\repository\javax\servlet\javax.servlet-api\3.1.0\javax.servlet-api-3.1.0.jar;C:\Users\SQE Labs\.m2\repository\org\eclipse\jetty\websocket\websocket-api\9.4.5.v20170502\websocket-api-9.4.5.v20170502.jar;C:\Users\SQE Labs\.m2\repository\org\eclipse\jetty\websocket\websocket-client\9.4.5.v20170502\websocket-client-9.4.5.v20170502.jar;C:\Users\SQE Labs\.m2\repository\org\eclipse\jetty\websocket\websocket-common\9.4.5.v20170502\websocket-common-9.4.5.v20170502.jar;C:\Users\SQE Labs\.m2\repository\xalan\serializer\2.7.2\serializer-2.7.2.jar;C:\Users\SQE Labs\.m2\repository\xalan\xalan\2.7.2\xalan-2.7.2.jar;C:\Users\SQE Labs\.m2\repository\xerces\xercesImpl\2.11.0\xercesImpl-2.11.0.jar;C:\Users\SQE Labs\.m2\repository\xml-apis\xml-apis\1.4.01\xml-apis-1.4.01.jar;C:\Users\SQE Labs\.m2\repository\org\testng\testng\6.11\testng-6.11.jar;C:\Users\SQE Labs\.m2\repository\com\beust\jcommander\1.64\jcommander-1.64.jar;C:\Users\SQE Labs\.m2\repository\org\yaml\snakeyaml\1.17\snakeyaml-1.17.jar;C:\Users\SQE Labs\.m2\repository\io\github\bonigarcia\webdrivermanager\5.1.0\webdrivermanager-5.1.0.jar;C:\Users\SQE Labs\.m2\repository\org\slf4j\slf4j-api\1.7.36\slf4j-api-1.7.36.jar;C:\Users\SQE Labs\.m2\repository\com\github\docker-java\docker-java\3.2.13\docker-java-3.2.13.jar;C:\Users\SQE Labs\.m2\repository\com\github\docker-java\docker-java-core\3.2.13\docker-java-core-3.2.13.jar;C:\Users\SQE Labs\.m2\repository\com\github\docker-java\docker-java-api\3.2.13\docker-java-api-3.2.13.jar;C:\Users\SQE Labs\.m2\repository\com\fasterxml\jackson\core\jackson-annotations\2.10.3\jackson-annotations-2.10.3.jar;C:\Users\SQE Labs\.m2\repository\com\fasterxml\jackson\core\jackson-databind\2.10.3\jackson-databind-2.10.3.jar;C:\Users\SQE Labs\.m2\repository\com\fasterxml\jackson\core\jackson-core\2.10.3\jackson-core-2.10.3.jar;C:\Users\SQE Labs\.m2\repository\org\bouncycastle\bcpkix-jdk15on\1.64\bcpkix-jdk15on-1.64.jar;C:\Users\SQE Labs\.m2\repository\org\bouncycastle\bcprov-jdk15on\1.64\bcprov-jdk15on-1.64.jar;C:\Users\SQE Labs\.m2\repository\org\slf4j\jcl-over-slf4j\1.7.30\jcl-over-slf4j-1.7.30.jar;C:\Users\SQE Labs\.m2\repository\com\github\docker-java\docker-java-transport-httpclient5\3.2.13\docker-java-transport-httpclient5-3.2.13.jar;C:\Users\SQE Labs\.m2\repository\com\github\docker-java\docker-java-transport\3.2.13\docker-java-transport-3.2.13.jar;C:\Users\SQE Labs\.m2\repository\org\apache\httpcomponents\client5\httpclient5\5.0.3\httpclient5-5.0.3.jar;C:\Users\SQE Labs\.m2\repository\org\apache\httpcomponents\core5\httpcore5\5.0.2\httpcore5-5.0.2.jar;C:\Users\SQE Labs\.m2\repository\org\brotli\dec\0.1.2\dec-0.1.2.jar;C:\Users\SQE Labs\.m2\repository\io\appium\java-client\3.2.0\java-client-3.2.0.jar;C:\Users\SQE Labs\.m2\repository\cglib\cglib\3.1\cglib-3.1.jar;C:\Users\SQE Labs\.m2\repository\org\ow2\asm\asm\4.2\asm-4.2.jar;C:\Users\SQE Labs\.m2\repository\commons-validator\commons-validator\1.4.1\commons-validator-1.4.1.jar;C:\Users\SQE Labs\.m2\repository\commons-beanutils\commons-beanutils\1.8.3\commons-beanutils-1.8.3.jar;C:\Users\SQE Labs\.m2\repository\commons-digester\commons-digester\1.8.1\commons-digester-1.8.1.jar;C:\Users\SQE Labs\.m2\repository\commons-collections\commons-collections\3.2.1\commons-collections-3.2.1.jar;C:\Users\SQE Labs\.m2\repository\com\relevantcodes\extentreports\2.41.2\extentreports-2.41.2.jar;C:\Users\SQE Labs\.m2\repository\org\jsoup\jsoup\1.8.3\jsoup-1.8.3.jar;C:\Users\SQE Labs\.m2\repository\org\xerial\sqlite-jdbc\3.8.11.1\sqlite-jdbc-3.8.11.1.jar;C:\Users\SQE Labs\.m2\repository\org\freemarker\freemarker\2.3.23\freemarker-2.3.23.jar;C:\Users\SQE Labs\.m2\repository\org\mongodb\mongodb-driver\3.0.4\mongodb-driver-3.0.4.jar;C:\Users\SQE Labs\.m2\repository\org\mongodb\mongodb-driver-core\3.0.4\mongodb-driver-core-3.0.4.jar;C:\Users\SQE Labs\.m2\repository\org\apache\poi\poi\4.1.2\poi-4.1.2.jar;C:\Users\SQE Labs\.m2\repository\org\apache\commons\commons-collections4\4.4\commons-collections4-4.4.jar;C:\Users\SQE Labs\.m2\repository\org\apache\commons\commons-math3\3.6.1\commons-math3-3.6.1.jar;C:\Users\SQE Labs\.m2\repository\com\zaxxer\SparseBitSet\1.2\SparseBitSet-1.2.jar;C:\Users\SQE Labs\.m2\repository\org\apache\poi\poi-ooxml\4.1.2\poi-ooxml-4.1.2.jar;C:\Users\SQE Labs\.m2\repository\org\apache\poi\poi-ooxml-schemas\4.1.2\poi-ooxml-schemas-4.1.2.jar;C:\Users\SQE Labs\.m2\repository\org\apache\xmlbeans\xmlbeans\3.1.0\xmlbeans-3.1.0.jar;C:\Users\SQE Labs\.m2\repository\org\apache\commons\commons-compress\1.19\commons-compress-1.19.jar;C:\Users\SQE Labs\.m2\repository\com\github\virtuald\curvesapi\1.06\curvesapi-1.06.jar;C:\Users\SQE Labs\.m2\repository\com\aventstack\extentreports\4.0.9\extentreports-4.0.9.jar;C:\Users\SQE Labs\.m2\repository\org\mongodb\bson\3.3.0\bson-3.3.0.jar;"/>
    <property name="java.vm.vendor" value="Eclipse Adoptium"/>
    <property name="sun.arch.data.model" value="64"/>
    <property name="user.variant" value=""/>
    <property name="java.vendor.url" value="https://adoptium.net/"/>
    <property name="user.timezone" value="Asia/Calcutta"/>
    <property name="os.name" value="Windows 11"/>
    <property name="java.vm.specification.version" value="17"/>
    <property name="sun.java.launcher" value="SUN_STANDARD"/>
    <property name="user.country" value="US"/>
    <property name="sun.boot.library.path" value="C:\Users\SQE Labs\.p2\pool\plugins\org.eclipse.justj.openjdk.hotspot.jre.full.win32.x86_64_17.0.5.v20221102-0933\jre\bin"/>
    <property name="sun.java.command" value="C:\Users\SQE Labs\AppData\Local\Temp\surefire16824324553059170073\surefirebooter17412179849392350315.jar C:\Users\SQE Labs\AppData\Local\Temp\surefire16824324553059170073 2023-08-31T16-01-37_435-jvmRun1 surefire11475939612515046366tmp surefire_011177194480810628149tmp"/>
    <property name="jdk.debug" value="release"/>
    <property name="surefire.test.class.path" value="D:\RiverComicsMobile\target\test-classes;D:\RiverComicsMobile\target\classes;C:\Users\SQE Labs\.m2\repository\junit\junit\3.8.1\junit-3.8.1.jar;C:\Users\SQE Labs\.m2\repository\org\seleniumhq\selenium\selenium-java\3.5.3\selenium-java-3.5.3.jar;C:\Users\SQE Labs\.m2\repository\org\seleniumhq\selenium\selenium-api\3.5.3\selenium-api-3.5.3.jar;C:\Users\SQE Labs\.m2\repository\org\seleniumhq\selenium\selenium-chrome-driver\3.5.3\selenium-chrome-driver-3.5.3.jar;C:\Users\SQE Labs\.m2\repository\org\seleniumhq\selenium\selenium-edge-driver\3.5.3\selenium-edge-driver-3.5.3.jar;C:\Users\SQE Labs\.m2\repository\org\seleniumhq\selenium\selenium-firefox-driver\3.5.3\selenium-firefox-driver-3.5.3.jar;C:\Users\SQE Labs\.m2\repository\org\seleniumhq\selenium\selenium-ie-driver\3.5.3\selenium-ie-driver-3.5.3.jar;C:\Users\SQE Labs\.m2\repository\org\seleniumhq\selenium\selenium-opera-driver\3.5.3\selenium-opera-driver-3.5.3.jar;C:\Users\SQE Labs\.m2\repository\org\seleniumhq\selenium\selenium-remote-driver\3.5.3\selenium-remote-driver-3.5.3.jar;C:\Users\SQE Labs\.m2\repository\org\seleniumhq\selenium\selenium-safari-driver\3.5.3\selenium-safari-driver-3.5.3.jar;C:\Users\SQE Labs\.m2\repository\org\seleniumhq\selenium\selenium-support\3.5.3\selenium-support-3.5.3.jar;C:\Users\SQE Labs\.m2\repository\cglib\cglib-nodep\3.2.4\cglib-nodep-3.2.4.jar;C:\Users\SQE Labs\.m2\repository\org\apache\commons\commons-exec\1.3\commons-exec-1.3.jar;C:\Users\SQE Labs\.m2\repository\org\apache\commons\commons-lang3\3.5\commons-lang3-3.5.jar;C:\Users\SQE Labs\.m2\repository\commons-codec\commons-codec\1.10\commons-codec-1.10.jar;C:\Users\SQE Labs\.m2\repository\commons-io\commons-io\2.5\commons-io-2.5.jar;C:\Users\SQE Labs\.m2\repository\commons-logging\commons-logging\1.2\commons-logging-1.2.jar;C:\Users\SQE Labs\.m2\repository\org\w3c\css\sac\1.3\sac-1.3.jar;C:\Users\SQE Labs\.m2\repository\net\sourceforge\cssparser\cssparser\0.9.23\cssparser-0.9.23.jar;C:\Users\SQE Labs\.m2\repository\com\google\code\gson\gson\2.8.0\gson-2.8.0.jar;C:\Users\SQE Labs\.m2\repository\com\google\guava\guava\23.0\guava-23.0.jar;C:\Users\SQE Labs\.m2\repository\com\google\code\findbugs\jsr305\1.3.9\jsr305-1.3.9.jar;C:\Users\SQE Labs\.m2\repository\com\google\errorprone\error_prone_annotations\2.0.18\error_prone_annotations-2.0.18.jar;C:\Users\SQE Labs\.m2\repository\com\google\j2objc\j2objc-annotations\1.1\j2objc-annotations-1.1.jar;C:\Users\SQE Labs\.m2\repository\org\codehaus\mojo\animal-sniffer-annotations\1.14\animal-sniffer-annotations-1.14.jar;C:\Users\SQE Labs\.m2\repository\org\hamcrest\hamcrest-core\1.3\hamcrest-core-1.3.jar;C:\Users\SQE Labs\.m2\repository\net\sourceforge\htmlunit\htmlunit\2.27\htmlunit-2.27.jar;C:\Users\SQE Labs\.m2\repository\net\sourceforge\htmlunit\htmlunit-core-js\2.27\htmlunit-core-js-2.27.jar;C:\Users\SQE Labs\.m2\repository\net\sourceforge\htmlunit\neko-htmlunit\2.27\neko-htmlunit-2.27.jar;C:\Users\SQE Labs\.m2\repository\org\apache\httpcomponents\httpclient\4.5.3\httpclient-4.5.3.jar;C:\Users\SQE Labs\.m2\repository\org\apache\httpcomponents\httpcore\4.4.6\httpcore-4.4.6.jar;C:\Users\SQE Labs\.m2\repository\org\apache\httpcomponents\httpmime\4.5.3\httpmime-4.5.3.jar;C:\Users\SQE Labs\.m2\repository\org\eclipse\jetty\jetty-client\9.4.5.v20170502\jetty-client-9.4.5.v20170502.jar;C:\Users\SQE Labs\.m2\repository\org\eclipse\jetty\jetty-http\9.4.5.v20170502\jetty-http-9.4.5.v20170502.jar;C:\Users\SQE Labs\.m2\repository\org\eclipse\jetty\jetty-io\9.4.5.v20170502\jetty-io-9.4.5.v20170502.jar;C:\Users\SQE Labs\.m2\repository\org\eclipse\jetty\jetty-util\9.4.5.v20170502\jetty-util-9.4.5.v20170502.jar;C:\Users\SQE Labs\.m2\repository\net\java\dev\jna\jna\4.1.0\jna-4.1.0.jar;C:\Users\SQE Labs\.m2\repository\net\java\dev\jna\jna-platform\4.1.0\jna-platform-4.1.0.jar;C:\Users\SQE Labs\.m2\repository\com\codeborne\phantomjsdriver\1.4.0\phantomjsdriver-1.4.0.jar;C:\Users\SQE Labs\.m2\repository\org\seleniumhq\selenium\htmlunit-driver\2.27\htmlunit-driver-2.27.jar;C:\Users\SQE Labs\.m2\repository\javax\servlet\javax.servlet-api\3.1.0\javax.servlet-api-3.1.0.jar;C:\Users\SQE Labs\.m2\repository\org\eclipse\jetty\websocket\websocket-api\9.4.5.v20170502\websocket-api-9.4.5.v20170502.jar;C:\Users\SQE Labs\.m2\repository\org\eclipse\jetty\websocket\websocket-client\9.4.5.v20170502\websocket-client-9.4.5.v20170502.jar;C:\Users\SQE Labs\.m2\repository\org\eclipse\jetty\websocket\websocket-common\9.4.5.v20170502\websocket-common-9.4.5.v20170502.jar;C:\Users\SQE Labs\.m2\repository\xalan\serializer\2.7.2\serializer-2.7.2.jar;C:\Users\SQE Labs\.m2\repository\xalan\xalan\2.7.2\xalan-2.7.2.jar;C:\Users\SQE Labs\.m2\repository\xerces\xercesImpl\2.11.0\xercesImpl-2.11.0.jar;C:\Users\SQE Labs\.m2\repository\xml-apis\xml-apis\1.4.01\xml-apis-1.4.01.jar;C:\Users\SQE Labs\.m2\repository\org\testng\testng\6.11\testng-6.11.jar;C:\Users\SQE Labs\.m2\repository\com\beust\jcommander\1.64\jcommander-1.64.jar;C:\Users\SQE Labs\.m2\repository\org\yaml\snakeyaml\1.17\snakeyaml-1.17.jar;C:\Users\SQE Labs\.m2\repository\io\github\bonigarcia\webdrivermanager\5.1.0\webdrivermanager-5.1.0.jar;C:\Users\SQE Labs\.m2\repository\org\slf4j\slf4j-api\1.7.36\slf4j-api-1.7.36.jar;C:\Users\SQE Labs\.m2\repository\com\github\docker-java\docker-java\3.2.13\docker-java-3.2.13.jar;C:\Users\SQE Labs\.m2\repository\com\github\docker-java\docker-java-core\3.2.13\docker-java-core-3.2.13.jar;C:\Users\SQE Labs\.m2\repository\com\github\docker-java\docker-java-api\3.2.13\docker-java-api-3.2.13.jar;C:\Users\SQE Labs\.m2\repository\com\fasterxml\jackson\core\jackson-annotations\2.10.3\jackson-annotations-2.10.3.jar;C:\Users\SQE Labs\.m2\repository\com\fasterxml\jackson\core\jackson-databind\2.10.3\jackson-databind-2.10.3.jar;C:\Users\SQE Labs\.m2\repository\com\fasterxml\jackson\core\jackson-core\2.10.3\jackson-core-2.10.3.jar;C:\Users\SQE Labs\.m2\repository\org\bouncycastle\bcpkix-jdk15on\1.64\bcpkix-jdk15on-1.64.jar;C:\Users\SQE Labs\.m2\repository\org\bouncycastle\bcprov-jdk15on\1.64\bcprov-jdk15on-1.64.jar;C:\Users\SQE Labs\.m2\repository\org\slf4j\jcl-over-slf4j\1.7.30\jcl-over-slf4j-1.7.30.jar;C:\Users\SQE Labs\.m2\repository\com\github\docker-java\docker-java-transport-httpclient5\3.2.13\docker-java-transport-httpclient5-3.2.13.jar;C:\Users\SQE Labs\.m2\repository\com\github\docker-java\docker-java-transport\3.2.13\docker-java-transport-3.2.13.jar;C:\Users\SQE Labs\.m2\repository\org\apache\httpcomponents\client5\httpclient5\5.0.3\httpclient5-5.0.3.jar;C:\Users\SQE Labs\.m2\repository\org\apache\httpcomponents\core5\httpcore5\5.0.2\httpcore5-5.0.2.jar;C:\Users\SQE Labs\.m2\repository\org\brotli\dec\0.1.2\dec-0.1.2.jar;C:\Users\SQE Labs\.m2\repository\io\appium\java-client\3.2.0\java-client-3.2.0.jar;C:\Users\SQE Labs\.m2\repository\cglib\cglib\3.1\cglib-3.1.jar;C:\Users\SQE Labs\.m2\repository\org\ow2\asm\asm\4.2\asm-4.2.jar;C:\Users\SQE Labs\.m2\repository\commons-validator\commons-validator\1.4.1\commons-validator-1.4.1.jar;C:\Users\SQE Labs\.m2\repository\commons-beanutils\commons-beanutils\1.8.3\commons-beanutils-1.8.3.jar;C:\Users\SQE Labs\.m2\repository\commons-digester\commons-digester\1.8.1\commons-digester-1.8.1.jar;C:\Users\SQE Labs\.m2\repository\commons-collections\commons-collections\3.2.1\commons-collections-3.2.1.jar;C:\Users\SQE Labs\.m2\repository\com\relevantcodes\extentreports\2.41.2\extentreports-2.41.2.jar;C:\Users\SQE Labs\.m2\repository\org\jsoup\jsoup\1.8.3\jsoup-1.8.3.jar;C:\Users\SQE Labs\.m2\repository\org\xerial\sqlite-jdbc\3.8.11.1\sqlite-jdbc-3.8.11.1.jar;C:\Users\SQE Labs\.m2\repository\org\freemarker\freemarker\2.3.23\freemarker-2.3.23.jar;C:\Users\SQE Labs\.m2\repository\org\mongodb\mongodb-driver\3.0.4\mongodb-driver-3.0.4.jar;C:\Users\SQE Labs\.m2\repository\org\mongodb\mongodb-driver-core\3.0.4\mongodb-driver-core-3.0.4.jar;C:\Users\SQE Labs\.m2\repository\org\apache\poi\poi\4.1.2\poi-4.1.2.jar;C:\Users\SQE Labs\.m2\repository\org\apache\commons\commons-collections4\4.4\commons-collections4-4.4.jar;C:\Users\SQE Labs\.m2\repository\org\apache\commons\commons-math3\3.6.1\commons-math3-3.6.1.jar;C:\Users\SQE Labs\.m2\repository\com\zaxxer\SparseBitSet\1.2\SparseBitSet-1.2.jar;C:\Users\SQE Labs\.m2\repository\org\apache\poi\poi-ooxml\4.1.2\poi-ooxml-4.1.2.jar;C:\Users\SQE Labs\.m2\repository\org\apache\poi\poi-ooxml-schemas\4.1.2\poi-ooxml-schemas-4.1.2.jar;C:\Users\SQE Labs\.m2\repository\org\apache\xmlbeans\xmlbeans\3.1.0\xmlbeans-3.1.0.jar;C:\Users\SQE Labs\.m2\repository\org\apache\commons\commons-compress\1.19\commons-compress-1.19.jar;C:\Users\SQE Labs\.m2\repository\com\github\virtuald\curvesapi\1.06\curvesapi-1.06.jar;C:\Users\SQE Labs\.m2\repository\com\aventstack\extentreports\4.0.9\extentreports-4.0.9.jar;C:\Users\SQE Labs\.m2\repository\org\mongodb\bson\3.3.0\bson-3.3.0.jar;"/>
    <property name="sun.cpu.endian" value="little"/>
    <property name="user.home" value="C:\Users\SQE Labs"/>
    <property name="user.language" value="en"/>
    <property name="java.specification.vendor" value="Oracle Corporation"/>
    <property name="java.version.date" value="2022-10-18"/>
    <property name="java.home" value="C:\Users\SQE Labs\.p2\pool\plugins\org.eclipse.justj.openjdk.hotspot.jre.full.win32.x86_64_17.0.5.v20221102-0933\jre"/>
    <property name="file.separator" value="\"/>
    <property name="basedir" value="D:\RiverComicsMobile"/>
    <property name="java.vm.compressedOopsMode" value="Zero based"/>
    <property name="line.separator" value="&#10;"/>
    <property name="java.vm.specification.vendor" value="Oracle Corporation"/>
    <property name="java.specification.name" value="Java Platform API Specification"/>
    <property name="surefire.real.class.path" value="C:\Users\SQE Labs\AppData\Local\Temp\surefire16824324553059170073\surefirebooter17412179849392350315.jar"/>
    <property name="user.script" value=""/>
    <property name="sun.management.compiler" value="HotSpot 64-Bit Tiered Compilers"/>
    <property name="java.runtime.version" value="17.0.5+8"/>
    <property name="user.name" value="SQE Labs"/>
    <property name="path.separator" value=";"/>
    <property name="os.version" value="10.0"/>
    <property name="java.runtime.name" value="OpenJDK Runtime Environment"/>
    <property name="file.encoding" value="Cp1252"/>
    <property name="java.vm.name" value="OpenJDK 64-Bit Server VM"/>
    <property name="java.vendor.version" value="Temurin-17.0.5+8"/>
    <property name="localRepository" value="C:\Users\SQE Labs\.m2\repository"/>
    <property name="java.vendor.url.bug" value="https://github.com/adoptium/adoptium-support/issues"/>
    <property name="java.io.tmpdir" value="C:\Users\SQELAB~1\AppData\Local\Temp\"/>
    <property name="java.version" value="17.0.5"/>
    <property name="user.dir" value="D:\RiverComicsMobile"/>
    <property name="os.arch" value="amd64"/>
    <property name="java.vm.specification.name" value="Java Virtual Machine Specification"/>
    <property name="sun.os.patch.level" value=""/>
    <property name="native.encoding" value="Cp1252"/>
    <property name="java.library.path" value="C:\Users\SQE Labs\.p2\pool\plugins\org.eclipse.justj.openjdk.hotspot.jre.full.win32.x86_64_17.0.5.v20221102-0933\jre\bin;C:\WINDOWS\Sun\Java\bin;C:\WINDOWS\system32;C:\WINDOWS;C:\Users\SQE Labs\bin;C:\Program Files\Git\mingw64\bin;C:\Program Files\Git\usr\local\bin;C:\Program Files\Git\usr\bin;C:\Program Files\Git\usr\bin;C:\Program Files\Git\mingw64\bin;C:\Program Files\Git\usr\bin;C:\Users\SQE Labs\bin;C:\Users\SQE Labs\.p2\pool\plugins\org.eclipse.justj.openjdk.hotspot.jre.full.win32.x86_64_17.0.5.v20221102-0933\jre\bin\server;C:\Users\SQE Labs\.p2\pool\plugins\org.eclipse.justj.openjdk.hotspot.jre.full.win32.x86_64_17.0.5.v20221102-0933\jre\bin;C:\Program Files\Common Files\Oracle\Java\javapath;C:\WINDOWS\system32;C:\WINDOWS;C:\WINDOWS\System32\Wbem;C:\WINDOWS\System32\WindowsPowerShell\v1.0;C:\WINDOWS\System32\OpenSSH;C:\Program Files\Git\cmd;C:\Program Files\Java\jdk-11.0.15\bin;C:\Program Files\MySQL\MySQL Server 8.0\bin;C:\Program Files\nodejs;C:\Program Files\nodejs;C:\Program Files\apache-maven-3.9.3\bin;C:\Users\SQE Labs\AppData\Local\android\android-sdk-26-1-1\android-sdk-26-1-1\tools\bin;C:\Users\SQE Labs\AppData\Local\android\android-sdk-26-1-1\android-sdk-26-1-1\tools;C:\Users\SQE Labs\AppData\Local\android\android-sdk-26-1-1\android-sdk-26-1-1\platform-tools;C:\Program Files\nodejs\node_modules\npm\bin;C:\Program Files\MySQL\MySQL Shell 8.0\bin;C:\Users\SQE Labs\AppData\Local\Microsoft\WindowsApps;C:\Users\SQE Labs\AppData\Local\Programs\Microsoft VS Code\bin;C:\Users\SQE Labs\AppData\Roaming\npm;C:\WINDOWS\system32;C:\Program Files\Git\usr\bin\vendor_perl;C:\Program Files\Git\usr\bin\core_perl;."/>
    <property name="java.vm.info" value="mixed mode"/>
    <property name="java.vendor" value="Eclipse Adoptium"/>
    <property name="java.vm.version" value="17.0.5+8"/>
    <property name="sun.io.unicode.encoding" value="UnicodeLittle"/>
    <property name="java.class.version" value="61.0"/>
  </properties>
  <testcase name="initialize" classname="testClasses.CategoriesHomePageTest" time="0.877">
    <failure message="&apos;automationName&apos; can&apos;t be blank&#10;Build info: version: &apos;3.5.3&apos;, revision: &apos;a88d25fe6b&apos;, time: &apos;2017-08-29T12:42:44.417Z&apos;&#10;System info: host: &apos;ankit-gupta&apos;, ip: &apos;192.168.1.31&apos;, os.name: &apos;Windows 11&apos;, os.arch: &apos;amd64&apos;, os.version: &apos;10.0&apos;, java.version: &apos;17.0.5&apos;&#10;Driver info: driver.version: AndroidDriver&#10;remote stacktrace: InvalidArgumentError: &apos;automationName&apos; can&apos;t be blank&#10;    at processCapabilities (C:\Users\SQE Labs\AppData\Roaming\npm\node_modules\appium\node_modules\@appium\base-driver\lib\basedriver\capabilities.js:345:13)&#10;    at parseCapsForInnerDriver (C:\Users\SQE Labs\AppData\Roaming\npm\node_modules\appium\lib\utils.js:151:40)&#10;    at AppiumDriver.createSession (C:\Users\SQE Labs\AppData\Roaming\npm\node_modules\appium\lib\appium.js:279:49)&#10;    at commandExecutor (C:\Users\SQE Labs\AppData\Roaming\npm\node_modules\appium\node_modules\@appium\base-driver\lib\basedriver\driver.ts:107:18)&#10;    at AppiumDriver.executeCommand (C:\Users\SQE Labs\AppData\Roaming\npm\node_modules\appium\node_modules\@appium\base-driver\lib\basedriver\driver.ts:124:15)&#10;    at processTicksAndRejections (node:internal/process/task_queues:95:5)&#10;    at defaultBehavior (C:\Users\SQE Labs\AppData\Roaming\npm\node_modules\appium\lib\appium.js:718:16)&#10;    at AppiumDriver.executeWrappedCommand (C:\Users\SQE Labs\AppData\Roaming\npm\node_modules\appium\lib\appium.js:828:16)&#10;    at AppiumDriver.executeCommand (C:\Users\SQE Labs\AppData\Roaming\npm\node_modules\appium\lib\appium.js:734:17)&#10;    at asyncHandler (C:\Users\SQE Labs\AppData\Roaming\npm\node_modules\appium\node_modules\@appium\base-driver\lib\protocol\protocol.js:393:19)" type="org.openqa.selenium.InvalidArgumentException"><![CDATA[org.openqa.selenium.InvalidArgumentException: 
'automationName' can't be blank
Build info: version: '3.5.3', revision: 'a88d25fe6b', time: '2017-08-29T12:42:44.417Z'
System info: host: 'ankit-gupta', ip: '192.168.1.31', os.name: 'Windows 11', os.arch: 'amd64', os.version: '10.0', java.version: '17.0.5'
Driver info: driver.version: AndroidDriver
remote stacktrace: InvalidArgumentError: 'automationName' can't be blank
    at processCapabilities (C:\Users\SQE Labs\AppData\Roaming\npm\node_modules\appium\node_modules\@appium\base-driver\lib\basedriver\capabilities.js:345:13)
    at parseCapsForInnerDriver (C:\Users\SQE Labs\AppData\Roaming\npm\node_modules\appium\lib\utils.js:151:40)
    at AppiumDriver.createSession (C:\Users\SQE Labs\AppData\Roaming\npm\node_modules\appium\lib\appium.js:279:49)
    at commandExecutor (C:\Users\SQE Labs\AppData\Roaming\npm\node_modules\appium\node_modules\@appium\base-driver\lib\basedriver\driver.ts:107:18)
    at AppiumDriver.executeCommand (C:\Users\SQE Labs\AppData\Roaming\npm\node_modules\appium\node_modules\@appium\base-driver\lib\basedriver\driver.ts:124:15)
    at processTicksAndRejections (node:internal/process/task_queues:95:5)
    at defaultBehavior (C:\Users\SQE Labs\AppData\Roaming\npm\node_modules\appium\lib\appium.js:718:16)
    at AppiumDriver.executeWrappedCommand (C:\Users\SQE Labs\AppData\Roaming\npm\node_modules\appium\lib\appium.js:828:16)
    at AppiumDriver.executeCommand (C:\Users\SQE Labs\AppData\Roaming\npm\node_modules\appium\lib\appium.js:734:17)
    at asyncHandler (C:\Users\SQE Labs\AppData\Roaming\npm\node_modules\appium\node_modules\@appium\base-driver\lib\protocol\protocol.js:393:19)
]]></failure>
    <system-out><![CDATA[getting capabilities
]]></system-out>
    <system-err><![CDATA[Aug 31, 2023 4:01:40 PM com.relevantcodes.extentreports.ExtentReports loadConfig
WARNING: Unable to perform report configuration. The file D:\RiverComicsMobile\extent-config.xml was not found.
SLF4J: Failed to load class "org.slf4j.impl.StaticLoggerBinder".
SLF4J: Defaulting to no-operation (NOP) logger implementation
SLF4J: See http://www.slf4j.org/codes.html#StaticLoggerBinder for further details.
]]></system-err>
  </testcase>
  <testcase name="beforeMethod" classname="testClasses.CategoriesHomePageTest" time="0">
    <skipped/>
  </testcase>
  <testcase name="beforeMethod" classname="testClasses.CategoriesHomePageTest" time="0">
    <skipped/>
  </testcase>
  <testcase name="beforeMethod" classname="testClasses.CategoriesHomePageTest" time="0">
    <skipped/>
  </testcase>
  <testcase name="beforeMethod" classname="testClasses.CategoriesHomePageTest" time="0">
    <skipped/>
  </testcase>
  <testcase name="beforeMethod" classname="testClasses.CategoriesHomePageTest" time="0">
    <skipped/>
  </testcase>
  <testcase name="beforeMethod" classname="testClasses.CategoriesHomePageTest" time="0">
    <skipped/>
  </testcase>
  <testcase name="beforeMethod" classname="testClasses.CategoriesHomePageTest" time="0">
    <skipped/>
  </testcase>
  <testcase name="beforeMethod" classname="testClasses.CategoriesHomePageTest" time="0">
    <skipped/>
  </testcase>
  <testcase name="beforeMethod" classname="testClasses.CategoriesHomePageTest" time="0">
    <skipped/>
  </testcase>
  <testcase name="beforeMethod" classname="testClasses.CategoriesHomePageTest" time="0">
    <skipped/>
  </testcase>
  <testcase name="beforeMethod" classname="testClasses.CategoriesHomePageTest" time="0">
    <skipped/>
  </testcase>
  <testcase name="beforeMethod" classname="testClasses.CategoriesHomePageTest" time="0">
    <skipped/>
  </testcase>
  <testcase name="verifyUIHomePage" classname="testClasses.CategoriesHomePageTest" time="0">
    <skipped message="&apos;automationName&apos; can&apos;t be blank&#10;Build info: version: &apos;3.5.3&apos;, revision: &apos;a88d25fe6b&apos;, time: &apos;2017-08-29T12:42:44.417Z&apos;&#10;System info: host: &apos;ankit-gupta&apos;, ip: &apos;192.168.1.31&apos;, os.name: &apos;Windows 11&apos;, os.arch: &apos;amd64&apos;, os.version: &apos;10.0&apos;, java.version: &apos;17.0.5&apos;&#10;Driver info: driver.version: AndroidDriver&#10;remote stacktrace: InvalidArgumentError: &apos;automationName&apos; can&apos;t be blank&#10;    at processCapabilities (C:\Users\SQE Labs\AppData\Roaming\npm\node_modules\appium\node_modules\@appium\base-driver\lib\basedriver\capabilities.js:345:13)&#10;    at parseCapsForInnerDriver (C:\Users\SQE Labs\AppData\Roaming\npm\node_modules\appium\lib\utils.js:151:40)&#10;    at AppiumDriver.createSession (C:\Users\SQE Labs\AppData\Roaming\npm\node_modules\appium\lib\appium.js:279:49)&#10;    at commandExecutor (C:\Users\SQE Labs\AppData\Roaming\npm\node_modules\appium\node_modules\@appium\base-driver\lib\basedriver\driver.ts:107:18)&#10;    at AppiumDriver.executeCommand (C:\Users\SQE Labs\AppData\Roaming\npm\node_modules\appium\node_modules\@appium\base-driver\lib\basedriver\driver.ts:124:15)&#10;    at processTicksAndRejections (node:internal/process/task_queues:95:5)&#10;    at defaultBehavior (C:\Users\SQE Labs\AppData\Roaming\npm\node_modules\appium\lib\appium.js:718:16)&#10;    at AppiumDriver.executeWrappedCommand (C:\Users\SQE Labs\AppData\Roaming\npm\node_modules\appium\lib\appium.js:828:16)&#10;    at AppiumDriver.executeCommand (C:\Users\SQE Labs\AppData\Roaming\npm\node_modules\appium\lib\appium.js:734:17)&#10;    at asyncHandler (C:\Users\SQE Labs\AppData\Roaming\npm\node_modules\appium\node_modules\@appium\base-driver\lib\protocol\protocol.js:393:19)"/>
  </testcase>
  <testcase name="verifyFavouriteAndSearchIcon_WithSubscribedUser" classname="testClasses.CategoriesHomePageTest" time="0">
    <skipped message="&apos;automationName&apos; can&apos;t be blank&#10;Build info: version: &apos;3.5.3&apos;, revision: &apos;a88d25fe6b&apos;, time: &apos;2017-08-29T12:42:44.417Z&apos;&#10;System info: host: &apos;ankit-gupta&apos;, ip: &apos;192.168.1.31&apos;, os.name: &apos;Windows 11&apos;, os.arch: &apos;amd64&apos;, os.version: &apos;10.0&apos;, java.version: &apos;17.0.5&apos;&#10;Driver info: driver.version: AndroidDriver&#10;remote stacktrace: InvalidArgumentError: &apos;automationName&apos; can&apos;t be blank&#10;    at processCapabilities (C:\Users\SQE Labs\AppData\Roaming\npm\node_modules\appium\node_modules\@appium\base-driver\lib\basedriver\capabilities.js:345:13)&#10;    at parseCapsForInnerDriver (C:\Users\SQE Labs\AppData\Roaming\npm\node_modules\appium\lib\utils.js:151:40)&#10;    at AppiumDriver.createSession (C:\Users\SQE Labs\AppData\Roaming\npm\node_modules\appium\lib\appium.js:279:49)&#10;    at commandExecutor (C:\Users\SQE Labs\AppData\Roaming\npm\node_modules\appium\node_modules\@appium\base-driver\lib\basedriver\driver.ts:107:18)&#10;    at AppiumDriver.executeCommand (C:\Users\SQE Labs\AppData\Roaming\npm\node_modules\appium\node_modules\@appium\base-driver\lib\basedriver\driver.ts:124:15)&#10;    at processTicksAndRejections (node:internal/process/task_queues:95:5)&#10;    at defaultBehavior (C:\Users\SQE Labs\AppData\Roaming\npm\node_modules\appium\lib\appium.js:718:16)&#10;    at AppiumDriver.executeWrappedCommand (C:\Users\SQE Labs\AppData\Roaming\npm\node_modules\appium\lib\appium.js:828:16)&#10;    at AppiumDriver.executeCommand (C:\Users\SQE Labs\AppData\Roaming\npm\node_modules\appium\lib\appium.js:734:17)&#10;    at asyncHandler (C:\Users\SQE Labs\AppData\Roaming\npm\node_modules\appium\node_modules\@appium\base-driver\lib\protocol\protocol.js:393:19)"/>
  </testcase>
  <testcase name="verify5Filter" classname="testClasses.CategoriesHomePageTest" time="0">
    <skipped message="&apos;automationName&apos; can&apos;t be blank&#10;Build info: version: &apos;3.5.3&apos;, revision: &apos;a88d25fe6b&apos;, time: &apos;2017-08-29T12:42:44.417Z&apos;&#10;System info: host: &apos;ankit-gupta&apos;, ip: &apos;192.168.1.31&apos;, os.name: &apos;Windows 11&apos;, os.arch: &apos;amd64&apos;, os.version: &apos;10.0&apos;, java.version: &apos;17.0.5&apos;&#10;Driver info: driver.version: AndroidDriver&#10;remote stacktrace: InvalidArgumentError: &apos;automationName&apos; can&apos;t be blank&#10;    at processCapabilities (C:\Users\SQE Labs\AppData\Roaming\npm\node_modules\appium\node_modules\@appium\base-driver\lib\basedriver\capabilities.js:345:13)&#10;    at parseCapsForInnerDriver (C:\Users\SQE Labs\AppData\Roaming\npm\node_modules\appium\lib\utils.js:151:40)&#10;    at AppiumDriver.createSession (C:\Users\SQE Labs\AppData\Roaming\npm\node_modules\appium\lib\appium.js:279:49)&#10;    at commandExecutor (C:\Users\SQE Labs\AppData\Roaming\npm\node_modules\appium\node_modules\@appium\base-driver\lib\basedriver\driver.ts:107:18)&#10;    at AppiumDriver.executeCommand (C:\Users\SQE Labs\AppData\Roaming\npm\node_modules\appium\node_modules\@appium\base-driver\lib\basedriver\driver.ts:124:15)&#10;    at processTicksAndRejections (node:internal/process/task_queues:95:5)&#10;    at defaultBehavior (C:\Users\SQE Labs\AppData\Roaming\npm\node_modules\appium\lib\appium.js:718:16)&#10;    at AppiumDriver.executeWrappedCommand (C:\Users\SQE Labs\AppData\Roaming\npm\node_modules\appium\lib\appium.js:828:16)&#10;    at AppiumDriver.executeCommand (C:\Users\SQE Labs\AppData\Roaming\npm\node_modules\appium\lib\appium.js:734:17)&#10;    at asyncHandler (C:\Users\SQE Labs\AppData\Roaming\npm\node_modules\appium\node_modules\@appium\base-driver\lib\protocol\protocol.js:393:19)"/>
  </testcase>
  <testcase name="verifyIntroEpisodes_ComingSoon" classname="testClasses.CategoriesHomePageTest" time="0">
    <skipped message="&apos;automationName&apos; can&apos;t be blank&#10;Build info: version: &apos;3.5.3&apos;, revision: &apos;a88d25fe6b&apos;, time: &apos;2017-08-29T12:42:44.417Z&apos;&#10;System info: host: &apos;ankit-gupta&apos;, ip: &apos;192.168.1.31&apos;, os.name: &apos;Windows 11&apos;, os.arch: &apos;amd64&apos;, os.version: &apos;10.0&apos;, java.version: &apos;17.0.5&apos;&#10;Driver info: driver.version: AndroidDriver&#10;remote stacktrace: InvalidArgumentError: &apos;automationName&apos; can&apos;t be blank&#10;    at processCapabilities (C:\Users\SQE Labs\AppData\Roaming\npm\node_modules\appium\node_modules\@appium\base-driver\lib\basedriver\capabilities.js:345:13)&#10;    at parseCapsForInnerDriver (C:\Users\SQE Labs\AppData\Roaming\npm\node_modules\appium\lib\utils.js:151:40)&#10;    at AppiumDriver.createSession (C:\Users\SQE Labs\AppData\Roaming\npm\node_modules\appium\lib\appium.js:279:49)&#10;    at commandExecutor (C:\Users\SQE Labs\AppData\Roaming\npm\node_modules\appium\node_modules\@appium\base-driver\lib\basedriver\driver.ts:107:18)&#10;    at AppiumDriver.executeCommand (C:\Users\SQE Labs\AppData\Roaming\npm\node_modules\appium\node_modules\@appium\base-driver\lib\basedriver\driver.ts:124:15)&#10;    at processTicksAndRejections (node:internal/process/task_queues:95:5)&#10;    at defaultBehavior (C:\Users\SQE Labs\AppData\Roaming\npm\node_modules\appium\lib\appium.js:718:16)&#10;    at AppiumDriver.executeWrappedCommand (C:\Users\SQE Labs\AppData\Roaming\npm\node_modules\appium\lib\appium.js:828:16)&#10;    at AppiumDriver.executeCommand (C:\Users\SQE Labs\AppData\Roaming\npm\node_modules\appium\lib\appium.js:734:17)&#10;    at asyncHandler (C:\Users\SQE Labs\AppData\Roaming\npm\node_modules\appium\node_modules\@appium\base-driver\lib\protocol\protocol.js:393:19)"/>
  </testcase>
  <testcase name="riverComicsOriginalSeries_Appear" classname="testClasses.CategoriesHomePageTest" time="0">
    <skipped message="&apos;automationName&apos; can&apos;t be blank&#10;Build info: version: &apos;3.5.3&apos;, revision: &apos;a88d25fe6b&apos;, time: &apos;2017-08-29T12:42:44.417Z&apos;&#10;System info: host: &apos;ankit-gupta&apos;, ip: &apos;192.168.1.31&apos;, os.name: &apos;Windows 11&apos;, os.arch: &apos;amd64&apos;, os.version: &apos;10.0&apos;, java.version: &apos;17.0.5&apos;&#10;Driver info: driver.version: AndroidDriver&#10;remote stacktrace: InvalidArgumentError: &apos;automationName&apos; can&apos;t be blank&#10;    at processCapabilities (C:\Users\SQE Labs\AppData\Roaming\npm\node_modules\appium\node_modules\@appium\base-driver\lib\basedriver\capabilities.js:345:13)&#10;    at parseCapsForInnerDriver (C:\Users\SQE Labs\AppData\Roaming\npm\node_modules\appium\lib\utils.js:151:40)&#10;    at AppiumDriver.createSession (C:\Users\SQE Labs\AppData\Roaming\npm\node_modules\appium\lib\appium.js:279:49)&#10;    at commandExecutor (C:\Users\SQE Labs\AppData\Roaming\npm\node_modules\appium\node_modules\@appium\base-driver\lib\basedriver\driver.ts:107:18)&#10;    at AppiumDriver.executeCommand (C:\Users\SQE Labs\AppData\Roaming\npm\node_modules\appium\node_modules\@appium\base-driver\lib\basedriver\driver.ts:124:15)&#10;    at processTicksAndRejections (node:internal/process/task_queues:95:5)&#10;    at defaultBehavior (C:\Users\SQE Labs\AppData\Roaming\npm\node_modules\appium\lib\appium.js:718:16)&#10;    at AppiumDriver.executeWrappedCommand (C:\Users\SQE Labs\AppData\Roaming\npm\node_modules\appium\lib\appium.js:828:16)&#10;    at AppiumDriver.executeCommand (C:\Users\SQE Labs\AppData\Roaming\npm\node_modules\appium\lib\appium.js:734:17)&#10;    at asyncHandler (C:\Users\SQE Labs\AppData\Roaming\npm\node_modules\appium\node_modules\@appium\base-driver\lib\protocol\protocol.js:393:19)"/>
  </testcase>
  <testcase name="allSeries_Appear" classname="testClasses.CategoriesHomePageTest" time="0">
    <skipped message="&apos;automationName&apos; can&apos;t be blank&#10;Build info: version: &apos;3.5.3&apos;, revision: &apos;a88d25fe6b&apos;, time: &apos;2017-08-29T12:42:44.417Z&apos;&#10;System info: host: &apos;ankit-gupta&apos;, ip: &apos;192.168.1.31&apos;, os.name: &apos;Windows 11&apos;, os.arch: &apos;amd64&apos;, os.version: &apos;10.0&apos;, java.version: &apos;17.0.5&apos;&#10;Driver info: driver.version: AndroidDriver&#10;remote stacktrace: InvalidArgumentError: &apos;automationName&apos; can&apos;t be blank&#10;    at processCapabilities (C:\Users\SQE Labs\AppData\Roaming\npm\node_modules\appium\node_modules\@appium\base-driver\lib\basedriver\capabilities.js:345:13)&#10;    at parseCapsForInnerDriver (C:\Users\SQE Labs\AppData\Roaming\npm\node_modules\appium\lib\utils.js:151:40)&#10;    at AppiumDriver.createSession (C:\Users\SQE Labs\AppData\Roaming\npm\node_modules\appium\lib\appium.js:279:49)&#10;    at commandExecutor (C:\Users\SQE Labs\AppData\Roaming\npm\node_modules\appium\node_modules\@appium\base-driver\lib\basedriver\driver.ts:107:18)&#10;    at AppiumDriver.executeCommand (C:\Users\SQE Labs\AppData\Roaming\npm\node_modules\appium\node_modules\@appium\base-driver\lib\basedriver\driver.ts:124:15)&#10;    at processTicksAndRejections (node:internal/process/task_queues:95:5)&#10;    at defaultBehavior (C:\Users\SQE Labs\AppData\Roaming\npm\node_modules\appium\lib\appium.js:718:16)&#10;    at AppiumDriver.executeWrappedCommand (C:\Users\SQE Labs\AppData\Roaming\npm\node_modules\appium\lib\appium.js:828:16)&#10;    at AppiumDriver.executeCommand (C:\Users\SQE Labs\AppData\Roaming\npm\node_modules\appium\lib\appium.js:734:17)&#10;    at asyncHandler (C:\Users\SQE Labs\AppData\Roaming\npm\node_modules\appium\node_modules\@appium\base-driver\lib\protocol\protocol.js:393:19)"/>
  </testcase>
  <testcase name="selectCategoryPopup_Closed" classname="testClasses.CategoriesHomePageTest" time="0">
    <skipped message="&apos;automationName&apos; can&apos;t be blank&#10;Build info: version: &apos;3.5.3&apos;, revision: &apos;a88d25fe6b&apos;, time: &apos;2017-08-29T12:42:44.417Z&apos;&#10;System info: host: &apos;ankit-gupta&apos;, ip: &apos;192.168.1.31&apos;, os.name: &apos;Windows 11&apos;, os.arch: &apos;amd64&apos;, os.version: &apos;10.0&apos;, java.version: &apos;17.0.5&apos;&#10;Driver info: driver.version: AndroidDriver&#10;remote stacktrace: InvalidArgumentError: &apos;automationName&apos; can&apos;t be blank&#10;    at processCapabilities (C:\Users\SQE Labs\AppData\Roaming\npm\node_modules\appium\node_modules\@appium\base-driver\lib\basedriver\capabilities.js:345:13)&#10;    at parseCapsForInnerDriver (C:\Users\SQE Labs\AppData\Roaming\npm\node_modules\appium\lib\utils.js:151:40)&#10;    at AppiumDriver.createSession (C:\Users\SQE Labs\AppData\Roaming\npm\node_modules\appium\lib\appium.js:279:49)&#10;    at commandExecutor (C:\Users\SQE Labs\AppData\Roaming\npm\node_modules\appium\node_modules\@appium\base-driver\lib\basedriver\driver.ts:107:18)&#10;    at AppiumDriver.executeCommand (C:\Users\SQE Labs\AppData\Roaming\npm\node_modules\appium\node_modules\@appium\base-driver\lib\basedriver\driver.ts:124:15)&#10;    at processTicksAndRejections (node:internal/process/task_queues:95:5)&#10;    at defaultBehavior (C:\Users\SQE Labs\AppData\Roaming\npm\node_modules\appium\lib\appium.js:718:16)&#10;    at AppiumDriver.executeWrappedCommand (C:\Users\SQE Labs\AppData\Roaming\npm\node_modules\appium\lib\appium.js:828:16)&#10;    at AppiumDriver.executeCommand (C:\Users\SQE Labs\AppData\Roaming\npm\node_modules\appium\lib\appium.js:734:17)&#10;    at asyncHandler (C:\Users\SQE Labs\AppData\Roaming\npm\node_modules\appium\node_modules\@appium\base-driver\lib\protocol\protocol.js:393:19)"/>
  </testcase>
  <testcase name="seriesDetailPageOpensUp_AND_sharingPopUpAppear" classname="testClasses.CategoriesHomePageTest" time="0">
    <skipped message="&apos;automationName&apos; can&apos;t be blank&#10;Build info: version: &apos;3.5.3&apos;, revision: &apos;a88d25fe6b&apos;, time: &apos;2017-08-29T12:42:44.417Z&apos;&#10;System info: host: &apos;ankit-gupta&apos;, ip: &apos;192.168.1.31&apos;, os.name: &apos;Windows 11&apos;, os.arch: &apos;amd64&apos;, os.version: &apos;10.0&apos;, java.version: &apos;17.0.5&apos;&#10;Driver info: driver.version: AndroidDriver&#10;remote stacktrace: InvalidArgumentError: &apos;automationName&apos; can&apos;t be blank&#10;    at processCapabilities (C:\Users\SQE Labs\AppData\Roaming\npm\node_modules\appium\node_modules\@appium\base-driver\lib\basedriver\capabilities.js:345:13)&#10;    at parseCapsForInnerDriver (C:\Users\SQE Labs\AppData\Roaming\npm\node_modules\appium\lib\utils.js:151:40)&#10;    at AppiumDriver.createSession (C:\Users\SQE Labs\AppData\Roaming\npm\node_modules\appium\lib\appium.js:279:49)&#10;    at commandExecutor (C:\Users\SQE Labs\AppData\Roaming\npm\node_modules\appium\node_modules\@appium\base-driver\lib\basedriver\driver.ts:107:18)&#10;    at AppiumDriver.executeCommand (C:\Users\SQE Labs\AppData\Roaming\npm\node_modules\appium\node_modules\@appium\base-driver\lib\basedriver\driver.ts:124:15)&#10;    at processTicksAndRejections (node:internal/process/task_queues:95:5)&#10;    at defaultBehavior (C:\Users\SQE Labs\AppData\Roaming\npm\node_modules\appium\lib\appium.js:718:16)&#10;    at AppiumDriver.executeWrappedCommand (C:\Users\SQE Labs\AppData\Roaming\npm\node_modules\appium\lib\appium.js:828:16)&#10;    at AppiumDriver.executeCommand (C:\Users\SQE Labs\AppData\Roaming\npm\node_modules\appium\lib\appium.js:734:17)&#10;    at asyncHandler (C:\Users\SQE Labs\AppData\Roaming\npm\node_modules\appium\node_modules\@appium\base-driver\lib\protocol\protocol.js:393:19)"/>
  </testcase>
  <testcase name="addRatingPopUpAppear_AND_RatingGetsUpdated" classname="testClasses.CategoriesHomePageTest" time="0">
    <skipped message="&apos;automationName&apos; can&apos;t be blank&#10;Build info: version: &apos;3.5.3&apos;, revision: &apos;a88d25fe6b&apos;, time: &apos;2017-08-29T12:42:44.417Z&apos;&#10;System info: host: &apos;ankit-gupta&apos;, ip: &apos;192.168.1.31&apos;, os.name: &apos;Windows 11&apos;, os.arch: &apos;amd64&apos;, os.version: &apos;10.0&apos;, java.version: &apos;17.0.5&apos;&#10;Driver info: driver.version: AndroidDriver&#10;remote stacktrace: InvalidArgumentError: &apos;automationName&apos; can&apos;t be blank&#10;    at processCapabilities (C:\Users\SQE Labs\AppData\Roaming\npm\node_modules\appium\node_modules\@appium\base-driver\lib\basedriver\capabilities.js:345:13)&#10;    at parseCapsForInnerDriver (C:\Users\SQE Labs\AppData\Roaming\npm\node_modules\appium\lib\utils.js:151:40)&#10;    at AppiumDriver.createSession (C:\Users\SQE Labs\AppData\Roaming\npm\node_modules\appium\lib\appium.js:279:49)&#10;    at commandExecutor (C:\Users\SQE Labs\AppData\Roaming\npm\node_modules\appium\node_modules\@appium\base-driver\lib\basedriver\driver.ts:107:18)&#10;    at AppiumDriver.executeCommand (C:\Users\SQE Labs\AppData\Roaming\npm\node_modules\appium\node_modules\@appium\base-driver\lib\basedriver\driver.ts:124:15)&#10;    at processTicksAndRejections (node:internal/process/task_queues:95:5)&#10;    at defaultBehavior (C:\Users\SQE Labs\AppData\Roaming\npm\node_modules\appium\lib\appium.js:718:16)&#10;    at AppiumDriver.executeWrappedCommand (C:\Users\SQE Labs\AppData\Roaming\npm\node_modules\appium\lib\appium.js:828:16)&#10;    at AppiumDriver.executeCommand (C:\Users\SQE Labs\AppData\Roaming\npm\node_modules\appium\lib\appium.js:734:17)&#10;    at asyncHandler (C:\Users\SQE Labs\AppData\Roaming\npm\node_modules\appium\node_modules\@appium\base-driver\lib\protocol\protocol.js:393:19)"/>
  </testcase>
  <testcase name="verifyFavouriteIcon" classname="testClasses.CategoriesHomePageTest" time="0">
    <skipped message="&apos;automationName&apos; can&apos;t be blank&#10;Build info: version: &apos;3.5.3&apos;, revision: &apos;a88d25fe6b&apos;, time: &apos;2017-08-29T12:42:44.417Z&apos;&#10;System info: host: &apos;ankit-gupta&apos;, ip: &apos;192.168.1.31&apos;, os.name: &apos;Windows 11&apos;, os.arch: &apos;amd64&apos;, os.version: &apos;10.0&apos;, java.version: &apos;17.0.5&apos;&#10;Driver info: driver.version: AndroidDriver&#10;remote stacktrace: InvalidArgumentError: &apos;automationName&apos; can&apos;t be blank&#10;    at processCapabilities (C:\Users\SQE Labs\AppData\Roaming\npm\node_modules\appium\node_modules\@appium\base-driver\lib\basedriver\capabilities.js:345:13)&#10;    at parseCapsForInnerDriver (C:\Users\SQE Labs\AppData\Roaming\npm\node_modules\appium\lib\utils.js:151:40)&#10;    at AppiumDriver.createSession (C:\Users\SQE Labs\AppData\Roaming\npm\node_modules\appium\lib\appium.js:279:49)&#10;    at commandExecutor (C:\Users\SQE Labs\AppData\Roaming\npm\node_modules\appium\node_modules\@appium\base-driver\lib\basedriver\driver.ts:107:18)&#10;    at AppiumDriver.executeCommand (C:\Users\SQE Labs\AppData\Roaming\npm\node_modules\appium\node_modules\@appium\base-driver\lib\basedriver\driver.ts:124:15)&#10;    at processTicksAndRejections (node:internal/process/task_queues:95:5)&#10;    at defaultBehavior (C:\Users\SQE Labs\AppData\Roaming\npm\node_modules\appium\lib\appium.js:718:16)&#10;    at AppiumDriver.executeWrappedCommand (C:\Users\SQE Labs\AppData\Roaming\npm\node_modules\appium\lib\appium.js:828:16)&#10;    at AppiumDriver.executeCommand (C:\Users\SQE Labs\AppData\Roaming\npm\node_modules\appium\lib\appium.js:734:17)&#10;    at asyncHandler (C:\Users\SQE Labs\AppData\Roaming\npm\node_modules\appium\node_modules\@appium\base-driver\lib\protocol\protocol.js:393:19)"/>
  </testcase>
  <testcase name="verifyPopUp_SortByNumber_AND_SortByDate" classname="testClasses.CategoriesHomePageTest" time="0">
    <skipped message="&apos;automationName&apos; can&apos;t be blank&#10;Build info: version: &apos;3.5.3&apos;, revision: &apos;a88d25fe6b&apos;, time: &apos;2017-08-29T12:42:44.417Z&apos;&#10;System info: host: &apos;ankit-gupta&apos;, ip: &apos;192.168.1.31&apos;, os.name: &apos;Windows 11&apos;, os.arch: &apos;amd64&apos;, os.version: &apos;10.0&apos;, java.version: &apos;17.0.5&apos;&#10;Driver info: driver.version: AndroidDriver&#10;remote stacktrace: InvalidArgumentError: &apos;automationName&apos; can&apos;t be blank&#10;    at processCapabilities (C:\Users\SQE Labs\AppData\Roaming\npm\node_modules\appium\node_modules\@appium\base-driver\lib\basedriver\capabilities.js:345:13)&#10;    at parseCapsForInnerDriver (C:\Users\SQE Labs\AppData\Roaming\npm\node_modules\appium\lib\utils.js:151:40)&#10;    at AppiumDriver.createSession (C:\Users\SQE Labs\AppData\Roaming\npm\node_modules\appium\lib\appium.js:279:49)&#10;    at commandExecutor (C:\Users\SQE Labs\AppData\Roaming\npm\node_modules\appium\node_modules\@appium\base-driver\lib\basedriver\driver.ts:107:18)&#10;    at AppiumDriver.executeCommand (C:\Users\SQE Labs\AppData\Roaming\npm\node_modules\appium\node_modules\@appium\base-driver\lib\basedriver\driver.ts:124:15)&#10;    at processTicksAndRejections (node:internal/process/task_queues:95:5)&#10;    at defaultBehavior (C:\Users\SQE Labs\AppData\Roaming\npm\node_modules\appium\lib\appium.js:718:16)&#10;    at AppiumDriver.executeWrappedCommand (C:\Users\SQE Labs\AppData\Roaming\npm\node_modules\appium\lib\appium.js:828:16)&#10;    at AppiumDriver.executeCommand (C:\Users\SQE Labs\AppData\Roaming\npm\node_modules\appium\lib\appium.js:734:17)&#10;    at asyncHandler (C:\Users\SQE Labs\AppData\Roaming\npm\node_modules\appium\node_modules\@appium\base-driver\lib\protocol\protocol.js:393:19)"/>
  </testcase>
  <testcase name="verify_IssueCount" classname="testClasses.CategoriesHomePageTest" time="0">
    <skipped message="&apos;automationName&apos; can&apos;t be blank&#10;Build info: version: &apos;3.5.3&apos;, revision: &apos;a88d25fe6b&apos;, time: &apos;2017-08-29T12:42:44.417Z&apos;&#10;System info: host: &apos;ankit-gupta&apos;, ip: &apos;192.168.1.31&apos;, os.name: &apos;Windows 11&apos;, os.arch: &apos;amd64&apos;, os.version: &apos;10.0&apos;, java.version: &apos;17.0.5&apos;&#10;Driver info: driver.version: AndroidDriver&#10;remote stacktrace: InvalidArgumentError: &apos;automationName&apos; can&apos;t be blank&#10;    at processCapabilities (C:\Users\SQE Labs\AppData\Roaming\npm\node_modules\appium\node_modules\@appium\base-driver\lib\basedriver\capabilities.js:345:13)&#10;    at parseCapsForInnerDriver (C:\Users\SQE Labs\AppData\Roaming\npm\node_modules\appium\lib\utils.js:151:40)&#10;    at AppiumDriver.createSession (C:\Users\SQE Labs\AppData\Roaming\npm\node_modules\appium\lib\appium.js:279:49)&#10;    at commandExecutor (C:\Users\SQE Labs\AppData\Roaming\npm\node_modules\appium\node_modules\@appium\base-driver\lib\basedriver\driver.ts:107:18)&#10;    at AppiumDriver.executeCommand (C:\Users\SQE Labs\AppData\Roaming\npm\node_modules\appium\node_modules\@appium\base-driver\lib\basedriver\driver.ts:124:15)&#10;    at processTicksAndRejections (node:internal/process/task_queues:95:5)&#10;    at defaultBehavior (C:\Users\SQE Labs\AppData\Roaming\npm\node_modules\appium\lib\appium.js:718:16)&#10;    at AppiumDriver.executeWrappedCommand (C:\Users\SQE Labs\AppData\Roaming\npm\node_modules\appium\lib\appium.js:828:16)&#10;    at AppiumDriver.executeCommand (C:\Users\SQE Labs\AppData\Roaming\npm\node_modules\appium\lib\appium.js:734:17)&#10;    at asyncHandler (C:\Users\SQE Labs\AppData\Roaming\npm\node_modules\appium\node_modules\@appium\base-driver\lib\protocol\protocol.js:393:19)"/>
  </testcase>
  <testcase name="quit" classname="testClasses.CategoriesHomePageTest" time="0">
    <skipped/>
  </testcase>
  <testcase name="beforeMethod" classname="testClasses.LoginTest" time="0">
    <skipped/>
  </testcase>
  <testcase name="beforeMethod" classname="testClasses.LoginTest" time="0">
    <skipped/>
  </testcase>
  <testcase name="beforeMethod" classname="testClasses.LoginTest" time="0">
    <skipped/>
  </testcase>
  <testcase name="beforeMethod" classname="testClasses.LoginTest" time="0">
    <skipped/>
  </testcase>
  <testcase name="beforeMethod" classname="testClasses.LoginTest" time="0">
    <skipped/>
  </testcase>
  <testcase name="beforeMethod" classname="testClasses.LoginTest" time="0">
    <skipped/>
  </testcase>
  <testcase name="beforeMethod" classname="testClasses.LoginTest" time="0">
    <skipped/>
  </testcase>
  <testcase name="beforeMethod" classname="testClasses.LoginTest" time="0">
    <skipped/>
  </testcase>
  <testcase name="beforeMethod" classname="testClasses.LoginTest" time="0">
    <skipped/>
  </testcase>
  <testcase name="beforeMethod" classname="testClasses.LoginTest" time="0">
    <skipped/>
  </testcase>
  <testcase name="beforeMethod" classname="testClasses.LoginTest" time="0">
    <skipped/>
  </testcase>
  <testcase name="NoUser_Login" classname="testClasses.LoginTest" time="0">
    <skipped message="&apos;automationName&apos; can&apos;t be blank&#10;Build info: version: &apos;3.5.3&apos;, revision: &apos;a88d25fe6b&apos;, time: &apos;2017-08-29T12:42:44.417Z&apos;&#10;System info: host: &apos;ankit-gupta&apos;, ip: &apos;192.168.1.31&apos;, os.name: &apos;Windows 11&apos;, os.arch: &apos;amd64&apos;, os.version: &apos;10.0&apos;, java.version: &apos;17.0.5&apos;&#10;Driver info: driver.version: AndroidDriver&#10;remote stacktrace: InvalidArgumentError: &apos;automationName&apos; can&apos;t be blank&#10;    at processCapabilities (C:\Users\SQE Labs\AppData\Roaming\npm\node_modules\appium\node_modules\@appium\base-driver\lib\basedriver\capabilities.js:345:13)&#10;    at parseCapsForInnerDriver (C:\Users\SQE Labs\AppData\Roaming\npm\node_modules\appium\lib\utils.js:151:40)&#10;    at AppiumDriver.createSession (C:\Users\SQE Labs\AppData\Roaming\npm\node_modules\appium\lib\appium.js:279:49)&#10;    at commandExecutor (C:\Users\SQE Labs\AppData\Roaming\npm\node_modules\appium\node_modules\@appium\base-driver\lib\basedriver\driver.ts:107:18)&#10;    at AppiumDriver.executeCommand (C:\Users\SQE Labs\AppData\Roaming\npm\node_modules\appium\node_modules\@appium\base-driver\lib\basedriver\driver.ts:124:15)&#10;    at processTicksAndRejections (node:internal/process/task_queues:95:5)&#10;    at defaultBehavior (C:\Users\SQE Labs\AppData\Roaming\npm\node_modules\appium\lib\appium.js:718:16)&#10;    at AppiumDriver.executeWrappedCommand (C:\Users\SQE Labs\AppData\Roaming\npm\node_modules\appium\lib\appium.js:828:16)&#10;    at AppiumDriver.executeCommand (C:\Users\SQE Labs\AppData\Roaming\npm\node_modules\appium\lib\appium.js:734:17)&#10;    at asyncHandler (C:\Users\SQE Labs\AppData\Roaming\npm\node_modules\appium\node_modules\@appium\base-driver\lib\protocol\protocol.js:393:19)"/>
  </testcase>
  <testcase name="valid_Login" classname="testClasses.LoginTest" time="0">
    <skipped message="&apos;automationName&apos; can&apos;t be blank&#10;Build info: version: &apos;3.5.3&apos;, revision: &apos;a88d25fe6b&apos;, time: &apos;2017-08-29T12:42:44.417Z&apos;&#10;System info: host: &apos;ankit-gupta&apos;, ip: &apos;192.168.1.31&apos;, os.name: &apos;Windows 11&apos;, os.arch: &apos;amd64&apos;, os.version: &apos;10.0&apos;, java.version: &apos;17.0.5&apos;&#10;Driver info: driver.version: AndroidDriver&#10;remote stacktrace: InvalidArgumentError: &apos;automationName&apos; can&apos;t be blank&#10;    at processCapabilities (C:\Users\SQE Labs\AppData\Roaming\npm\node_modules\appium\node_modules\@appium\base-driver\lib\basedriver\capabilities.js:345:13)&#10;    at parseCapsForInnerDriver (C:\Users\SQE Labs\AppData\Roaming\npm\node_modules\appium\lib\utils.js:151:40)&#10;    at AppiumDriver.createSession (C:\Users\SQE Labs\AppData\Roaming\npm\node_modules\appium\lib\appium.js:279:49)&#10;    at commandExecutor (C:\Users\SQE Labs\AppData\Roaming\npm\node_modules\appium\node_modules\@appium\base-driver\lib\basedriver\driver.ts:107:18)&#10;    at AppiumDriver.executeCommand (C:\Users\SQE Labs\AppData\Roaming\npm\node_modules\appium\node_modules\@appium\base-driver\lib\basedriver\driver.ts:124:15)&#10;    at processTicksAndRejections (node:internal/process/task_queues:95:5)&#10;    at defaultBehavior (C:\Users\SQE Labs\AppData\Roaming\npm\node_modules\appium\lib\appium.js:718:16)&#10;    at AppiumDriver.executeWrappedCommand (C:\Users\SQE Labs\AppData\Roaming\npm\node_modules\appium\lib\appium.js:828:16)&#10;    at AppiumDriver.executeCommand (C:\Users\SQE Labs\AppData\Roaming\npm\node_modules\appium\lib\appium.js:734:17)&#10;    at asyncHandler (C:\Users\SQE Labs\AppData\Roaming\npm\node_modules\appium\node_modules\@appium\base-driver\lib\protocol\protocol.js:393:19)"/>
  </testcase>
  <testcase name="launchApp_already_LoggedIn_User" classname="testClasses.LoginTest" time="0">
    <skipped message="&apos;automationName&apos; can&apos;t be blank&#10;Build info: version: &apos;3.5.3&apos;, revision: &apos;a88d25fe6b&apos;, time: &apos;2017-08-29T12:42:44.417Z&apos;&#10;System info: host: &apos;ankit-gupta&apos;, ip: &apos;192.168.1.31&apos;, os.name: &apos;Windows 11&apos;, os.arch: &apos;amd64&apos;, os.version: &apos;10.0&apos;, java.version: &apos;17.0.5&apos;&#10;Driver info: driver.version: AndroidDriver&#10;remote stacktrace: InvalidArgumentError: &apos;automationName&apos; can&apos;t be blank&#10;    at processCapabilities (C:\Users\SQE Labs\AppData\Roaming\npm\node_modules\appium\node_modules\@appium\base-driver\lib\basedriver\capabilities.js:345:13)&#10;    at parseCapsForInnerDriver (C:\Users\SQE Labs\AppData\Roaming\npm\node_modules\appium\lib\utils.js:151:40)&#10;    at AppiumDriver.createSession (C:\Users\SQE Labs\AppData\Roaming\npm\node_modules\appium\lib\appium.js:279:49)&#10;    at commandExecutor (C:\Users\SQE Labs\AppData\Roaming\npm\node_modules\appium\node_modules\@appium\base-driver\lib\basedriver\driver.ts:107:18)&#10;    at AppiumDriver.executeCommand (C:\Users\SQE Labs\AppData\Roaming\npm\node_modules\appium\node_modules\@appium\base-driver\lib\basedriver\driver.ts:124:15)&#10;    at processTicksAndRejections (node:internal/process/task_queues:95:5)&#10;    at defaultBehavior (C:\Users\SQE Labs\AppData\Roaming\npm\node_modules\appium\lib\appium.js:718:16)&#10;    at AppiumDriver.executeWrappedCommand (C:\Users\SQE Labs\AppData\Roaming\npm\node_modules\appium\lib\appium.js:828:16)&#10;    at AppiumDriver.executeCommand (C:\Users\SQE Labs\AppData\Roaming\npm\node_modules\appium\lib\appium.js:734:17)&#10;    at asyncHandler (C:\Users\SQE Labs\AppData\Roaming\npm\node_modules\appium\node_modules\@appium\base-driver\lib\protocol\protocol.js:393:19)"/>
  </testcase>
  <testcase name="userName_Field_Blank" classname="testClasses.LoginTest" time="0">
    <skipped message="&apos;automationName&apos; can&apos;t be blank&#10;Build info: version: &apos;3.5.3&apos;, revision: &apos;a88d25fe6b&apos;, time: &apos;2017-08-29T12:42:44.417Z&apos;&#10;System info: host: &apos;ankit-gupta&apos;, ip: &apos;192.168.1.31&apos;, os.name: &apos;Windows 11&apos;, os.arch: &apos;amd64&apos;, os.version: &apos;10.0&apos;, java.version: &apos;17.0.5&apos;&#10;Driver info: driver.version: AndroidDriver&#10;remote stacktrace: InvalidArgumentError: &apos;automationName&apos; can&apos;t be blank&#10;    at processCapabilities (C:\Users\SQE Labs\AppData\Roaming\npm\node_modules\appium\node_modules\@appium\base-driver\lib\basedriver\capabilities.js:345:13)&#10;    at parseCapsForInnerDriver (C:\Users\SQE Labs\AppData\Roaming\npm\node_modules\appium\lib\utils.js:151:40)&#10;    at AppiumDriver.createSession (C:\Users\SQE Labs\AppData\Roaming\npm\node_modules\appium\lib\appium.js:279:49)&#10;    at commandExecutor (C:\Users\SQE Labs\AppData\Roaming\npm\node_modules\appium\node_modules\@appium\base-driver\lib\basedriver\driver.ts:107:18)&#10;    at AppiumDriver.executeCommand (C:\Users\SQE Labs\AppData\Roaming\npm\node_modules\appium\node_modules\@appium\base-driver\lib\basedriver\driver.ts:124:15)&#10;    at processTicksAndRejections (node:internal/process/task_queues:95:5)&#10;    at defaultBehavior (C:\Users\SQE Labs\AppData\Roaming\npm\node_modules\appium\lib\appium.js:718:16)&#10;    at AppiumDriver.executeWrappedCommand (C:\Users\SQE Labs\AppData\Roaming\npm\node_modules\appium\lib\appium.js:828:16)&#10;    at AppiumDriver.executeCommand (C:\Users\SQE Labs\AppData\Roaming\npm\node_modules\appium\lib\appium.js:734:17)&#10;    at asyncHandler (C:\Users\SQE Labs\AppData\Roaming\npm\node_modules\appium\node_modules\@appium\base-driver\lib\protocol\protocol.js:393:19)"/>
  </testcase>
  <testcase name="password_Field_Blank" classname="testClasses.LoginTest" time="0">
    <skipped message="&apos;automationName&apos; can&apos;t be blank&#10;Build info: version: &apos;3.5.3&apos;, revision: &apos;a88d25fe6b&apos;, time: &apos;2017-08-29T12:42:44.417Z&apos;&#10;System info: host: &apos;ankit-gupta&apos;, ip: &apos;192.168.1.31&apos;, os.name: &apos;Windows 11&apos;, os.arch: &apos;amd64&apos;, os.version: &apos;10.0&apos;, java.version: &apos;17.0.5&apos;&#10;Driver info: driver.version: AndroidDriver&#10;remote stacktrace: InvalidArgumentError: &apos;automationName&apos; can&apos;t be blank&#10;    at processCapabilities (C:\Users\SQE Labs\AppData\Roaming\npm\node_modules\appium\node_modules\@appium\base-driver\lib\basedriver\capabilities.js:345:13)&#10;    at parseCapsForInnerDriver (C:\Users\SQE Labs\AppData\Roaming\npm\node_modules\appium\lib\utils.js:151:40)&#10;    at AppiumDriver.createSession (C:\Users\SQE Labs\AppData\Roaming\npm\node_modules\appium\lib\appium.js:279:49)&#10;    at commandExecutor (C:\Users\SQE Labs\AppData\Roaming\npm\node_modules\appium\node_modules\@appium\base-driver\lib\basedriver\driver.ts:107:18)&#10;    at AppiumDriver.executeCommand (C:\Users\SQE Labs\AppData\Roaming\npm\node_modules\appium\node_modules\@appium\base-driver\lib\basedriver\driver.ts:124:15)&#10;    at processTicksAndRejections (node:internal/process/task_queues:95:5)&#10;    at defaultBehavior (C:\Users\SQE Labs\AppData\Roaming\npm\node_modules\appium\lib\appium.js:718:16)&#10;    at AppiumDriver.executeWrappedCommand (C:\Users\SQE Labs\AppData\Roaming\npm\node_modules\appium\lib\appium.js:828:16)&#10;    at AppiumDriver.executeCommand (C:\Users\SQE Labs\AppData\Roaming\npm\node_modules\appium\lib\appium.js:734:17)&#10;    at asyncHandler (C:\Users\SQE Labs\AppData\Roaming\npm\node_modules\appium\node_modules\@appium\base-driver\lib\protocol\protocol.js:393:19)"/>
  </testcase>
  <testcase name="invalid_Username_Login" classname="testClasses.LoginTest" time="0">
    <skipped message="&apos;automationName&apos; can&apos;t be blank&#10;Build info: version: &apos;3.5.3&apos;, revision: &apos;a88d25fe6b&apos;, time: &apos;2017-08-29T12:42:44.417Z&apos;&#10;System info: host: &apos;ankit-gupta&apos;, ip: &apos;192.168.1.31&apos;, os.name: &apos;Windows 11&apos;, os.arch: &apos;amd64&apos;, os.version: &apos;10.0&apos;, java.version: &apos;17.0.5&apos;&#10;Driver info: driver.version: AndroidDriver&#10;remote stacktrace: InvalidArgumentError: &apos;automationName&apos; can&apos;t be blank&#10;    at processCapabilities (C:\Users\SQE Labs\AppData\Roaming\npm\node_modules\appium\node_modules\@appium\base-driver\lib\basedriver\capabilities.js:345:13)&#10;    at parseCapsForInnerDriver (C:\Users\SQE Labs\AppData\Roaming\npm\node_modules\appium\lib\utils.js:151:40)&#10;    at AppiumDriver.createSession (C:\Users\SQE Labs\AppData\Roaming\npm\node_modules\appium\lib\appium.js:279:49)&#10;    at commandExecutor (C:\Users\SQE Labs\AppData\Roaming\npm\node_modules\appium\node_modules\@appium\base-driver\lib\basedriver\driver.ts:107:18)&#10;    at AppiumDriver.executeCommand (C:\Users\SQE Labs\AppData\Roaming\npm\node_modules\appium\node_modules\@appium\base-driver\lib\basedriver\driver.ts:124:15)&#10;    at processTicksAndRejections (node:internal/process/task_queues:95:5)&#10;    at defaultBehavior (C:\Users\SQE Labs\AppData\Roaming\npm\node_modules\appium\lib\appium.js:718:16)&#10;    at AppiumDriver.executeWrappedCommand (C:\Users\SQE Labs\AppData\Roaming\npm\node_modules\appium\lib\appium.js:828:16)&#10;    at AppiumDriver.executeCommand (C:\Users\SQE Labs\AppData\Roaming\npm\node_modules\appium\lib\appium.js:734:17)&#10;    at asyncHandler (C:\Users\SQE Labs\AppData\Roaming\npm\node_modules\appium\node_modules\@appium\base-driver\lib\protocol\protocol.js:393:19)"/>
  </testcase>
  <testcase name="invalid_Password_Login" classname="testClasses.LoginTest" time="0">
    <skipped message="&apos;automationName&apos; can&apos;t be blank&#10;Build info: version: &apos;3.5.3&apos;, revision: &apos;a88d25fe6b&apos;, time: &apos;2017-08-29T12:42:44.417Z&apos;&#10;System info: host: &apos;ankit-gupta&apos;, ip: &apos;192.168.1.31&apos;, os.name: &apos;Windows 11&apos;, os.arch: &apos;amd64&apos;, os.version: &apos;10.0&apos;, java.version: &apos;17.0.5&apos;&#10;Driver info: driver.version: AndroidDriver&#10;remote stacktrace: InvalidArgumentError: &apos;automationName&apos; can&apos;t be blank&#10;    at processCapabilities (C:\Users\SQE Labs\AppData\Roaming\npm\node_modules\appium\node_modules\@appium\base-driver\lib\basedriver\capabilities.js:345:13)&#10;    at parseCapsForInnerDriver (C:\Users\SQE Labs\AppData\Roaming\npm\node_modules\appium\lib\utils.js:151:40)&#10;    at AppiumDriver.createSession (C:\Users\SQE Labs\AppData\Roaming\npm\node_modules\appium\lib\appium.js:279:49)&#10;    at commandExecutor (C:\Users\SQE Labs\AppData\Roaming\npm\node_modules\appium\node_modules\@appium\base-driver\lib\basedriver\driver.ts:107:18)&#10;    at AppiumDriver.executeCommand (C:\Users\SQE Labs\AppData\Roaming\npm\node_modules\appium\node_modules\@appium\base-driver\lib\basedriver\driver.ts:124:15)&#10;    at processTicksAndRejections (node:internal/process/task_queues:95:5)&#10;    at defaultBehavior (C:\Users\SQE Labs\AppData\Roaming\npm\node_modules\appium\lib\appium.js:718:16)&#10;    at AppiumDriver.executeWrappedCommand (C:\Users\SQE Labs\AppData\Roaming\npm\node_modules\appium\lib\appium.js:828:16)&#10;    at AppiumDriver.executeCommand (C:\Users\SQE Labs\AppData\Roaming\npm\node_modules\appium\lib\appium.js:734:17)&#10;    at asyncHandler (C:\Users\SQE Labs\AppData\Roaming\npm\node_modules\appium\node_modules\@appium\base-driver\lib\protocol\protocol.js:393:19)"/>
  </testcase>
  <testcase name="decrypted_Password" classname="testClasses.LoginTest" time="0">
    <skipped message="&apos;automationName&apos; can&apos;t be blank&#10;Build info: version: &apos;3.5.3&apos;, revision: &apos;a88d25fe6b&apos;, time: &apos;2017-08-29T12:42:44.417Z&apos;&#10;System info: host: &apos;ankit-gupta&apos;, ip: &apos;192.168.1.31&apos;, os.name: &apos;Windows 11&apos;, os.arch: &apos;amd64&apos;, os.version: &apos;10.0&apos;, java.version: &apos;17.0.5&apos;&#10;Driver info: driver.version: AndroidDriver&#10;remote stacktrace: InvalidArgumentError: &apos;automationName&apos; can&apos;t be blank&#10;    at processCapabilities (C:\Users\SQE Labs\AppData\Roaming\npm\node_modules\appium\node_modules\@appium\base-driver\lib\basedriver\capabilities.js:345:13)&#10;    at parseCapsForInnerDriver (C:\Users\SQE Labs\AppData\Roaming\npm\node_modules\appium\lib\utils.js:151:40)&#10;    at AppiumDriver.createSession (C:\Users\SQE Labs\AppData\Roaming\npm\node_modules\appium\lib\appium.js:279:49)&#10;    at commandExecutor (C:\Users\SQE Labs\AppData\Roaming\npm\node_modules\appium\node_modules\@appium\base-driver\lib\basedriver\driver.ts:107:18)&#10;    at AppiumDriver.executeCommand (C:\Users\SQE Labs\AppData\Roaming\npm\node_modules\appium\node_modules\@appium\base-driver\lib\basedriver\driver.ts:124:15)&#10;    at processTicksAndRejections (node:internal/process/task_queues:95:5)&#10;    at defaultBehavior (C:\Users\SQE Labs\AppData\Roaming\npm\node_modules\appium\lib\appium.js:718:16)&#10;    at AppiumDriver.executeWrappedCommand (C:\Users\SQE Labs\AppData\Roaming\npm\node_modules\appium\lib\appium.js:828:16)&#10;    at AppiumDriver.executeCommand (C:\Users\SQE Labs\AppData\Roaming\npm\node_modules\appium\lib\appium.js:734:17)&#10;    at asyncHandler (C:\Users\SQE Labs\AppData\Roaming\npm\node_modules\appium\node_modules\@appium\base-driver\lib\protocol\protocol.js:393:19)"/>
  </testcase>
  <testcase name="encrypted_Password" classname="testClasses.LoginTest" time="0">
    <skipped message="&apos;automationName&apos; can&apos;t be blank&#10;Build info: version: &apos;3.5.3&apos;, revision: &apos;a88d25fe6b&apos;, time: &apos;2017-08-29T12:42:44.417Z&apos;&#10;System info: host: &apos;ankit-gupta&apos;, ip: &apos;192.168.1.31&apos;, os.name: &apos;Windows 11&apos;, os.arch: &apos;amd64&apos;, os.version: &apos;10.0&apos;, java.version: &apos;17.0.5&apos;&#10;Driver info: driver.version: AndroidDriver&#10;remote stacktrace: InvalidArgumentError: &apos;automationName&apos; can&apos;t be blank&#10;    at processCapabilities (C:\Users\SQE Labs\AppData\Roaming\npm\node_modules\appium\node_modules\@appium\base-driver\lib\basedriver\capabilities.js:345:13)&#10;    at parseCapsForInnerDriver (C:\Users\SQE Labs\AppData\Roaming\npm\node_modules\appium\lib\utils.js:151:40)&#10;    at AppiumDriver.createSession (C:\Users\SQE Labs\AppData\Roaming\npm\node_modules\appium\lib\appium.js:279:49)&#10;    at commandExecutor (C:\Users\SQE Labs\AppData\Roaming\npm\node_modules\appium\node_modules\@appium\base-driver\lib\basedriver\driver.ts:107:18)&#10;    at AppiumDriver.executeCommand (C:\Users\SQE Labs\AppData\Roaming\npm\node_modules\appium\node_modules\@appium\base-driver\lib\basedriver\driver.ts:124:15)&#10;    at processTicksAndRejections (node:internal/process/task_queues:95:5)&#10;    at defaultBehavior (C:\Users\SQE Labs\AppData\Roaming\npm\node_modules\appium\lib\appium.js:718:16)&#10;    at AppiumDriver.executeWrappedCommand (C:\Users\SQE Labs\AppData\Roaming\npm\node_modules\appium\lib\appium.js:828:16)&#10;    at AppiumDriver.executeCommand (C:\Users\SQE Labs\AppData\Roaming\npm\node_modules\appium\lib\appium.js:734:17)&#10;    at asyncHandler (C:\Users\SQE Labs\AppData\Roaming\npm\node_modules\appium\node_modules\@appium\base-driver\lib\protocol\protocol.js:393:19)"/>
  </testcase>
  <testcase name="non_Registered_Email" classname="testClasses.LoginTest" time="0">
    <skipped message="&apos;automationName&apos; can&apos;t be blank&#10;Build info: version: &apos;3.5.3&apos;, revision: &apos;a88d25fe6b&apos;, time: &apos;2017-08-29T12:42:44.417Z&apos;&#10;System info: host: &apos;ankit-gupta&apos;, ip: &apos;192.168.1.31&apos;, os.name: &apos;Windows 11&apos;, os.arch: &apos;amd64&apos;, os.version: &apos;10.0&apos;, java.version: &apos;17.0.5&apos;&#10;Driver info: driver.version: AndroidDriver&#10;remote stacktrace: InvalidArgumentError: &apos;automationName&apos; can&apos;t be blank&#10;    at processCapabilities (C:\Users\SQE Labs\AppData\Roaming\npm\node_modules\appium\node_modules\@appium\base-driver\lib\basedriver\capabilities.js:345:13)&#10;    at parseCapsForInnerDriver (C:\Users\SQE Labs\AppData\Roaming\npm\node_modules\appium\lib\utils.js:151:40)&#10;    at AppiumDriver.createSession (C:\Users\SQE Labs\AppData\Roaming\npm\node_modules\appium\lib\appium.js:279:49)&#10;    at commandExecutor (C:\Users\SQE Labs\AppData\Roaming\npm\node_modules\appium\node_modules\@appium\base-driver\lib\basedriver\driver.ts:107:18)&#10;    at AppiumDriver.executeCommand (C:\Users\SQE Labs\AppData\Roaming\npm\node_modules\appium\node_modules\@appium\base-driver\lib\basedriver\driver.ts:124:15)&#10;    at processTicksAndRejections (node:internal/process/task_queues:95:5)&#10;    at defaultBehavior (C:\Users\SQE Labs\AppData\Roaming\npm\node_modules\appium\lib\appium.js:718:16)&#10;    at AppiumDriver.executeWrappedCommand (C:\Users\SQE Labs\AppData\Roaming\npm\node_modules\appium\lib\appium.js:828:16)&#10;    at AppiumDriver.executeCommand (C:\Users\SQE Labs\AppData\Roaming\npm\node_modules\appium\lib\appium.js:734:17)&#10;    at asyncHandler (C:\Users\SQE Labs\AppData\Roaming\npm\node_modules\appium\node_modules\@appium\base-driver\lib\protocol\protocol.js:393:19)"/>
  </testcase>
  <testcase name="deleted_Account_Login" classname="testClasses.LoginTest" time="0">
    <skipped message="&apos;automationName&apos; can&apos;t be blank&#10;Build info: version: &apos;3.5.3&apos;, revision: &apos;a88d25fe6b&apos;, time: &apos;2017-08-29T12:42:44.417Z&apos;&#10;System info: host: &apos;ankit-gupta&apos;, ip: &apos;192.168.1.31&apos;, os.name: &apos;Windows 11&apos;, os.arch: &apos;amd64&apos;, os.version: &apos;10.0&apos;, java.version: &apos;17.0.5&apos;&#10;Driver info: driver.version: AndroidDriver&#10;remote stacktrace: InvalidArgumentError: &apos;automationName&apos; can&apos;t be blank&#10;    at processCapabilities (C:\Users\SQE Labs\AppData\Roaming\npm\node_modules\appium\node_modules\@appium\base-driver\lib\basedriver\capabilities.js:345:13)&#10;    at parseCapsForInnerDriver (C:\Users\SQE Labs\AppData\Roaming\npm\node_modules\appium\lib\utils.js:151:40)&#10;    at AppiumDriver.createSession (C:\Users\SQE Labs\AppData\Roaming\npm\node_modules\appium\lib\appium.js:279:49)&#10;    at commandExecutor (C:\Users\SQE Labs\AppData\Roaming\npm\node_modules\appium\node_modules\@appium\base-driver\lib\basedriver\driver.ts:107:18)&#10;    at AppiumDriver.executeCommand (C:\Users\SQE Labs\AppData\Roaming\npm\node_modules\appium\node_modules\@appium\base-driver\lib\basedriver\driver.ts:124:15)&#10;    at processTicksAndRejections (node:internal/process/task_queues:95:5)&#10;    at defaultBehavior (C:\Users\SQE Labs\AppData\Roaming\npm\node_modules\appium\lib\appium.js:718:16)&#10;    at AppiumDriver.executeWrappedCommand (C:\Users\SQE Labs\AppData\Roaming\npm\node_modules\appium\lib\appium.js:828:16)&#10;    at AppiumDriver.executeCommand (C:\Users\SQE Labs\AppData\Roaming\npm\node_modules\appium\lib\appium.js:734:17)&#10;    at asyncHandler (C:\Users\SQE Labs\AppData\Roaming\npm\node_modules\appium\node_modules\@appium\base-driver\lib\protocol\protocol.js:393:19)"/>
  </testcase>
  <testcase name="beforeMethod" classname="testClasses.UnsubscribedUserTest" time="0">
    <skipped/>
  </testcase>
  <testcase name="UnsubscribedUser" classname="testClasses.UnsubscribedUserTest" time="0">
    <skipped message="&apos;automationName&apos; can&apos;t be blank&#10;Build info: version: &apos;3.5.3&apos;, revision: &apos;a88d25fe6b&apos;, time: &apos;2017-08-29T12:42:44.417Z&apos;&#10;System info: host: &apos;ankit-gupta&apos;, ip: &apos;192.168.1.31&apos;, os.name: &apos;Windows 11&apos;, os.arch: &apos;amd64&apos;, os.version: &apos;10.0&apos;, java.version: &apos;17.0.5&apos;&#10;Driver info: driver.version: AndroidDriver&#10;remote stacktrace: InvalidArgumentError: &apos;automationName&apos; can&apos;t be blank&#10;    at processCapabilities (C:\Users\SQE Labs\AppData\Roaming\npm\node_modules\appium\node_modules\@appium\base-driver\lib\basedriver\capabilities.js:345:13)&#10;    at parseCapsForInnerDriver (C:\Users\SQE Labs\AppData\Roaming\npm\node_modules\appium\lib\utils.js:151:40)&#10;    at AppiumDriver.createSession (C:\Users\SQE Labs\AppData\Roaming\npm\node_modules\appium\lib\appium.js:279:49)&#10;    at commandExecutor (C:\Users\SQE Labs\AppData\Roaming\npm\node_modules\appium\node_modules\@appium\base-driver\lib\basedriver\driver.ts:107:18)&#10;    at AppiumDriver.executeCommand (C:\Users\SQE Labs\AppData\Roaming\npm\node_modules\appium\node_modules\@appium\base-driver\lib\basedriver\driver.ts:124:15)&#10;    at processTicksAndRejections (node:internal/process/task_queues:95:5)&#10;    at defaultBehavior (C:\Users\SQE Labs\AppData\Roaming\npm\node_modules\appium\lib\appium.js:718:16)&#10;    at AppiumDriver.executeWrappedCommand (C:\Users\SQE Labs\AppData\Roaming\npm\node_modules\appium\lib\appium.js:828:16)&#10;    at AppiumDriver.executeCommand (C:\Users\SQE Labs\AppData\Roaming\npm\node_modules\appium\lib\appium.js:734:17)&#10;    at asyncHandler (C:\Users\SQE Labs\AppData\Roaming\npm\node_modules\appium\node_modules\@appium\base-driver\lib\protocol\protocol.js:393:19)"/>
  </testcase>
  <testcase name="subscribedUser" classname="testClasses.SubscribedUserTest" time="0">
    <skipped message="&apos;automationName&apos; can&apos;t be blank&#10;Build info: version: &apos;3.5.3&apos;, revision: &apos;a88d25fe6b&apos;, time: &apos;2017-08-29T12:42:44.417Z&apos;&#10;System info: host: &apos;ankit-gupta&apos;, ip: &apos;192.168.1.31&apos;, os.name: &apos;Windows 11&apos;, os.arch: &apos;amd64&apos;, os.version: &apos;10.0&apos;, java.version: &apos;17.0.5&apos;&#10;Driver info: driver.version: AndroidDriver&#10;remote stacktrace: InvalidArgumentError: &apos;automationName&apos; can&apos;t be blank&#10;    at processCapabilities (C:\Users\SQE Labs\AppData\Roaming\npm\node_modules\appium\node_modules\@appium\base-driver\lib\basedriver\capabilities.js:345:13)&#10;    at parseCapsForInnerDriver (C:\Users\SQE Labs\AppData\Roaming\npm\node_modules\appium\lib\utils.js:151:40)&#10;    at AppiumDriver.createSession (C:\Users\SQE Labs\AppData\Roaming\npm\node_modules\appium\lib\appium.js:279:49)&#10;    at commandExecutor (C:\Users\SQE Labs\AppData\Roaming\npm\node_modules\appium\node_modules\@appium\base-driver\lib\basedriver\driver.ts:107:18)&#10;    at AppiumDriver.executeCommand (C:\Users\SQE Labs\AppData\Roaming\npm\node_modules\appium\node_modules\@appium\base-driver\lib\basedriver\driver.ts:124:15)&#10;    at processTicksAndRejections (node:internal/process/task_queues:95:5)&#10;    at defaultBehavior (C:\Users\SQE Labs\AppData\Roaming\npm\node_modules\appium\lib\appium.js:718:16)&#10;    at AppiumDriver.executeWrappedCommand (C:\Users\SQE Labs\AppData\Roaming\npm\node_modules\appium\lib\appium.js:828:16)&#10;    at AppiumDriver.executeCommand (C:\Users\SQE Labs\AppData\Roaming\npm\node_modules\appium\lib\appium.js:734:17)&#10;    at asyncHandler (C:\Users\SQE Labs\AppData\Roaming\npm\node_modules\appium\node_modules\@appium\base-driver\lib\protocol\protocol.js:393:19)"/>
  </testcase>
  <testcase name="beforeMethod" classname="testClasses.ForgotPasswordTest" time="0">
    <skipped/>
  </testcase>
  <testcase name="beforeMethod" classname="testClasses.ForgotPasswordTest" time="0">
    <skipped/>
  </testcase>
  <testcase name="beforeMethod" classname="testClasses.ForgotPasswordTest" time="0">
    <skipped/>
  </testcase>
  <testcase name="beforeMethod" classname="testClasses.ForgotPasswordTest" time="0">
    <skipped/>
  </testcase>
  <testcase name="beforeMethod" classname="testClasses.ForgotPasswordTest" time="0">
    <skipped/>
  </testcase>
  <testcase name="beforeMethod" classname="testClasses.ForgotPasswordTest" time="0">
    <skipped/>
  </testcase>
  <testcase name="beforeMethod" classname="testClasses.ForgotPasswordTest" time="0">
    <skipped/>
  </testcase>
  <testcase name="forgetPasswordPageOpensUp" classname="testClasses.ForgotPasswordTest" time="0">
    <skipped message="&apos;automationName&apos; can&apos;t be blank&#10;Build info: version: &apos;3.5.3&apos;, revision: &apos;a88d25fe6b&apos;, time: &apos;2017-08-29T12:42:44.417Z&apos;&#10;System info: host: &apos;ankit-gupta&apos;, ip: &apos;192.168.1.31&apos;, os.name: &apos;Windows 11&apos;, os.arch: &apos;amd64&apos;, os.version: &apos;10.0&apos;, java.version: &apos;17.0.5&apos;&#10;Driver info: driver.version: AndroidDriver&#10;remote stacktrace: InvalidArgumentError: &apos;automationName&apos; can&apos;t be blank&#10;    at processCapabilities (C:\Users\SQE Labs\AppData\Roaming\npm\node_modules\appium\node_modules\@appium\base-driver\lib\basedriver\capabilities.js:345:13)&#10;    at parseCapsForInnerDriver (C:\Users\SQE Labs\AppData\Roaming\npm\node_modules\appium\lib\utils.js:151:40)&#10;    at AppiumDriver.createSession (C:\Users\SQE Labs\AppData\Roaming\npm\node_modules\appium\lib\appium.js:279:49)&#10;    at commandExecutor (C:\Users\SQE Labs\AppData\Roaming\npm\node_modules\appium\node_modules\@appium\base-driver\lib\basedriver\driver.ts:107:18)&#10;    at AppiumDriver.executeCommand (C:\Users\SQE Labs\AppData\Roaming\npm\node_modules\appium\node_modules\@appium\base-driver\lib\basedriver\driver.ts:124:15)&#10;    at processTicksAndRejections (node:internal/process/task_queues:95:5)&#10;    at defaultBehavior (C:\Users\SQE Labs\AppData\Roaming\npm\node_modules\appium\lib\appium.js:718:16)&#10;    at AppiumDriver.executeWrappedCommand (C:\Users\SQE Labs\AppData\Roaming\npm\node_modules\appium\lib\appium.js:828:16)&#10;    at AppiumDriver.executeCommand (C:\Users\SQE Labs\AppData\Roaming\npm\node_modules\appium\lib\appium.js:734:17)&#10;    at asyncHandler (C:\Users\SQE Labs\AppData\Roaming\npm\node_modules\appium\node_modules\@appium\base-driver\lib\protocol\protocol.js:393:19)"/>
  </testcase>
  <testcase name="EmailField_Blank" classname="testClasses.ForgotPasswordTest" time="0">
    <skipped message="&apos;automationName&apos; can&apos;t be blank&#10;Build info: version: &apos;3.5.3&apos;, revision: &apos;a88d25fe6b&apos;, time: &apos;2017-08-29T12:42:44.417Z&apos;&#10;System info: host: &apos;ankit-gupta&apos;, ip: &apos;192.168.1.31&apos;, os.name: &apos;Windows 11&apos;, os.arch: &apos;amd64&apos;, os.version: &apos;10.0&apos;, java.version: &apos;17.0.5&apos;&#10;Driver info: driver.version: AndroidDriver&#10;remote stacktrace: InvalidArgumentError: &apos;automationName&apos; can&apos;t be blank&#10;    at processCapabilities (C:\Users\SQE Labs\AppData\Roaming\npm\node_modules\appium\node_modules\@appium\base-driver\lib\basedriver\capabilities.js:345:13)&#10;    at parseCapsForInnerDriver (C:\Users\SQE Labs\AppData\Roaming\npm\node_modules\appium\lib\utils.js:151:40)&#10;    at AppiumDriver.createSession (C:\Users\SQE Labs\AppData\Roaming\npm\node_modules\appium\lib\appium.js:279:49)&#10;    at commandExecutor (C:\Users\SQE Labs\AppData\Roaming\npm\node_modules\appium\node_modules\@appium\base-driver\lib\basedriver\driver.ts:107:18)&#10;    at AppiumDriver.executeCommand (C:\Users\SQE Labs\AppData\Roaming\npm\node_modules\appium\node_modules\@appium\base-driver\lib\basedriver\driver.ts:124:15)&#10;    at processTicksAndRejections (node:internal/process/task_queues:95:5)&#10;    at defaultBehavior (C:\Users\SQE Labs\AppData\Roaming\npm\node_modules\appium\lib\appium.js:718:16)&#10;    at AppiumDriver.executeWrappedCommand (C:\Users\SQE Labs\AppData\Roaming\npm\node_modules\appium\lib\appium.js:828:16)&#10;    at AppiumDriver.executeCommand (C:\Users\SQE Labs\AppData\Roaming\npm\node_modules\appium\lib\appium.js:734:17)&#10;    at asyncHandler (C:\Users\SQE Labs\AppData\Roaming\npm\node_modules\appium\node_modules\@appium\base-driver\lib\protocol\protocol.js:393:19)"/>
  </testcase>
  <testcase name="enterspaces_EmailField" classname="testClasses.ForgotPasswordTest" time="0">
    <skipped message="&apos;automationName&apos; can&apos;t be blank&#10;Build info: version: &apos;3.5.3&apos;, revision: &apos;a88d25fe6b&apos;, time: &apos;2017-08-29T12:42:44.417Z&apos;&#10;System info: host: &apos;ankit-gupta&apos;, ip: &apos;192.168.1.31&apos;, os.name: &apos;Windows 11&apos;, os.arch: &apos;amd64&apos;, os.version: &apos;10.0&apos;, java.version: &apos;17.0.5&apos;&#10;Driver info: driver.version: AndroidDriver&#10;remote stacktrace: InvalidArgumentError: &apos;automationName&apos; can&apos;t be blank&#10;    at processCapabilities (C:\Users\SQE Labs\AppData\Roaming\npm\node_modules\appium\node_modules\@appium\base-driver\lib\basedriver\capabilities.js:345:13)&#10;    at parseCapsForInnerDriver (C:\Users\SQE Labs\AppData\Roaming\npm\node_modules\appium\lib\utils.js:151:40)&#10;    at AppiumDriver.createSession (C:\Users\SQE Labs\AppData\Roaming\npm\node_modules\appium\lib\appium.js:279:49)&#10;    at commandExecutor (C:\Users\SQE Labs\AppData\Roaming\npm\node_modules\appium\node_modules\@appium\base-driver\lib\basedriver\driver.ts:107:18)&#10;    at AppiumDriver.executeCommand (C:\Users\SQE Labs\AppData\Roaming\npm\node_modules\appium\node_modules\@appium\base-driver\lib\basedriver\driver.ts:124:15)&#10;    at processTicksAndRejections (node:internal/process/task_queues:95:5)&#10;    at defaultBehavior (C:\Users\SQE Labs\AppData\Roaming\npm\node_modules\appium\lib\appium.js:718:16)&#10;    at AppiumDriver.executeWrappedCommand (C:\Users\SQE Labs\AppData\Roaming\npm\node_modules\appium\lib\appium.js:828:16)&#10;    at AppiumDriver.executeCommand (C:\Users\SQE Labs\AppData\Roaming\npm\node_modules\appium\lib\appium.js:734:17)&#10;    at asyncHandler (C:\Users\SQE Labs\AppData\Roaming\npm\node_modules\appium\node_modules\@appium\base-driver\lib\protocol\protocol.js:393:19)"/>
  </testcase>
  <testcase name="invalidEmail" classname="testClasses.ForgotPasswordTest" time="0">
    <skipped message="&apos;automationName&apos; can&apos;t be blank&#10;Build info: version: &apos;3.5.3&apos;, revision: &apos;a88d25fe6b&apos;, time: &apos;2017-08-29T12:42:44.417Z&apos;&#10;System info: host: &apos;ankit-gupta&apos;, ip: &apos;192.168.1.31&apos;, os.name: &apos;Windows 11&apos;, os.arch: &apos;amd64&apos;, os.version: &apos;10.0&apos;, java.version: &apos;17.0.5&apos;&#10;Driver info: driver.version: AndroidDriver&#10;remote stacktrace: InvalidArgumentError: &apos;automationName&apos; can&apos;t be blank&#10;    at processCapabilities (C:\Users\SQE Labs\AppData\Roaming\npm\node_modules\appium\node_modules\@appium\base-driver\lib\basedriver\capabilities.js:345:13)&#10;    at parseCapsForInnerDriver (C:\Users\SQE Labs\AppData\Roaming\npm\node_modules\appium\lib\utils.js:151:40)&#10;    at AppiumDriver.createSession (C:\Users\SQE Labs\AppData\Roaming\npm\node_modules\appium\lib\appium.js:279:49)&#10;    at commandExecutor (C:\Users\SQE Labs\AppData\Roaming\npm\node_modules\appium\node_modules\@appium\base-driver\lib\basedriver\driver.ts:107:18)&#10;    at AppiumDriver.executeCommand (C:\Users\SQE Labs\AppData\Roaming\npm\node_modules\appium\node_modules\@appium\base-driver\lib\basedriver\driver.ts:124:15)&#10;    at processTicksAndRejections (node:internal/process/task_queues:95:5)&#10;    at defaultBehavior (C:\Users\SQE Labs\AppData\Roaming\npm\node_modules\appium\lib\appium.js:718:16)&#10;    at AppiumDriver.executeWrappedCommand (C:\Users\SQE Labs\AppData\Roaming\npm\node_modules\appium\lib\appium.js:828:16)&#10;    at AppiumDriver.executeCommand (C:\Users\SQE Labs\AppData\Roaming\npm\node_modules\appium\lib\appium.js:734:17)&#10;    at asyncHandler (C:\Users\SQE Labs\AppData\Roaming\npm\node_modules\appium\node_modules\@appium\base-driver\lib\protocol\protocol.js:393:19)"/>
  </testcase>
  <testcase name="unregisteredEmail" classname="testClasses.ForgotPasswordTest" time="0">
    <skipped message="&apos;automationName&apos; can&apos;t be blank&#10;Build info: version: &apos;3.5.3&apos;, revision: &apos;a88d25fe6b&apos;, time: &apos;2017-08-29T12:42:44.417Z&apos;&#10;System info: host: &apos;ankit-gupta&apos;, ip: &apos;192.168.1.31&apos;, os.name: &apos;Windows 11&apos;, os.arch: &apos;amd64&apos;, os.version: &apos;10.0&apos;, java.version: &apos;17.0.5&apos;&#10;Driver info: driver.version: AndroidDriver&#10;remote stacktrace: InvalidArgumentError: &apos;automationName&apos; can&apos;t be blank&#10;    at processCapabilities (C:\Users\SQE Labs\AppData\Roaming\npm\node_modules\appium\node_modules\@appium\base-driver\lib\basedriver\capabilities.js:345:13)&#10;    at parseCapsForInnerDriver (C:\Users\SQE Labs\AppData\Roaming\npm\node_modules\appium\lib\utils.js:151:40)&#10;    at AppiumDriver.createSession (C:\Users\SQE Labs\AppData\Roaming\npm\node_modules\appium\lib\appium.js:279:49)&#10;    at commandExecutor (C:\Users\SQE Labs\AppData\Roaming\npm\node_modules\appium\node_modules\@appium\base-driver\lib\basedriver\driver.ts:107:18)&#10;    at AppiumDriver.executeCommand (C:\Users\SQE Labs\AppData\Roaming\npm\node_modules\appium\node_modules\@appium\base-driver\lib\basedriver\driver.ts:124:15)&#10;    at processTicksAndRejections (node:internal/process/task_queues:95:5)&#10;    at defaultBehavior (C:\Users\SQE Labs\AppData\Roaming\npm\node_modules\appium\lib\appium.js:718:16)&#10;    at AppiumDriver.executeWrappedCommand (C:\Users\SQE Labs\AppData\Roaming\npm\node_modules\appium\lib\appium.js:828:16)&#10;    at AppiumDriver.executeCommand (C:\Users\SQE Labs\AppData\Roaming\npm\node_modules\appium\lib\appium.js:734:17)&#10;    at asyncHandler (C:\Users\SQE Labs\AppData\Roaming\npm\node_modules\appium\node_modules\@appium\base-driver\lib\protocol\protocol.js:393:19)"/>
  </testcase>
  <testcase name="registeredEmail" classname="testClasses.ForgotPasswordTest" time="0">
    <skipped message="&apos;automationName&apos; can&apos;t be blank&#10;Build info: version: &apos;3.5.3&apos;, revision: &apos;a88d25fe6b&apos;, time: &apos;2017-08-29T12:42:44.417Z&apos;&#10;System info: host: &apos;ankit-gupta&apos;, ip: &apos;192.168.1.31&apos;, os.name: &apos;Windows 11&apos;, os.arch: &apos;amd64&apos;, os.version: &apos;10.0&apos;, java.version: &apos;17.0.5&apos;&#10;Driver info: driver.version: AndroidDriver&#10;remote stacktrace: InvalidArgumentError: &apos;automationName&apos; can&apos;t be blank&#10;    at processCapabilities (C:\Users\SQE Labs\AppData\Roaming\npm\node_modules\appium\node_modules\@appium\base-driver\lib\basedriver\capabilities.js:345:13)&#10;    at parseCapsForInnerDriver (C:\Users\SQE Labs\AppData\Roaming\npm\node_modules\appium\lib\utils.js:151:40)&#10;    at AppiumDriver.createSession (C:\Users\SQE Labs\AppData\Roaming\npm\node_modules\appium\lib\appium.js:279:49)&#10;    at commandExecutor (C:\Users\SQE Labs\AppData\Roaming\npm\node_modules\appium\node_modules\@appium\base-driver\lib\basedriver\driver.ts:107:18)&#10;    at AppiumDriver.executeCommand (C:\Users\SQE Labs\AppData\Roaming\npm\node_modules\appium\node_modules\@appium\base-driver\lib\basedriver\driver.ts:124:15)&#10;    at processTicksAndRejections (node:internal/process/task_queues:95:5)&#10;    at defaultBehavior (C:\Users\SQE Labs\AppData\Roaming\npm\node_modules\appium\lib\appium.js:718:16)&#10;    at AppiumDriver.executeWrappedCommand (C:\Users\SQE Labs\AppData\Roaming\npm\node_modules\appium\lib\appium.js:828:16)&#10;    at AppiumDriver.executeCommand (C:\Users\SQE Labs\AppData\Roaming\npm\node_modules\appium\lib\appium.js:734:17)&#10;    at asyncHandler (C:\Users\SQE Labs\AppData\Roaming\npm\node_modules\appium\node_modules\@appium\base-driver\lib\protocol\protocol.js:393:19)"/>
  </testcase>
  <testcase name="validateEmailReceived" classname="testClasses.ForgotPasswordTest" time="0">
    <skipped message="&apos;automationName&apos; can&apos;t be blank&#10;Build info: version: &apos;3.5.3&apos;, revision: &apos;a88d25fe6b&apos;, time: &apos;2017-08-29T12:42:44.417Z&apos;&#10;System info: host: &apos;ankit-gupta&apos;, ip: &apos;192.168.1.31&apos;, os.name: &apos;Windows 11&apos;, os.arch: &apos;amd64&apos;, os.version: &apos;10.0&apos;, java.version: &apos;17.0.5&apos;&#10;Driver info: driver.version: AndroidDriver&#10;remote stacktrace: InvalidArgumentError: &apos;automationName&apos; can&apos;t be blank&#10;    at processCapabilities (C:\Users\SQE Labs\AppData\Roaming\npm\node_modules\appium\node_modules\@appium\base-driver\lib\basedriver\capabilities.js:345:13)&#10;    at parseCapsForInnerDriver (C:\Users\SQE Labs\AppData\Roaming\npm\node_modules\appium\lib\utils.js:151:40)&#10;    at AppiumDriver.createSession (C:\Users\SQE Labs\AppData\Roaming\npm\node_modules\appium\lib\appium.js:279:49)&#10;    at commandExecutor (C:\Users\SQE Labs\AppData\Roaming\npm\node_modules\appium\node_modules\@appium\base-driver\lib\basedriver\driver.ts:107:18)&#10;    at AppiumDriver.executeCommand (C:\Users\SQE Labs\AppData\Roaming\npm\node_modules\appium\node_modules\@appium\base-driver\lib\basedriver\driver.ts:124:15)&#10;    at processTicksAndRejections (node:internal/process/task_queues:95:5)&#10;    at defaultBehavior (C:\Users\SQE Labs\AppData\Roaming\npm\node_modules\appium\lib\appium.js:718:16)&#10;    at AppiumDriver.executeWrappedCommand (C:\Users\SQE Labs\AppData\Roaming\npm\node_modules\appium\lib\appium.js:828:16)&#10;    at AppiumDriver.executeCommand (C:\Users\SQE Labs\AppData\Roaming\npm\node_modules\appium\lib\appium.js:734:17)&#10;    at asyncHandler (C:\Users\SQE Labs\AppData\Roaming\npm\node_modules\appium\node_modules\@appium\base-driver\lib\protocol\protocol.js:393:19)"/>
  </testcase>
  <testcase name="beforeMethod" classname="testClasses.HumburgerMenuTest" time="0">
    <skipped/>
  </testcase>
  <testcase name="beforeMethod" classname="testClasses.HumburgerMenuTest" time="0">
    <skipped/>
  </testcase>
  <testcase name="beforeMethod" classname="testClasses.HumburgerMenuTest" time="0">
    <skipped/>
  </testcase>
  <testcase name="beforeMethod" classname="testClasses.HumburgerMenuTest" time="0">
    <skipped/>
  </testcase>
  <testcase name="beforeMethod" classname="testClasses.HumburgerMenuTest" time="0">
    <skipped/>
  </testcase>
  <testcase name="beforeMethod" classname="testClasses.HumburgerMenuTest" time="0">
    <skipped/>
  </testcase>
  <testcase name="beforeMethod" classname="testClasses.HumburgerMenuTest" time="0">
    <skipped/>
  </testcase>
  <testcase name="beforeMethod" classname="testClasses.HumburgerMenuTest" time="0">
    <skipped/>
  </testcase>
  <testcase name="beforeMethod" classname="testClasses.HumburgerMenuTest" time="0">
    <skipped/>
  </testcase>
  <testcase name="beforeMethod" classname="testClasses.HumburgerMenuTest" time="0">
    <skipped/>
  </testcase>
  <testcase name="beforeMethod" classname="testClasses.HumburgerMenuTest" time="0">
    <skipped/>
  </testcase>
  <testcase name="beforeMethod" classname="testClasses.HumburgerMenuTest" time="0">
    <skipped/>
  </testcase>
  <testcase name="beforeMethod" classname="testClasses.HumburgerMenuTest" time="0">
    <skipped/>
  </testcase>
  <testcase name="beforeMethod" classname="testClasses.HumburgerMenuTest" time="0">
    <skipped/>
  </testcase>
  <testcase name="beforeMethod" classname="testClasses.HumburgerMenuTest" time="0">
    <skipped/>
  </testcase>
  <testcase name="beforeMethod" classname="testClasses.HumburgerMenuTest" time="0">
    <skipped/>
  </testcase>
  <testcase name="beforeMethod" classname="testClasses.HumburgerMenuTest" time="0">
    <skipped/>
  </testcase>
  <testcase name="beforeMethod" classname="testClasses.HumburgerMenuTest" time="0">
    <skipped/>
  </testcase>
  <testcase name="beforeMethod" classname="testClasses.HumburgerMenuTest" time="0">
    <skipped/>
  </testcase>
  <testcase name="beforeMethod" classname="testClasses.HumburgerMenuTest" time="0">
    <skipped/>
  </testcase>
  <testcase name="beforeMethod" classname="testClasses.HumburgerMenuTest" time="0">
    <skipped/>
  </testcase>
  <testcase name="beforeMethod" classname="testClasses.HumburgerMenuTest" time="0">
    <skipped/>
  </testcase>
  <testcase name="beforeMethod" classname="testClasses.HumburgerMenuTest" time="0">
    <skipped/>
  </testcase>
  <testcase name="beforeMethod" classname="testClasses.HumburgerMenuTest" time="0">
    <skipped/>
  </testcase>
  <testcase name="beforeMethod" classname="testClasses.HumburgerMenuTest" time="0">
    <skipped/>
  </testcase>
  <testcase name="beforeMethod" classname="testClasses.HumburgerMenuTest" time="0">
    <skipped/>
  </testcase>
  <testcase name="beforeMethod" classname="testClasses.HumburgerMenuTest" time="0">
    <skipped/>
  </testcase>
  <testcase name="beforeMethod" classname="testClasses.HumburgerMenuTest" time="0">
    <skipped/>
  </testcase>
  <testcase name="beforeMethod" classname="testClasses.HumburgerMenuTest" time="0">
    <skipped/>
  </testcase>
  <testcase name="beforeMethod" classname="testClasses.HumburgerMenuTest" time="0">
    <skipped/>
  </testcase>
  <testcase name="beforeMethod" classname="testClasses.HumburgerMenuTest" time="0">
    <skipped/>
  </testcase>
  <testcase name="beforeMethod" classname="testClasses.HumburgerMenuTest" time="0">
    <skipped/>
  </testcase>
  <testcase name="beforeMethod" classname="testClasses.HumburgerMenuTest" time="0">
    <skipped/>
  </testcase>
  <testcase name="beforeMethod" classname="testClasses.HumburgerMenuTest" time="0">
    <skipped/>
  </testcase>
  <testcase name="beforeMethod" classname="testClasses.HumburgerMenuTest" time="0">
    <skipped/>
  </testcase>
  <testcase name="beforeMethod" classname="testClasses.HumburgerMenuTest" time="0">
    <skipped/>
  </testcase>
  <testcase name="beforeMethod" classname="testClasses.HumburgerMenuTest" time="0">
    <skipped/>
  </testcase>
  <testcase name="beforeMethod" classname="testClasses.HumburgerMenuTest" time="0">
    <skipped/>
  </testcase>
  <testcase name="beforeMethod" classname="testClasses.HumburgerMenuTest" time="0">
    <skipped/>
  </testcase>
  <testcase name="beforeMethod" classname="testClasses.HumburgerMenuTest" time="0">
    <skipped/>
  </testcase>
  <testcase name="beforeMethod" classname="testClasses.HumburgerMenuTest" time="0">
    <skipped/>
  </testcase>
  <testcase name="beforeMethod" classname="testClasses.HumburgerMenuTest" time="0">
    <skipped/>
  </testcase>
  <testcase name="beforeMethod" classname="testClasses.HumburgerMenuTest" time="0">
    <skipped/>
  </testcase>
  <testcase name="beforeMethod" classname="testClasses.HumburgerMenuTest" time="0">
    <skipped/>
  </testcase>
  <testcase name="validateUnsubscribe_UsernameLogo" classname="testClasses.HumburgerMenuTest" time="0">
    <skipped message="&apos;automationName&apos; can&apos;t be blank&#10;Build info: version: &apos;3.5.3&apos;, revision: &apos;a88d25fe6b&apos;, time: &apos;2017-08-29T12:42:44.417Z&apos;&#10;System info: host: &apos;ankit-gupta&apos;, ip: &apos;192.168.1.31&apos;, os.name: &apos;Windows 11&apos;, os.arch: &apos;amd64&apos;, os.version: &apos;10.0&apos;, java.version: &apos;17.0.5&apos;&#10;Driver info: driver.version: AndroidDriver&#10;remote stacktrace: InvalidArgumentError: &apos;automationName&apos; can&apos;t be blank&#10;    at processCapabilities (C:\Users\SQE Labs\AppData\Roaming\npm\node_modules\appium\node_modules\@appium\base-driver\lib\basedriver\capabilities.js:345:13)&#10;    at parseCapsForInnerDriver (C:\Users\SQE Labs\AppData\Roaming\npm\node_modules\appium\lib\utils.js:151:40)&#10;    at AppiumDriver.createSession (C:\Users\SQE Labs\AppData\Roaming\npm\node_modules\appium\lib\appium.js:279:49)&#10;    at commandExecutor (C:\Users\SQE Labs\AppData\Roaming\npm\node_modules\appium\node_modules\@appium\base-driver\lib\basedriver\driver.ts:107:18)&#10;    at AppiumDriver.executeCommand (C:\Users\SQE Labs\AppData\Roaming\npm\node_modules\appium\node_modules\@appium\base-driver\lib\basedriver\driver.ts:124:15)&#10;    at processTicksAndRejections (node:internal/process/task_queues:95:5)&#10;    at defaultBehavior (C:\Users\SQE Labs\AppData\Roaming\npm\node_modules\appium\lib\appium.js:718:16)&#10;    at AppiumDriver.executeWrappedCommand (C:\Users\SQE Labs\AppData\Roaming\npm\node_modules\appium\lib\appium.js:828:16)&#10;    at AppiumDriver.executeCommand (C:\Users\SQE Labs\AppData\Roaming\npm\node_modules\appium\lib\appium.js:734:17)&#10;    at asyncHandler (C:\Users\SQE Labs\AppData\Roaming\npm\node_modules\appium\node_modules\@appium\base-driver\lib\protocol\protocol.js:393:19)"/>
  </testcase>
  <testcase name="validateSubscribe_UsernameLogo" classname="testClasses.HumburgerMenuTest" time="0">
    <skipped message="&apos;automationName&apos; can&apos;t be blank&#10;Build info: version: &apos;3.5.3&apos;, revision: &apos;a88d25fe6b&apos;, time: &apos;2017-08-29T12:42:44.417Z&apos;&#10;System info: host: &apos;ankit-gupta&apos;, ip: &apos;192.168.1.31&apos;, os.name: &apos;Windows 11&apos;, os.arch: &apos;amd64&apos;, os.version: &apos;10.0&apos;, java.version: &apos;17.0.5&apos;&#10;Driver info: driver.version: AndroidDriver&#10;remote stacktrace: InvalidArgumentError: &apos;automationName&apos; can&apos;t be blank&#10;    at processCapabilities (C:\Users\SQE Labs\AppData\Roaming\npm\node_modules\appium\node_modules\@appium\base-driver\lib\basedriver\capabilities.js:345:13)&#10;    at parseCapsForInnerDriver (C:\Users\SQE Labs\AppData\Roaming\npm\node_modules\appium\lib\utils.js:151:40)&#10;    at AppiumDriver.createSession (C:\Users\SQE Labs\AppData\Roaming\npm\node_modules\appium\lib\appium.js:279:49)&#10;    at commandExecutor (C:\Users\SQE Labs\AppData\Roaming\npm\node_modules\appium\node_modules\@appium\base-driver\lib\basedriver\driver.ts:107:18)&#10;    at AppiumDriver.executeCommand (C:\Users\SQE Labs\AppData\Roaming\npm\node_modules\appium\node_modules\@appium\base-driver\lib\basedriver\driver.ts:124:15)&#10;    at processTicksAndRejections (node:internal/process/task_queues:95:5)&#10;    at defaultBehavior (C:\Users\SQE Labs\AppData\Roaming\npm\node_modules\appium\lib\appium.js:718:16)&#10;    at AppiumDriver.executeWrappedCommand (C:\Users\SQE Labs\AppData\Roaming\npm\node_modules\appium\lib\appium.js:828:16)&#10;    at AppiumDriver.executeCommand (C:\Users\SQE Labs\AppData\Roaming\npm\node_modules\appium\lib\appium.js:734:17)&#10;    at asyncHandler (C:\Users\SQE Labs\AppData\Roaming\npm\node_modules\appium\node_modules\@appium\base-driver\lib\protocol\protocol.js:393:19)"/>
  </testcase>
  <testcase name="validateTabs_SubscribeSearchFavourite" classname="testClasses.HumburgerMenuTest" time="0">
    <skipped message="&apos;automationName&apos; can&apos;t be blank&#10;Build info: version: &apos;3.5.3&apos;, revision: &apos;a88d25fe6b&apos;, time: &apos;2017-08-29T12:42:44.417Z&apos;&#10;System info: host: &apos;ankit-gupta&apos;, ip: &apos;192.168.1.31&apos;, os.name: &apos;Windows 11&apos;, os.arch: &apos;amd64&apos;, os.version: &apos;10.0&apos;, java.version: &apos;17.0.5&apos;&#10;Driver info: driver.version: AndroidDriver&#10;remote stacktrace: InvalidArgumentError: &apos;automationName&apos; can&apos;t be blank&#10;    at processCapabilities (C:\Users\SQE Labs\AppData\Roaming\npm\node_modules\appium\node_modules\@appium\base-driver\lib\basedriver\capabilities.js:345:13)&#10;    at parseCapsForInnerDriver (C:\Users\SQE Labs\AppData\Roaming\npm\node_modules\appium\lib\utils.js:151:40)&#10;    at AppiumDriver.createSession (C:\Users\SQE Labs\AppData\Roaming\npm\node_modules\appium\lib\appium.js:279:49)&#10;    at commandExecutor (C:\Users\SQE Labs\AppData\Roaming\npm\node_modules\appium\node_modules\@appium\base-driver\lib\basedriver\driver.ts:107:18)&#10;    at AppiumDriver.executeCommand (C:\Users\SQE Labs\AppData\Roaming\npm\node_modules\appium\node_modules\@appium\base-driver\lib\basedriver\driver.ts:124:15)&#10;    at processTicksAndRejections (node:internal/process/task_queues:95:5)&#10;    at defaultBehavior (C:\Users\SQE Labs\AppData\Roaming\npm\node_modules\appium\lib\appium.js:718:16)&#10;    at AppiumDriver.executeWrappedCommand (C:\Users\SQE Labs\AppData\Roaming\npm\node_modules\appium\lib\appium.js:828:16)&#10;    at AppiumDriver.executeCommand (C:\Users\SQE Labs\AppData\Roaming\npm\node_modules\appium\lib\appium.js:734:17)&#10;    at asyncHandler (C:\Users\SQE Labs\AppData\Roaming\npm\node_modules\appium\node_modules\@appium\base-driver\lib\protocol\protocol.js:393:19)"/>
  </testcase>
  <testcase name="planDetailPage_OpensUp" classname="testClasses.HumburgerMenuTest" time="0">
    <skipped message="&apos;automationName&apos; can&apos;t be blank&#10;Build info: version: &apos;3.5.3&apos;, revision: &apos;a88d25fe6b&apos;, time: &apos;2017-08-29T12:42:44.417Z&apos;&#10;System info: host: &apos;ankit-gupta&apos;, ip: &apos;192.168.1.31&apos;, os.name: &apos;Windows 11&apos;, os.arch: &apos;amd64&apos;, os.version: &apos;10.0&apos;, java.version: &apos;17.0.5&apos;&#10;Driver info: driver.version: AndroidDriver&#10;remote stacktrace: InvalidArgumentError: &apos;automationName&apos; can&apos;t be blank&#10;    at processCapabilities (C:\Users\SQE Labs\AppData\Roaming\npm\node_modules\appium\node_modules\@appium\base-driver\lib\basedriver\capabilities.js:345:13)&#10;    at parseCapsForInnerDriver (C:\Users\SQE Labs\AppData\Roaming\npm\node_modules\appium\lib\utils.js:151:40)&#10;    at AppiumDriver.createSession (C:\Users\SQE Labs\AppData\Roaming\npm\node_modules\appium\lib\appium.js:279:49)&#10;    at commandExecutor (C:\Users\SQE Labs\AppData\Roaming\npm\node_modules\appium\node_modules\@appium\base-driver\lib\basedriver\driver.ts:107:18)&#10;    at AppiumDriver.executeCommand (C:\Users\SQE Labs\AppData\Roaming\npm\node_modules\appium\node_modules\@appium\base-driver\lib\basedriver\driver.ts:124:15)&#10;    at processTicksAndRejections (node:internal/process/task_queues:95:5)&#10;    at defaultBehavior (C:\Users\SQE Labs\AppData\Roaming\npm\node_modules\appium\lib\appium.js:718:16)&#10;    at AppiumDriver.executeWrappedCommand (C:\Users\SQE Labs\AppData\Roaming\npm\node_modules\appium\lib\appium.js:828:16)&#10;    at AppiumDriver.executeCommand (C:\Users\SQE Labs\AppData\Roaming\npm\node_modules\appium\lib\appium.js:734:17)&#10;    at asyncHandler (C:\Users\SQE Labs\AppData\Roaming\npm\node_modules\appium\node_modules\@appium\base-driver\lib\protocol\protocol.js:393:19)"/>
  </testcase>
  <testcase name="searchTab_OpensUp" classname="testClasses.HumburgerMenuTest" time="0">
    <skipped message="&apos;automationName&apos; can&apos;t be blank&#10;Build info: version: &apos;3.5.3&apos;, revision: &apos;a88d25fe6b&apos;, time: &apos;2017-08-29T12:42:44.417Z&apos;&#10;System info: host: &apos;ankit-gupta&apos;, ip: &apos;192.168.1.31&apos;, os.name: &apos;Windows 11&apos;, os.arch: &apos;amd64&apos;, os.version: &apos;10.0&apos;, java.version: &apos;17.0.5&apos;&#10;Driver info: driver.version: AndroidDriver&#10;remote stacktrace: InvalidArgumentError: &apos;automationName&apos; can&apos;t be blank&#10;    at processCapabilities (C:\Users\SQE Labs\AppData\Roaming\npm\node_modules\appium\node_modules\@appium\base-driver\lib\basedriver\capabilities.js:345:13)&#10;    at parseCapsForInnerDriver (C:\Users\SQE Labs\AppData\Roaming\npm\node_modules\appium\lib\utils.js:151:40)&#10;    at AppiumDriver.createSession (C:\Users\SQE Labs\AppData\Roaming\npm\node_modules\appium\lib\appium.js:279:49)&#10;    at commandExecutor (C:\Users\SQE Labs\AppData\Roaming\npm\node_modules\appium\node_modules\@appium\base-driver\lib\basedriver\driver.ts:107:18)&#10;    at AppiumDriver.executeCommand (C:\Users\SQE Labs\AppData\Roaming\npm\node_modules\appium\node_modules\@appium\base-driver\lib\basedriver\driver.ts:124:15)&#10;    at processTicksAndRejections (node:internal/process/task_queues:95:5)&#10;    at defaultBehavior (C:\Users\SQE Labs\AppData\Roaming\npm\node_modules\appium\lib\appium.js:718:16)&#10;    at AppiumDriver.executeWrappedCommand (C:\Users\SQE Labs\AppData\Roaming\npm\node_modules\appium\lib\appium.js:828:16)&#10;    at AppiumDriver.executeCommand (C:\Users\SQE Labs\AppData\Roaming\npm\node_modules\appium\lib\appium.js:734:17)&#10;    at asyncHandler (C:\Users\SQE Labs\AppData\Roaming\npm\node_modules\appium\node_modules\@appium\base-driver\lib\protocol\protocol.js:393:19)"/>
  </testcase>
  <testcase name="nonExistingDataEnteredIn_HamburgerMenu" classname="testClasses.HumburgerMenuTest" time="0">
    <skipped message="&apos;automationName&apos; can&apos;t be blank&#10;Build info: version: &apos;3.5.3&apos;, revision: &apos;a88d25fe6b&apos;, time: &apos;2017-08-29T12:42:44.417Z&apos;&#10;System info: host: &apos;ankit-gupta&apos;, ip: &apos;192.168.1.31&apos;, os.name: &apos;Windows 11&apos;, os.arch: &apos;amd64&apos;, os.version: &apos;10.0&apos;, java.version: &apos;17.0.5&apos;&#10;Driver info: driver.version: AndroidDriver&#10;remote stacktrace: InvalidArgumentError: &apos;automationName&apos; can&apos;t be blank&#10;    at processCapabilities (C:\Users\SQE Labs\AppData\Roaming\npm\node_modules\appium\node_modules\@appium\base-driver\lib\basedriver\capabilities.js:345:13)&#10;    at parseCapsForInnerDriver (C:\Users\SQE Labs\AppData\Roaming\npm\node_modules\appium\lib\utils.js:151:40)&#10;    at AppiumDriver.createSession (C:\Users\SQE Labs\AppData\Roaming\npm\node_modules\appium\lib\appium.js:279:49)&#10;    at commandExecutor (C:\Users\SQE Labs\AppData\Roaming\npm\node_modules\appium\node_modules\@appium\base-driver\lib\basedriver\driver.ts:107:18)&#10;    at AppiumDriver.executeCommand (C:\Users\SQE Labs\AppData\Roaming\npm\node_modules\appium\node_modules\@appium\base-driver\lib\basedriver\driver.ts:124:15)&#10;    at processTicksAndRejections (node:internal/process/task_queues:95:5)&#10;    at defaultBehavior (C:\Users\SQE Labs\AppData\Roaming\npm\node_modules\appium\lib\appium.js:718:16)&#10;    at AppiumDriver.executeWrappedCommand (C:\Users\SQE Labs\AppData\Roaming\npm\node_modules\appium\lib\appium.js:828:16)&#10;    at AppiumDriver.executeCommand (C:\Users\SQE Labs\AppData\Roaming\npm\node_modules\appium\lib\appium.js:734:17)&#10;    at asyncHandler (C:\Users\SQE Labs\AppData\Roaming\npm\node_modules\appium\node_modules\@appium\base-driver\lib\protocol\protocol.js:393:19)"/>
  </testcase>
  <testcase name="SeriesEpisodeTabOpensUp" classname="testClasses.HumburgerMenuTest" time="0">
    <skipped message="&apos;automationName&apos; can&apos;t be blank&#10;Build info: version: &apos;3.5.3&apos;, revision: &apos;a88d25fe6b&apos;, time: &apos;2017-08-29T12:42:44.417Z&apos;&#10;System info: host: &apos;ankit-gupta&apos;, ip: &apos;192.168.1.31&apos;, os.name: &apos;Windows 11&apos;, os.arch: &apos;amd64&apos;, os.version: &apos;10.0&apos;, java.version: &apos;17.0.5&apos;&#10;Driver info: driver.version: AndroidDriver&#10;remote stacktrace: InvalidArgumentError: &apos;automationName&apos; can&apos;t be blank&#10;    at processCapabilities (C:\Users\SQE Labs\AppData\Roaming\npm\node_modules\appium\node_modules\@appium\base-driver\lib\basedriver\capabilities.js:345:13)&#10;    at parseCapsForInnerDriver (C:\Users\SQE Labs\AppData\Roaming\npm\node_modules\appium\lib\utils.js:151:40)&#10;    at AppiumDriver.createSession (C:\Users\SQE Labs\AppData\Roaming\npm\node_modules\appium\lib\appium.js:279:49)&#10;    at commandExecutor (C:\Users\SQE Labs\AppData\Roaming\npm\node_modules\appium\node_modules\@appium\base-driver\lib\basedriver\driver.ts:107:18)&#10;    at AppiumDriver.executeCommand (C:\Users\SQE Labs\AppData\Roaming\npm\node_modules\appium\node_modules\@appium\base-driver\lib\basedriver\driver.ts:124:15)&#10;    at processTicksAndRejections (node:internal/process/task_queues:95:5)&#10;    at defaultBehavior (C:\Users\SQE Labs\AppData\Roaming\npm\node_modules\appium\lib\appium.js:718:16)&#10;    at AppiumDriver.executeWrappedCommand (C:\Users\SQE Labs\AppData\Roaming\npm\node_modules\appium\lib\appium.js:828:16)&#10;    at AppiumDriver.executeCommand (C:\Users\SQE Labs\AppData\Roaming\npm\node_modules\appium\lib\appium.js:734:17)&#10;    at asyncHandler (C:\Users\SQE Labs\AppData\Roaming\npm\node_modules\appium\node_modules\@appium\base-driver\lib\protocol\protocol.js:393:19)"/>
  </testcase>
  <testcase name="sharePage_PopUpOpensUp" classname="testClasses.HumburgerMenuTest" time="0">
    <skipped message="&apos;automationName&apos; can&apos;t be blank&#10;Build info: version: &apos;3.5.3&apos;, revision: &apos;a88d25fe6b&apos;, time: &apos;2017-08-29T12:42:44.417Z&apos;&#10;System info: host: &apos;ankit-gupta&apos;, ip: &apos;192.168.1.31&apos;, os.name: &apos;Windows 11&apos;, os.arch: &apos;amd64&apos;, os.version: &apos;10.0&apos;, java.version: &apos;17.0.5&apos;&#10;Driver info: driver.version: AndroidDriver&#10;remote stacktrace: InvalidArgumentError: &apos;automationName&apos; can&apos;t be blank&#10;    at processCapabilities (C:\Users\SQE Labs\AppData\Roaming\npm\node_modules\appium\node_modules\@appium\base-driver\lib\basedriver\capabilities.js:345:13)&#10;    at parseCapsForInnerDriver (C:\Users\SQE Labs\AppData\Roaming\npm\node_modules\appium\lib\utils.js:151:40)&#10;    at AppiumDriver.createSession (C:\Users\SQE Labs\AppData\Roaming\npm\node_modules\appium\lib\appium.js:279:49)&#10;    at commandExecutor (C:\Users\SQE Labs\AppData\Roaming\npm\node_modules\appium\node_modules\@appium\base-driver\lib\basedriver\driver.ts:107:18)&#10;    at AppiumDriver.executeCommand (C:\Users\SQE Labs\AppData\Roaming\npm\node_modules\appium\node_modules\@appium\base-driver\lib\basedriver\driver.ts:124:15)&#10;    at processTicksAndRejections (node:internal/process/task_queues:95:5)&#10;    at defaultBehavior (C:\Users\SQE Labs\AppData\Roaming\npm\node_modules\appium\lib\appium.js:718:16)&#10;    at AppiumDriver.executeWrappedCommand (C:\Users\SQE Labs\AppData\Roaming\npm\node_modules\appium\lib\appium.js:828:16)&#10;    at AppiumDriver.executeCommand (C:\Users\SQE Labs\AppData\Roaming\npm\node_modules\appium\lib\appium.js:734:17)&#10;    at asyncHandler (C:\Users\SQE Labs\AppData\Roaming\npm\node_modules\appium\node_modules\@appium\base-driver\lib\protocol\protocol.js:393:19)"/>
  </testcase>
  <testcase name="settingPage_OpensUp" classname="testClasses.HumburgerMenuTest" time="0">
    <skipped message="&apos;automationName&apos; can&apos;t be blank&#10;Build info: version: &apos;3.5.3&apos;, revision: &apos;a88d25fe6b&apos;, time: &apos;2017-08-29T12:42:44.417Z&apos;&#10;System info: host: &apos;ankit-gupta&apos;, ip: &apos;192.168.1.31&apos;, os.name: &apos;Windows 11&apos;, os.arch: &apos;amd64&apos;, os.version: &apos;10.0&apos;, java.version: &apos;17.0.5&apos;&#10;Driver info: driver.version: AndroidDriver&#10;remote stacktrace: InvalidArgumentError: &apos;automationName&apos; can&apos;t be blank&#10;    at processCapabilities (C:\Users\SQE Labs\AppData\Roaming\npm\node_modules\appium\node_modules\@appium\base-driver\lib\basedriver\capabilities.js:345:13)&#10;    at parseCapsForInnerDriver (C:\Users\SQE Labs\AppData\Roaming\npm\node_modules\appium\lib\utils.js:151:40)&#10;    at AppiumDriver.createSession (C:\Users\SQE Labs\AppData\Roaming\npm\node_modules\appium\lib\appium.js:279:49)&#10;    at commandExecutor (C:\Users\SQE Labs\AppData\Roaming\npm\node_modules\appium\node_modules\@appium\base-driver\lib\basedriver\driver.ts:107:18)&#10;    at AppiumDriver.executeCommand (C:\Users\SQE Labs\AppData\Roaming\npm\node_modules\appium\node_modules\@appium\base-driver\lib\basedriver\driver.ts:124:15)&#10;    at processTicksAndRejections (node:internal/process/task_queues:95:5)&#10;    at defaultBehavior (C:\Users\SQE Labs\AppData\Roaming\npm\node_modules\appium\lib\appium.js:718:16)&#10;    at AppiumDriver.executeWrappedCommand (C:\Users\SQE Labs\AppData\Roaming\npm\node_modules\appium\lib\appium.js:828:16)&#10;    at AppiumDriver.executeCommand (C:\Users\SQE Labs\AppData\Roaming\npm\node_modules\appium\lib\appium.js:734:17)&#10;    at asyncHandler (C:\Users\SQE Labs\AppData\Roaming\npm\node_modules\appium\node_modules\@appium\base-driver\lib\protocol\protocol.js:393:19)"/>
  </testcase>
  <testcase name="selectLanugauge_OpensUp" classname="testClasses.HumburgerMenuTest" time="0">
    <skipped message="&apos;automationName&apos; can&apos;t be blank&#10;Build info: version: &apos;3.5.3&apos;, revision: &apos;a88d25fe6b&apos;, time: &apos;2017-08-29T12:42:44.417Z&apos;&#10;System info: host: &apos;ankit-gupta&apos;, ip: &apos;192.168.1.31&apos;, os.name: &apos;Windows 11&apos;, os.arch: &apos;amd64&apos;, os.version: &apos;10.0&apos;, java.version: &apos;17.0.5&apos;&#10;Driver info: driver.version: AndroidDriver&#10;remote stacktrace: InvalidArgumentError: &apos;automationName&apos; can&apos;t be blank&#10;    at processCapabilities (C:\Users\SQE Labs\AppData\Roaming\npm\node_modules\appium\node_modules\@appium\base-driver\lib\basedriver\capabilities.js:345:13)&#10;    at parseCapsForInnerDriver (C:\Users\SQE Labs\AppData\Roaming\npm\node_modules\appium\lib\utils.js:151:40)&#10;    at AppiumDriver.createSession (C:\Users\SQE Labs\AppData\Roaming\npm\node_modules\appium\lib\appium.js:279:49)&#10;    at commandExecutor (C:\Users\SQE Labs\AppData\Roaming\npm\node_modules\appium\node_modules\@appium\base-driver\lib\basedriver\driver.ts:107:18)&#10;    at AppiumDriver.executeCommand (C:\Users\SQE Labs\AppData\Roaming\npm\node_modules\appium\node_modules\@appium\base-driver\lib\basedriver\driver.ts:124:15)&#10;    at processTicksAndRejections (node:internal/process/task_queues:95:5)&#10;    at defaultBehavior (C:\Users\SQE Labs\AppData\Roaming\npm\node_modules\appium\lib\appium.js:718:16)&#10;    at AppiumDriver.executeWrappedCommand (C:\Users\SQE Labs\AppData\Roaming\npm\node_modules\appium\lib\appium.js:828:16)&#10;    at AppiumDriver.executeCommand (C:\Users\SQE Labs\AppData\Roaming\npm\node_modules\appium\lib\appium.js:734:17)&#10;    at asyncHandler (C:\Users\SQE Labs\AppData\Roaming\npm\node_modules\appium\node_modules\@appium\base-driver\lib\protocol\protocol.js:393:19)"/>
  </testcase>
  <testcase name="selectedLanguage_Appears" classname="testClasses.HumburgerMenuTest" time="0">
    <skipped message="&apos;automationName&apos; can&apos;t be blank&#10;Build info: version: &apos;3.5.3&apos;, revision: &apos;a88d25fe6b&apos;, time: &apos;2017-08-29T12:42:44.417Z&apos;&#10;System info: host: &apos;ankit-gupta&apos;, ip: &apos;192.168.1.31&apos;, os.name: &apos;Windows 11&apos;, os.arch: &apos;amd64&apos;, os.version: &apos;10.0&apos;, java.version: &apos;17.0.5&apos;&#10;Driver info: driver.version: AndroidDriver&#10;remote stacktrace: InvalidArgumentError: &apos;automationName&apos; can&apos;t be blank&#10;    at processCapabilities (C:\Users\SQE Labs\AppData\Roaming\npm\node_modules\appium\node_modules\@appium\base-driver\lib\basedriver\capabilities.js:345:13)&#10;    at parseCapsForInnerDriver (C:\Users\SQE Labs\AppData\Roaming\npm\node_modules\appium\lib\utils.js:151:40)&#10;    at AppiumDriver.createSession (C:\Users\SQE Labs\AppData\Roaming\npm\node_modules\appium\lib\appium.js:279:49)&#10;    at commandExecutor (C:\Users\SQE Labs\AppData\Roaming\npm\node_modules\appium\node_modules\@appium\base-driver\lib\basedriver\driver.ts:107:18)&#10;    at AppiumDriver.executeCommand (C:\Users\SQE Labs\AppData\Roaming\npm\node_modules\appium\node_modules\@appium\base-driver\lib\basedriver\driver.ts:124:15)&#10;    at processTicksAndRejections (node:internal/process/task_queues:95:5)&#10;    at defaultBehavior (C:\Users\SQE Labs\AppData\Roaming\npm\node_modules\appium\lib\appium.js:718:16)&#10;    at AppiumDriver.executeWrappedCommand (C:\Users\SQE Labs\AppData\Roaming\npm\node_modules\appium\lib\appium.js:828:16)&#10;    at AppiumDriver.executeCommand (C:\Users\SQE Labs\AppData\Roaming\npm\node_modules\appium\lib\appium.js:734:17)&#10;    at asyncHandler (C:\Users\SQE Labs\AppData\Roaming\npm\node_modules\appium\node_modules\@appium\base-driver\lib\protocol\protocol.js:393:19)"/>
  </testcase>
  <testcase name="updateEmail_OpensUp" classname="testClasses.HumburgerMenuTest" time="0">
    <skipped message="&apos;automationName&apos; can&apos;t be blank&#10;Build info: version: &apos;3.5.3&apos;, revision: &apos;a88d25fe6b&apos;, time: &apos;2017-08-29T12:42:44.417Z&apos;&#10;System info: host: &apos;ankit-gupta&apos;, ip: &apos;192.168.1.31&apos;, os.name: &apos;Windows 11&apos;, os.arch: &apos;amd64&apos;, os.version: &apos;10.0&apos;, java.version: &apos;17.0.5&apos;&#10;Driver info: driver.version: AndroidDriver&#10;remote stacktrace: InvalidArgumentError: &apos;automationName&apos; can&apos;t be blank&#10;    at processCapabilities (C:\Users\SQE Labs\AppData\Roaming\npm\node_modules\appium\node_modules\@appium\base-driver\lib\basedriver\capabilities.js:345:13)&#10;    at parseCapsForInnerDriver (C:\Users\SQE Labs\AppData\Roaming\npm\node_modules\appium\lib\utils.js:151:40)&#10;    at AppiumDriver.createSession (C:\Users\SQE Labs\AppData\Roaming\npm\node_modules\appium\lib\appium.js:279:49)&#10;    at commandExecutor (C:\Users\SQE Labs\AppData\Roaming\npm\node_modules\appium\node_modules\@appium\base-driver\lib\basedriver\driver.ts:107:18)&#10;    at AppiumDriver.executeCommand (C:\Users\SQE Labs\AppData\Roaming\npm\node_modules\appium\node_modules\@appium\base-driver\lib\basedriver\driver.ts:124:15)&#10;    at processTicksAndRejections (node:internal/process/task_queues:95:5)&#10;    at defaultBehavior (C:\Users\SQE Labs\AppData\Roaming\npm\node_modules\appium\lib\appium.js:718:16)&#10;    at AppiumDriver.executeWrappedCommand (C:\Users\SQE Labs\AppData\Roaming\npm\node_modules\appium\lib\appium.js:828:16)&#10;    at AppiumDriver.executeCommand (C:\Users\SQE Labs\AppData\Roaming\npm\node_modules\appium\lib\appium.js:734:17)&#10;    at asyncHandler (C:\Users\SQE Labs\AppData\Roaming\npm\node_modules\appium\node_modules\@appium\base-driver\lib\protocol\protocol.js:393:19)"/>
  </testcase>
  <testcase name="currentEmailBlank_InUpdatedEmail" classname="testClasses.HumburgerMenuTest" time="0">
    <skipped message="&apos;automationName&apos; can&apos;t be blank&#10;Build info: version: &apos;3.5.3&apos;, revision: &apos;a88d25fe6b&apos;, time: &apos;2017-08-29T12:42:44.417Z&apos;&#10;System info: host: &apos;ankit-gupta&apos;, ip: &apos;192.168.1.31&apos;, os.name: &apos;Windows 11&apos;, os.arch: &apos;amd64&apos;, os.version: &apos;10.0&apos;, java.version: &apos;17.0.5&apos;&#10;Driver info: driver.version: AndroidDriver&#10;remote stacktrace: InvalidArgumentError: &apos;automationName&apos; can&apos;t be blank&#10;    at processCapabilities (C:\Users\SQE Labs\AppData\Roaming\npm\node_modules\appium\node_modules\@appium\base-driver\lib\basedriver\capabilities.js:345:13)&#10;    at parseCapsForInnerDriver (C:\Users\SQE Labs\AppData\Roaming\npm\node_modules\appium\lib\utils.js:151:40)&#10;    at AppiumDriver.createSession (C:\Users\SQE Labs\AppData\Roaming\npm\node_modules\appium\lib\appium.js:279:49)&#10;    at commandExecutor (C:\Users\SQE Labs\AppData\Roaming\npm\node_modules\appium\node_modules\@appium\base-driver\lib\basedriver\driver.ts:107:18)&#10;    at AppiumDriver.executeCommand (C:\Users\SQE Labs\AppData\Roaming\npm\node_modules\appium\node_modules\@appium\base-driver\lib\basedriver\driver.ts:124:15)&#10;    at processTicksAndRejections (node:internal/process/task_queues:95:5)&#10;    at defaultBehavior (C:\Users\SQE Labs\AppData\Roaming\npm\node_modules\appium\lib\appium.js:718:16)&#10;    at AppiumDriver.executeWrappedCommand (C:\Users\SQE Labs\AppData\Roaming\npm\node_modules\appium\lib\appium.js:828:16)&#10;    at AppiumDriver.executeCommand (C:\Users\SQE Labs\AppData\Roaming\npm\node_modules\appium\lib\appium.js:734:17)&#10;    at asyncHandler (C:\Users\SQE Labs\AppData\Roaming\npm\node_modules\appium\node_modules\@appium\base-driver\lib\protocol\protocol.js:393:19)"/>
  </testcase>
  <testcase name="NonExistingOrInvalidEmail_InUpdatedEmail" classname="testClasses.HumburgerMenuTest" time="0">
    <skipped message="&apos;automationName&apos; can&apos;t be blank&#10;Build info: version: &apos;3.5.3&apos;, revision: &apos;a88d25fe6b&apos;, time: &apos;2017-08-29T12:42:44.417Z&apos;&#10;System info: host: &apos;ankit-gupta&apos;, ip: &apos;192.168.1.31&apos;, os.name: &apos;Windows 11&apos;, os.arch: &apos;amd64&apos;, os.version: &apos;10.0&apos;, java.version: &apos;17.0.5&apos;&#10;Driver info: driver.version: AndroidDriver&#10;remote stacktrace: InvalidArgumentError: &apos;automationName&apos; can&apos;t be blank&#10;    at processCapabilities (C:\Users\SQE Labs\AppData\Roaming\npm\node_modules\appium\node_modules\@appium\base-driver\lib\basedriver\capabilities.js:345:13)&#10;    at parseCapsForInnerDriver (C:\Users\SQE Labs\AppData\Roaming\npm\node_modules\appium\lib\utils.js:151:40)&#10;    at AppiumDriver.createSession (C:\Users\SQE Labs\AppData\Roaming\npm\node_modules\appium\lib\appium.js:279:49)&#10;    at commandExecutor (C:\Users\SQE Labs\AppData\Roaming\npm\node_modules\appium\node_modules\@appium\base-driver\lib\basedriver\driver.ts:107:18)&#10;    at AppiumDriver.executeCommand (C:\Users\SQE Labs\AppData\Roaming\npm\node_modules\appium\node_modules\@appium\base-driver\lib\basedriver\driver.ts:124:15)&#10;    at processTicksAndRejections (node:internal/process/task_queues:95:5)&#10;    at defaultBehavior (C:\Users\SQE Labs\AppData\Roaming\npm\node_modules\appium\lib\appium.js:718:16)&#10;    at AppiumDriver.executeWrappedCommand (C:\Users\SQE Labs\AppData\Roaming\npm\node_modules\appium\lib\appium.js:828:16)&#10;    at AppiumDriver.executeCommand (C:\Users\SQE Labs\AppData\Roaming\npm\node_modules\appium\lib\appium.js:734:17)&#10;    at asyncHandler (C:\Users\SQE Labs\AppData\Roaming\npm\node_modules\appium\node_modules\@appium\base-driver\lib\protocol\protocol.js:393:19)"/>
  </testcase>
  <testcase name="updateEmailWith_AlreadyRegisteredEmail" classname="testClasses.HumburgerMenuTest" time="0">
    <skipped message="&apos;automationName&apos; can&apos;t be blank&#10;Build info: version: &apos;3.5.3&apos;, revision: &apos;a88d25fe6b&apos;, time: &apos;2017-08-29T12:42:44.417Z&apos;&#10;System info: host: &apos;ankit-gupta&apos;, ip: &apos;192.168.1.31&apos;, os.name: &apos;Windows 11&apos;, os.arch: &apos;amd64&apos;, os.version: &apos;10.0&apos;, java.version: &apos;17.0.5&apos;&#10;Driver info: driver.version: AndroidDriver&#10;remote stacktrace: InvalidArgumentError: &apos;automationName&apos; can&apos;t be blank&#10;    at processCapabilities (C:\Users\SQE Labs\AppData\Roaming\npm\node_modules\appium\node_modules\@appium\base-driver\lib\basedriver\capabilities.js:345:13)&#10;    at parseCapsForInnerDriver (C:\Users\SQE Labs\AppData\Roaming\npm\node_modules\appium\lib\utils.js:151:40)&#10;    at AppiumDriver.createSession (C:\Users\SQE Labs\AppData\Roaming\npm\node_modules\appium\lib\appium.js:279:49)&#10;    at commandExecutor (C:\Users\SQE Labs\AppData\Roaming\npm\node_modules\appium\node_modules\@appium\base-driver\lib\basedriver\driver.ts:107:18)&#10;    at AppiumDriver.executeCommand (C:\Users\SQE Labs\AppData\Roaming\npm\node_modules\appium\node_modules\@appium\base-driver\lib\basedriver\driver.ts:124:15)&#10;    at processTicksAndRejections (node:internal/process/task_queues:95:5)&#10;    at defaultBehavior (C:\Users\SQE Labs\AppData\Roaming\npm\node_modules\appium\lib\appium.js:718:16)&#10;    at AppiumDriver.executeWrappedCommand (C:\Users\SQE Labs\AppData\Roaming\npm\node_modules\appium\lib\appium.js:828:16)&#10;    at AppiumDriver.executeCommand (C:\Users\SQE Labs\AppData\Roaming\npm\node_modules\appium\lib\appium.js:734:17)&#10;    at asyncHandler (C:\Users\SQE Labs\AppData\Roaming\npm\node_modules\appium\node_modules\@appium\base-driver\lib\protocol\protocol.js:393:19)"/>
  </testcase>
  <testcase name="updateEmailWith_NewEmailBlank" classname="testClasses.HumburgerMenuTest" time="0">
    <skipped message="&apos;automationName&apos; can&apos;t be blank&#10;Build info: version: &apos;3.5.3&apos;, revision: &apos;a88d25fe6b&apos;, time: &apos;2017-08-29T12:42:44.417Z&apos;&#10;System info: host: &apos;ankit-gupta&apos;, ip: &apos;192.168.1.31&apos;, os.name: &apos;Windows 11&apos;, os.arch: &apos;amd64&apos;, os.version: &apos;10.0&apos;, java.version: &apos;17.0.5&apos;&#10;Driver info: driver.version: AndroidDriver&#10;remote stacktrace: InvalidArgumentError: &apos;automationName&apos; can&apos;t be blank&#10;    at processCapabilities (C:\Users\SQE Labs\AppData\Roaming\npm\node_modules\appium\node_modules\@appium\base-driver\lib\basedriver\capabilities.js:345:13)&#10;    at parseCapsForInnerDriver (C:\Users\SQE Labs\AppData\Roaming\npm\node_modules\appium\lib\utils.js:151:40)&#10;    at AppiumDriver.createSession (C:\Users\SQE Labs\AppData\Roaming\npm\node_modules\appium\lib\appium.js:279:49)&#10;    at commandExecutor (C:\Users\SQE Labs\AppData\Roaming\npm\node_modules\appium\node_modules\@appium\base-driver\lib\basedriver\driver.ts:107:18)&#10;    at AppiumDriver.executeCommand (C:\Users\SQE Labs\AppData\Roaming\npm\node_modules\appium\node_modules\@appium\base-driver\lib\basedriver\driver.ts:124:15)&#10;    at processTicksAndRejections (node:internal/process/task_queues:95:5)&#10;    at defaultBehavior (C:\Users\SQE Labs\AppData\Roaming\npm\node_modules\appium\lib\appium.js:718:16)&#10;    at AppiumDriver.executeWrappedCommand (C:\Users\SQE Labs\AppData\Roaming\npm\node_modules\appium\lib\appium.js:828:16)&#10;    at AppiumDriver.executeCommand (C:\Users\SQE Labs\AppData\Roaming\npm\node_modules\appium\lib\appium.js:734:17)&#10;    at asyncHandler (C:\Users\SQE Labs\AppData\Roaming\npm\node_modules\appium\node_modules\@appium\base-driver\lib\protocol\protocol.js:393:19)"/>
  </testcase>
  <testcase name="AlreadyRegistered_InAllFields" classname="testClasses.HumburgerMenuTest" time="0">
    <skipped message="&apos;automationName&apos; can&apos;t be blank&#10;Build info: version: &apos;3.5.3&apos;, revision: &apos;a88d25fe6b&apos;, time: &apos;2017-08-29T12:42:44.417Z&apos;&#10;System info: host: &apos;ankit-gupta&apos;, ip: &apos;192.168.1.31&apos;, os.name: &apos;Windows 11&apos;, os.arch: &apos;amd64&apos;, os.version: &apos;10.0&apos;, java.version: &apos;17.0.5&apos;&#10;Driver info: driver.version: AndroidDriver&#10;remote stacktrace: InvalidArgumentError: &apos;automationName&apos; can&apos;t be blank&#10;    at processCapabilities (C:\Users\SQE Labs\AppData\Roaming\npm\node_modules\appium\node_modules\@appium\base-driver\lib\basedriver\capabilities.js:345:13)&#10;    at parseCapsForInnerDriver (C:\Users\SQE Labs\AppData\Roaming\npm\node_modules\appium\lib\utils.js:151:40)&#10;    at AppiumDriver.createSession (C:\Users\SQE Labs\AppData\Roaming\npm\node_modules\appium\lib\appium.js:279:49)&#10;    at commandExecutor (C:\Users\SQE Labs\AppData\Roaming\npm\node_modules\appium\node_modules\@appium\base-driver\lib\basedriver\driver.ts:107:18)&#10;    at AppiumDriver.executeCommand (C:\Users\SQE Labs\AppData\Roaming\npm\node_modules\appium\node_modules\@appium\base-driver\lib\basedriver\driver.ts:124:15)&#10;    at processTicksAndRejections (node:internal/process/task_queues:95:5)&#10;    at defaultBehavior (C:\Users\SQE Labs\AppData\Roaming\npm\node_modules\appium\lib\appium.js:718:16)&#10;    at AppiumDriver.executeWrappedCommand (C:\Users\SQE Labs\AppData\Roaming\npm\node_modules\appium\lib\appium.js:828:16)&#10;    at AppiumDriver.executeCommand (C:\Users\SQE Labs\AppData\Roaming\npm\node_modules\appium\lib\appium.js:734:17)&#10;    at asyncHandler (C:\Users\SQE Labs\AppData\Roaming\npm\node_modules\appium\node_modules\@appium\base-driver\lib\protocol\protocol.js:393:19)"/>
  </testcase>
  <testcase name="sameEmailEntered_InCurrentNewEmail" classname="testClasses.HumburgerMenuTest" time="0">
    <skipped message="&apos;automationName&apos; can&apos;t be blank&#10;Build info: version: &apos;3.5.3&apos;, revision: &apos;a88d25fe6b&apos;, time: &apos;2017-08-29T12:42:44.417Z&apos;&#10;System info: host: &apos;ankit-gupta&apos;, ip: &apos;192.168.1.31&apos;, os.name: &apos;Windows 11&apos;, os.arch: &apos;amd64&apos;, os.version: &apos;10.0&apos;, java.version: &apos;17.0.5&apos;&#10;Driver info: driver.version: AndroidDriver&#10;remote stacktrace: InvalidArgumentError: &apos;automationName&apos; can&apos;t be blank&#10;    at processCapabilities (C:\Users\SQE Labs\AppData\Roaming\npm\node_modules\appium\node_modules\@appium\base-driver\lib\basedriver\capabilities.js:345:13)&#10;    at parseCapsForInnerDriver (C:\Users\SQE Labs\AppData\Roaming\npm\node_modules\appium\lib\utils.js:151:40)&#10;    at AppiumDriver.createSession (C:\Users\SQE Labs\AppData\Roaming\npm\node_modules\appium\lib\appium.js:279:49)&#10;    at commandExecutor (C:\Users\SQE Labs\AppData\Roaming\npm\node_modules\appium\node_modules\@appium\base-driver\lib\basedriver\driver.ts:107:18)&#10;    at AppiumDriver.executeCommand (C:\Users\SQE Labs\AppData\Roaming\npm\node_modules\appium\node_modules\@appium\base-driver\lib\basedriver\driver.ts:124:15)&#10;    at processTicksAndRejections (node:internal/process/task_queues:95:5)&#10;    at defaultBehavior (C:\Users\SQE Labs\AppData\Roaming\npm\node_modules\appium\lib\appium.js:718:16)&#10;    at AppiumDriver.executeWrappedCommand (C:\Users\SQE Labs\AppData\Roaming\npm\node_modules\appium\lib\appium.js:828:16)&#10;    at AppiumDriver.executeCommand (C:\Users\SQE Labs\AppData\Roaming\npm\node_modules\appium\lib\appium.js:734:17)&#10;    at asyncHandler (C:\Users\SQE Labs\AppData\Roaming\npm\node_modules\appium\node_modules\@appium\base-driver\lib\protocol\protocol.js:393:19)"/>
  </testcase>
  <testcase name="confirmEmailBlank_InUpdatedEmail" classname="testClasses.HumburgerMenuTest" time="0">
    <skipped message="&apos;automationName&apos; can&apos;t be blank&#10;Build info: version: &apos;3.5.3&apos;, revision: &apos;a88d25fe6b&apos;, time: &apos;2017-08-29T12:42:44.417Z&apos;&#10;System info: host: &apos;ankit-gupta&apos;, ip: &apos;192.168.1.31&apos;, os.name: &apos;Windows 11&apos;, os.arch: &apos;amd64&apos;, os.version: &apos;10.0&apos;, java.version: &apos;17.0.5&apos;&#10;Driver info: driver.version: AndroidDriver&#10;remote stacktrace: InvalidArgumentError: &apos;automationName&apos; can&apos;t be blank&#10;    at processCapabilities (C:\Users\SQE Labs\AppData\Roaming\npm\node_modules\appium\node_modules\@appium\base-driver\lib\basedriver\capabilities.js:345:13)&#10;    at parseCapsForInnerDriver (C:\Users\SQE Labs\AppData\Roaming\npm\node_modules\appium\lib\utils.js:151:40)&#10;    at AppiumDriver.createSession (C:\Users\SQE Labs\AppData\Roaming\npm\node_modules\appium\lib\appium.js:279:49)&#10;    at commandExecutor (C:\Users\SQE Labs\AppData\Roaming\npm\node_modules\appium\node_modules\@appium\base-driver\lib\basedriver\driver.ts:107:18)&#10;    at AppiumDriver.executeCommand (C:\Users\SQE Labs\AppData\Roaming\npm\node_modules\appium\node_modules\@appium\base-driver\lib\basedriver\driver.ts:124:15)&#10;    at processTicksAndRejections (node:internal/process/task_queues:95:5)&#10;    at defaultBehavior (C:\Users\SQE Labs\AppData\Roaming\npm\node_modules\appium\lib\appium.js:718:16)&#10;    at AppiumDriver.executeWrappedCommand (C:\Users\SQE Labs\AppData\Roaming\npm\node_modules\appium\lib\appium.js:828:16)&#10;    at AppiumDriver.executeCommand (C:\Users\SQE Labs\AppData\Roaming\npm\node_modules\appium\lib\appium.js:734:17)&#10;    at asyncHandler (C:\Users\SQE Labs\AppData\Roaming\npm\node_modules\appium\node_modules\@appium\base-driver\lib\protocol\protocol.js:393:19)"/>
  </testcase>
  <testcase name="differentEmail_InNewEmailConfirmEmail" classname="testClasses.HumburgerMenuTest" time="0">
    <skipped message="&apos;automationName&apos; can&apos;t be blank&#10;Build info: version: &apos;3.5.3&apos;, revision: &apos;a88d25fe6b&apos;, time: &apos;2017-08-29T12:42:44.417Z&apos;&#10;System info: host: &apos;ankit-gupta&apos;, ip: &apos;192.168.1.31&apos;, os.name: &apos;Windows 11&apos;, os.arch: &apos;amd64&apos;, os.version: &apos;10.0&apos;, java.version: &apos;17.0.5&apos;&#10;Driver info: driver.version: AndroidDriver&#10;remote stacktrace: InvalidArgumentError: &apos;automationName&apos; can&apos;t be blank&#10;    at processCapabilities (C:\Users\SQE Labs\AppData\Roaming\npm\node_modules\appium\node_modules\@appium\base-driver\lib\basedriver\capabilities.js:345:13)&#10;    at parseCapsForInnerDriver (C:\Users\SQE Labs\AppData\Roaming\npm\node_modules\appium\lib\utils.js:151:40)&#10;    at AppiumDriver.createSession (C:\Users\SQE Labs\AppData\Roaming\npm\node_modules\appium\lib\appium.js:279:49)&#10;    at commandExecutor (C:\Users\SQE Labs\AppData\Roaming\npm\node_modules\appium\node_modules\@appium\base-driver\lib\basedriver\driver.ts:107:18)&#10;    at AppiumDriver.executeCommand (C:\Users\SQE Labs\AppData\Roaming\npm\node_modules\appium\node_modules\@appium\base-driver\lib\basedriver\driver.ts:124:15)&#10;    at processTicksAndRejections (node:internal/process/task_queues:95:5)&#10;    at defaultBehavior (C:\Users\SQE Labs\AppData\Roaming\npm\node_modules\appium\lib\appium.js:718:16)&#10;    at AppiumDriver.executeWrappedCommand (C:\Users\SQE Labs\AppData\Roaming\npm\node_modules\appium\lib\appium.js:828:16)&#10;    at AppiumDriver.executeCommand (C:\Users\SQE Labs\AppData\Roaming\npm\node_modules\appium\lib\appium.js:734:17)&#10;    at asyncHandler (C:\Users\SQE Labs\AppData\Roaming\npm\node_modules\appium\node_modules\@appium\base-driver\lib\protocol\protocol.js:393:19)"/>
  </testcase>
  <testcase name="validateLink_OnRegisteredEmail" classname="testClasses.HumburgerMenuTest" time="0">
    <skipped message="&apos;automationName&apos; can&apos;t be blank&#10;Build info: version: &apos;3.5.3&apos;, revision: &apos;a88d25fe6b&apos;, time: &apos;2017-08-29T12:42:44.417Z&apos;&#10;System info: host: &apos;ankit-gupta&apos;, ip: &apos;192.168.1.31&apos;, os.name: &apos;Windows 11&apos;, os.arch: &apos;amd64&apos;, os.version: &apos;10.0&apos;, java.version: &apos;17.0.5&apos;&#10;Driver info: driver.version: AndroidDriver&#10;remote stacktrace: InvalidArgumentError: &apos;automationName&apos; can&apos;t be blank&#10;    at processCapabilities (C:\Users\SQE Labs\AppData\Roaming\npm\node_modules\appium\node_modules\@appium\base-driver\lib\basedriver\capabilities.js:345:13)&#10;    at parseCapsForInnerDriver (C:\Users\SQE Labs\AppData\Roaming\npm\node_modules\appium\lib\utils.js:151:40)&#10;    at AppiumDriver.createSession (C:\Users\SQE Labs\AppData\Roaming\npm\node_modules\appium\lib\appium.js:279:49)&#10;    at commandExecutor (C:\Users\SQE Labs\AppData\Roaming\npm\node_modules\appium\node_modules\@appium\base-driver\lib\basedriver\driver.ts:107:18)&#10;    at AppiumDriver.executeCommand (C:\Users\SQE Labs\AppData\Roaming\npm\node_modules\appium\node_modules\@appium\base-driver\lib\basedriver\driver.ts:124:15)&#10;    at processTicksAndRejections (node:internal/process/task_queues:95:5)&#10;    at defaultBehavior (C:\Users\SQE Labs\AppData\Roaming\npm\node_modules\appium\lib\appium.js:718:16)&#10;    at AppiumDriver.executeWrappedCommand (C:\Users\SQE Labs\AppData\Roaming\npm\node_modules\appium\lib\appium.js:828:16)&#10;    at AppiumDriver.executeCommand (C:\Users\SQE Labs\AppData\Roaming\npm\node_modules\appium\lib\appium.js:734:17)&#10;    at asyncHandler (C:\Users\SQE Labs\AppData\Roaming\npm\node_modules\appium\node_modules\@appium\base-driver\lib\protocol\protocol.js:393:19)"/>
  </testcase>
  <testcase name="enterValidDetailsIn_AllUpdateEmail" classname="testClasses.HumburgerMenuTest" time="0">
    <skipped message="&apos;automationName&apos; can&apos;t be blank&#10;Build info: version: &apos;3.5.3&apos;, revision: &apos;a88d25fe6b&apos;, time: &apos;2017-08-29T12:42:44.417Z&apos;&#10;System info: host: &apos;ankit-gupta&apos;, ip: &apos;192.168.1.31&apos;, os.name: &apos;Windows 11&apos;, os.arch: &apos;amd64&apos;, os.version: &apos;10.0&apos;, java.version: &apos;17.0.5&apos;&#10;Driver info: driver.version: AndroidDriver&#10;remote stacktrace: InvalidArgumentError: &apos;automationName&apos; can&apos;t be blank&#10;    at processCapabilities (C:\Users\SQE Labs\AppData\Roaming\npm\node_modules\appium\node_modules\@appium\base-driver\lib\basedriver\capabilities.js:345:13)&#10;    at parseCapsForInnerDriver (C:\Users\SQE Labs\AppData\Roaming\npm\node_modules\appium\lib\utils.js:151:40)&#10;    at AppiumDriver.createSession (C:\Users\SQE Labs\AppData\Roaming\npm\node_modules\appium\lib\appium.js:279:49)&#10;    at commandExecutor (C:\Users\SQE Labs\AppData\Roaming\npm\node_modules\appium\node_modules\@appium\base-driver\lib\basedriver\driver.ts:107:18)&#10;    at AppiumDriver.executeCommand (C:\Users\SQE Labs\AppData\Roaming\npm\node_modules\appium\node_modules\@appium\base-driver\lib\basedriver\driver.ts:124:15)&#10;    at processTicksAndRejections (node:internal/process/task_queues:95:5)&#10;    at defaultBehavior (C:\Users\SQE Labs\AppData\Roaming\npm\node_modules\appium\lib\appium.js:718:16)&#10;    at AppiumDriver.executeWrappedCommand (C:\Users\SQE Labs\AppData\Roaming\npm\node_modules\appium\lib\appium.js:828:16)&#10;    at AppiumDriver.executeCommand (C:\Users\SQE Labs\AppData\Roaming\npm\node_modules\appium\lib\appium.js:734:17)&#10;    at asyncHandler (C:\Users\SQE Labs\AppData\Roaming\npm\node_modules\appium\node_modules\@appium\base-driver\lib\protocol\protocol.js:393:19)"/>
  </testcase>
  <testcase name="loginWith_UpdatedEmail" classname="testClasses.HumburgerMenuTest" time="0">
    <skipped message="&apos;automationName&apos; can&apos;t be blank&#10;Build info: version: &apos;3.5.3&apos;, revision: &apos;a88d25fe6b&apos;, time: &apos;2017-08-29T12:42:44.417Z&apos;&#10;System info: host: &apos;ankit-gupta&apos;, ip: &apos;192.168.1.31&apos;, os.name: &apos;Windows 11&apos;, os.arch: &apos;amd64&apos;, os.version: &apos;10.0&apos;, java.version: &apos;17.0.5&apos;&#10;Driver info: driver.version: AndroidDriver&#10;remote stacktrace: InvalidArgumentError: &apos;automationName&apos; can&apos;t be blank&#10;    at processCapabilities (C:\Users\SQE Labs\AppData\Roaming\npm\node_modules\appium\node_modules\@appium\base-driver\lib\basedriver\capabilities.js:345:13)&#10;    at parseCapsForInnerDriver (C:\Users\SQE Labs\AppData\Roaming\npm\node_modules\appium\lib\utils.js:151:40)&#10;    at AppiumDriver.createSession (C:\Users\SQE Labs\AppData\Roaming\npm\node_modules\appium\lib\appium.js:279:49)&#10;    at commandExecutor (C:\Users\SQE Labs\AppData\Roaming\npm\node_modules\appium\node_modules\@appium\base-driver\lib\basedriver\driver.ts:107:18)&#10;    at AppiumDriver.executeCommand (C:\Users\SQE Labs\AppData\Roaming\npm\node_modules\appium\node_modules\@appium\base-driver\lib\basedriver\driver.ts:124:15)&#10;    at processTicksAndRejections (node:internal/process/task_queues:95:5)&#10;    at defaultBehavior (C:\Users\SQE Labs\AppData\Roaming\npm\node_modules\appium\lib\appium.js:718:16)&#10;    at AppiumDriver.executeWrappedCommand (C:\Users\SQE Labs\AppData\Roaming\npm\node_modules\appium\lib\appium.js:828:16)&#10;    at AppiumDriver.executeCommand (C:\Users\SQE Labs\AppData\Roaming\npm\node_modules\appium\lib\appium.js:734:17)&#10;    at asyncHandler (C:\Users\SQE Labs\AppData\Roaming\npm\node_modules\appium\node_modules\@appium\base-driver\lib\protocol\protocol.js:393:19)"/>
  </testcase>
  <testcase name="updatedEmail_UnderLOGO" classname="testClasses.HumburgerMenuTest" time="0">
    <skipped message="&apos;automationName&apos; can&apos;t be blank&#10;Build info: version: &apos;3.5.3&apos;, revision: &apos;a88d25fe6b&apos;, time: &apos;2017-08-29T12:42:44.417Z&apos;&#10;System info: host: &apos;ankit-gupta&apos;, ip: &apos;192.168.1.31&apos;, os.name: &apos;Windows 11&apos;, os.arch: &apos;amd64&apos;, os.version: &apos;10.0&apos;, java.version: &apos;17.0.5&apos;&#10;Driver info: driver.version: AndroidDriver&#10;remote stacktrace: InvalidArgumentError: &apos;automationName&apos; can&apos;t be blank&#10;    at processCapabilities (C:\Users\SQE Labs\AppData\Roaming\npm\node_modules\appium\node_modules\@appium\base-driver\lib\basedriver\capabilities.js:345:13)&#10;    at parseCapsForInnerDriver (C:\Users\SQE Labs\AppData\Roaming\npm\node_modules\appium\lib\utils.js:151:40)&#10;    at AppiumDriver.createSession (C:\Users\SQE Labs\AppData\Roaming\npm\node_modules\appium\lib\appium.js:279:49)&#10;    at commandExecutor (C:\Users\SQE Labs\AppData\Roaming\npm\node_modules\appium\node_modules\@appium\base-driver\lib\basedriver\driver.ts:107:18)&#10;    at AppiumDriver.executeCommand (C:\Users\SQE Labs\AppData\Roaming\npm\node_modules\appium\node_modules\@appium\base-driver\lib\basedriver\driver.ts:124:15)&#10;    at processTicksAndRejections (node:internal/process/task_queues:95:5)&#10;    at defaultBehavior (C:\Users\SQE Labs\AppData\Roaming\npm\node_modules\appium\lib\appium.js:718:16)&#10;    at AppiumDriver.executeWrappedCommand (C:\Users\SQE Labs\AppData\Roaming\npm\node_modules\appium\lib\appium.js:828:16)&#10;    at AppiumDriver.executeCommand (C:\Users\SQE Labs\AppData\Roaming\npm\node_modules\appium\lib\appium.js:734:17)&#10;    at asyncHandler (C:\Users\SQE Labs\AppData\Roaming\npm\node_modules\appium\node_modules\@appium\base-driver\lib\protocol\protocol.js:393:19)"/>
  </testcase>
  <testcase name="updatePasswordSubtab_OpensUp" classname="testClasses.HumburgerMenuTest" time="0">
    <skipped message="&apos;automationName&apos; can&apos;t be blank&#10;Build info: version: &apos;3.5.3&apos;, revision: &apos;a88d25fe6b&apos;, time: &apos;2017-08-29T12:42:44.417Z&apos;&#10;System info: host: &apos;ankit-gupta&apos;, ip: &apos;192.168.1.31&apos;, os.name: &apos;Windows 11&apos;, os.arch: &apos;amd64&apos;, os.version: &apos;10.0&apos;, java.version: &apos;17.0.5&apos;&#10;Driver info: driver.version: AndroidDriver&#10;remote stacktrace: InvalidArgumentError: &apos;automationName&apos; can&apos;t be blank&#10;    at processCapabilities (C:\Users\SQE Labs\AppData\Roaming\npm\node_modules\appium\node_modules\@appium\base-driver\lib\basedriver\capabilities.js:345:13)&#10;    at parseCapsForInnerDriver (C:\Users\SQE Labs\AppData\Roaming\npm\node_modules\appium\lib\utils.js:151:40)&#10;    at AppiumDriver.createSession (C:\Users\SQE Labs\AppData\Roaming\npm\node_modules\appium\lib\appium.js:279:49)&#10;    at commandExecutor (C:\Users\SQE Labs\AppData\Roaming\npm\node_modules\appium\node_modules\@appium\base-driver\lib\basedriver\driver.ts:107:18)&#10;    at AppiumDriver.executeCommand (C:\Users\SQE Labs\AppData\Roaming\npm\node_modules\appium\node_modules\@appium\base-driver\lib\basedriver\driver.ts:124:15)&#10;    at processTicksAndRejections (node:internal/process/task_queues:95:5)&#10;    at defaultBehavior (C:\Users\SQE Labs\AppData\Roaming\npm\node_modules\appium\lib\appium.js:718:16)&#10;    at AppiumDriver.executeWrappedCommand (C:\Users\SQE Labs\AppData\Roaming\npm\node_modules\appium\lib\appium.js:828:16)&#10;    at AppiumDriver.executeCommand (C:\Users\SQE Labs\AppData\Roaming\npm\node_modules\appium\lib\appium.js:734:17)&#10;    at asyncHandler (C:\Users\SQE Labs\AppData\Roaming\npm\node_modules\appium\node_modules\@appium\base-driver\lib\protocol\protocol.js:393:19)"/>
  </testcase>
  <testcase name="currentPasswordBlank_InUpdatePasswordSubtab" classname="testClasses.HumburgerMenuTest" time="0">
    <skipped message="&apos;automationName&apos; can&apos;t be blank&#10;Build info: version: &apos;3.5.3&apos;, revision: &apos;a88d25fe6b&apos;, time: &apos;2017-08-29T12:42:44.417Z&apos;&#10;System info: host: &apos;ankit-gupta&apos;, ip: &apos;192.168.1.31&apos;, os.name: &apos;Windows 11&apos;, os.arch: &apos;amd64&apos;, os.version: &apos;10.0&apos;, java.version: &apos;17.0.5&apos;&#10;Driver info: driver.version: AndroidDriver&#10;remote stacktrace: InvalidArgumentError: &apos;automationName&apos; can&apos;t be blank&#10;    at processCapabilities (C:\Users\SQE Labs\AppData\Roaming\npm\node_modules\appium\node_modules\@appium\base-driver\lib\basedriver\capabilities.js:345:13)&#10;    at parseCapsForInnerDriver (C:\Users\SQE Labs\AppData\Roaming\npm\node_modules\appium\lib\utils.js:151:40)&#10;    at AppiumDriver.createSession (C:\Users\SQE Labs\AppData\Roaming\npm\node_modules\appium\lib\appium.js:279:49)&#10;    at commandExecutor (C:\Users\SQE Labs\AppData\Roaming\npm\node_modules\appium\node_modules\@appium\base-driver\lib\basedriver\driver.ts:107:18)&#10;    at AppiumDriver.executeCommand (C:\Users\SQE Labs\AppData\Roaming\npm\node_modules\appium\node_modules\@appium\base-driver\lib\basedriver\driver.ts:124:15)&#10;    at processTicksAndRejections (node:internal/process/task_queues:95:5)&#10;    at defaultBehavior (C:\Users\SQE Labs\AppData\Roaming\npm\node_modules\appium\lib\appium.js:718:16)&#10;    at AppiumDriver.executeWrappedCommand (C:\Users\SQE Labs\AppData\Roaming\npm\node_modules\appium\lib\appium.js:828:16)&#10;    at AppiumDriver.executeCommand (C:\Users\SQE Labs\AppData\Roaming\npm\node_modules\appium\lib\appium.js:734:17)&#10;    at asyncHandler (C:\Users\SQE Labs\AppData\Roaming\npm\node_modules\appium\node_modules\@appium\base-driver\lib\protocol\protocol.js:393:19)"/>
  </testcase>
  <testcase name="invalidPassword_InCurrentPassword" classname="testClasses.HumburgerMenuTest" time="0">
    <skipped message="&apos;automationName&apos; can&apos;t be blank&#10;Build info: version: &apos;3.5.3&apos;, revision: &apos;a88d25fe6b&apos;, time: &apos;2017-08-29T12:42:44.417Z&apos;&#10;System info: host: &apos;ankit-gupta&apos;, ip: &apos;192.168.1.31&apos;, os.name: &apos;Windows 11&apos;, os.arch: &apos;amd64&apos;, os.version: &apos;10.0&apos;, java.version: &apos;17.0.5&apos;&#10;Driver info: driver.version: AndroidDriver&#10;remote stacktrace: InvalidArgumentError: &apos;automationName&apos; can&apos;t be blank&#10;    at processCapabilities (C:\Users\SQE Labs\AppData\Roaming\npm\node_modules\appium\node_modules\@appium\base-driver\lib\basedriver\capabilities.js:345:13)&#10;    at parseCapsForInnerDriver (C:\Users\SQE Labs\AppData\Roaming\npm\node_modules\appium\lib\utils.js:151:40)&#10;    at AppiumDriver.createSession (C:\Users\SQE Labs\AppData\Roaming\npm\node_modules\appium\lib\appium.js:279:49)&#10;    at commandExecutor (C:\Users\SQE Labs\AppData\Roaming\npm\node_modules\appium\node_modules\@appium\base-driver\lib\basedriver\driver.ts:107:18)&#10;    at AppiumDriver.executeCommand (C:\Users\SQE Labs\AppData\Roaming\npm\node_modules\appium\node_modules\@appium\base-driver\lib\basedriver\driver.ts:124:15)&#10;    at processTicksAndRejections (node:internal/process/task_queues:95:5)&#10;    at defaultBehavior (C:\Users\SQE Labs\AppData\Roaming\npm\node_modules\appium\lib\appium.js:718:16)&#10;    at AppiumDriver.executeWrappedCommand (C:\Users\SQE Labs\AppData\Roaming\npm\node_modules\appium\lib\appium.js:828:16)&#10;    at AppiumDriver.executeCommand (C:\Users\SQE Labs\AppData\Roaming\npm\node_modules\appium\lib\appium.js:734:17)&#10;    at asyncHandler (C:\Users\SQE Labs\AppData\Roaming\npm\node_modules\appium\node_modules\@appium\base-driver\lib\protocol\protocol.js:393:19)"/>
  </testcase>
  <testcase name="invalidPassword_InNewPassword" classname="testClasses.HumburgerMenuTest" time="0">
    <skipped message="&apos;automationName&apos; can&apos;t be blank&#10;Build info: version: &apos;3.5.3&apos;, revision: &apos;a88d25fe6b&apos;, time: &apos;2017-08-29T12:42:44.417Z&apos;&#10;System info: host: &apos;ankit-gupta&apos;, ip: &apos;192.168.1.31&apos;, os.name: &apos;Windows 11&apos;, os.arch: &apos;amd64&apos;, os.version: &apos;10.0&apos;, java.version: &apos;17.0.5&apos;&#10;Driver info: driver.version: AndroidDriver&#10;remote stacktrace: InvalidArgumentError: &apos;automationName&apos; can&apos;t be blank&#10;    at processCapabilities (C:\Users\SQE Labs\AppData\Roaming\npm\node_modules\appium\node_modules\@appium\base-driver\lib\basedriver\capabilities.js:345:13)&#10;    at parseCapsForInnerDriver (C:\Users\SQE Labs\AppData\Roaming\npm\node_modules\appium\lib\utils.js:151:40)&#10;    at AppiumDriver.createSession (C:\Users\SQE Labs\AppData\Roaming\npm\node_modules\appium\lib\appium.js:279:49)&#10;    at commandExecutor (C:\Users\SQE Labs\AppData\Roaming\npm\node_modules\appium\node_modules\@appium\base-driver\lib\basedriver\driver.ts:107:18)&#10;    at AppiumDriver.executeCommand (C:\Users\SQE Labs\AppData\Roaming\npm\node_modules\appium\node_modules\@appium\base-driver\lib\basedriver\driver.ts:124:15)&#10;    at processTicksAndRejections (node:internal/process/task_queues:95:5)&#10;    at defaultBehavior (C:\Users\SQE Labs\AppData\Roaming\npm\node_modules\appium\lib\appium.js:718:16)&#10;    at AppiumDriver.executeWrappedCommand (C:\Users\SQE Labs\AppData\Roaming\npm\node_modules\appium\lib\appium.js:828:16)&#10;    at AppiumDriver.executeCommand (C:\Users\SQE Labs\AppData\Roaming\npm\node_modules\appium\lib\appium.js:734:17)&#10;    at asyncHandler (C:\Users\SQE Labs\AppData\Roaming\npm\node_modules\appium\node_modules\@appium\base-driver\lib\protocol\protocol.js:393:19)"/>
  </testcase>
  <testcase name="samePassword_InCurrentandNewPassword" classname="testClasses.HumburgerMenuTest" time="0">
    <skipped message="&apos;automationName&apos; can&apos;t be blank&#10;Build info: version: &apos;3.5.3&apos;, revision: &apos;a88d25fe6b&apos;, time: &apos;2017-08-29T12:42:44.417Z&apos;&#10;System info: host: &apos;ankit-gupta&apos;, ip: &apos;192.168.1.31&apos;, os.name: &apos;Windows 11&apos;, os.arch: &apos;amd64&apos;, os.version: &apos;10.0&apos;, java.version: &apos;17.0.5&apos;&#10;Driver info: driver.version: AndroidDriver&#10;remote stacktrace: InvalidArgumentError: &apos;automationName&apos; can&apos;t be blank&#10;    at processCapabilities (C:\Users\SQE Labs\AppData\Roaming\npm\node_modules\appium\node_modules\@appium\base-driver\lib\basedriver\capabilities.js:345:13)&#10;    at parseCapsForInnerDriver (C:\Users\SQE Labs\AppData\Roaming\npm\node_modules\appium\lib\utils.js:151:40)&#10;    at AppiumDriver.createSession (C:\Users\SQE Labs\AppData\Roaming\npm\node_modules\appium\lib\appium.js:279:49)&#10;    at commandExecutor (C:\Users\SQE Labs\AppData\Roaming\npm\node_modules\appium\node_modules\@appium\base-driver\lib\basedriver\driver.ts:107:18)&#10;    at AppiumDriver.executeCommand (C:\Users\SQE Labs\AppData\Roaming\npm\node_modules\appium\node_modules\@appium\base-driver\lib\basedriver\driver.ts:124:15)&#10;    at processTicksAndRejections (node:internal/process/task_queues:95:5)&#10;    at defaultBehavior (C:\Users\SQE Labs\AppData\Roaming\npm\node_modules\appium\lib\appium.js:718:16)&#10;    at AppiumDriver.executeWrappedCommand (C:\Users\SQE Labs\AppData\Roaming\npm\node_modules\appium\lib\appium.js:828:16)&#10;    at AppiumDriver.executeCommand (C:\Users\SQE Labs\AppData\Roaming\npm\node_modules\appium\lib\appium.js:734:17)&#10;    at asyncHandler (C:\Users\SQE Labs\AppData\Roaming\npm\node_modules\appium\node_modules\@appium\base-driver\lib\protocol\protocol.js:393:19)"/>
  </testcase>
  <testcase name="lessThan6_Character_InUpdatePassword" classname="testClasses.HumburgerMenuTest" time="0">
    <skipped message="&apos;automationName&apos; can&apos;t be blank&#10;Build info: version: &apos;3.5.3&apos;, revision: &apos;a88d25fe6b&apos;, time: &apos;2017-08-29T12:42:44.417Z&apos;&#10;System info: host: &apos;ankit-gupta&apos;, ip: &apos;192.168.1.31&apos;, os.name: &apos;Windows 11&apos;, os.arch: &apos;amd64&apos;, os.version: &apos;10.0&apos;, java.version: &apos;17.0.5&apos;&#10;Driver info: driver.version: AndroidDriver&#10;remote stacktrace: InvalidArgumentError: &apos;automationName&apos; can&apos;t be blank&#10;    at processCapabilities (C:\Users\SQE Labs\AppData\Roaming\npm\node_modules\appium\node_modules\@appium\base-driver\lib\basedriver\capabilities.js:345:13)&#10;    at parseCapsForInnerDriver (C:\Users\SQE Labs\AppData\Roaming\npm\node_modules\appium\lib\utils.js:151:40)&#10;    at AppiumDriver.createSession (C:\Users\SQE Labs\AppData\Roaming\npm\node_modules\appium\lib\appium.js:279:49)&#10;    at commandExecutor (C:\Users\SQE Labs\AppData\Roaming\npm\node_modules\appium\node_modules\@appium\base-driver\lib\basedriver\driver.ts:107:18)&#10;    at AppiumDriver.executeCommand (C:\Users\SQE Labs\AppData\Roaming\npm\node_modules\appium\node_modules\@appium\base-driver\lib\basedriver\driver.ts:124:15)&#10;    at processTicksAndRejections (node:internal/process/task_queues:95:5)&#10;    at defaultBehavior (C:\Users\SQE Labs\AppData\Roaming\npm\node_modules\appium\lib\appium.js:718:16)&#10;    at AppiumDriver.executeWrappedCommand (C:\Users\SQE Labs\AppData\Roaming\npm\node_modules\appium\lib\appium.js:828:16)&#10;    at AppiumDriver.executeCommand (C:\Users\SQE Labs\AppData\Roaming\npm\node_modules\appium\lib\appium.js:734:17)&#10;    at asyncHandler (C:\Users\SQE Labs\AppData\Roaming\npm\node_modules\appium\node_modules\@appium\base-driver\lib\protocol\protocol.js:393:19)"/>
  </testcase>
  <testcase name="diferentPasswords_InNewConfirmField" classname="testClasses.HumburgerMenuTest" time="0">
    <skipped message="&apos;automationName&apos; can&apos;t be blank&#10;Build info: version: &apos;3.5.3&apos;, revision: &apos;a88d25fe6b&apos;, time: &apos;2017-08-29T12:42:44.417Z&apos;&#10;System info: host: &apos;ankit-gupta&apos;, ip: &apos;192.168.1.31&apos;, os.name: &apos;Windows 11&apos;, os.arch: &apos;amd64&apos;, os.version: &apos;10.0&apos;, java.version: &apos;17.0.5&apos;&#10;Driver info: driver.version: AndroidDriver&#10;remote stacktrace: InvalidArgumentError: &apos;automationName&apos; can&apos;t be blank&#10;    at processCapabilities (C:\Users\SQE Labs\AppData\Roaming\npm\node_modules\appium\node_modules\@appium\base-driver\lib\basedriver\capabilities.js:345:13)&#10;    at parseCapsForInnerDriver (C:\Users\SQE Labs\AppData\Roaming\npm\node_modules\appium\lib\utils.js:151:40)&#10;    at AppiumDriver.createSession (C:\Users\SQE Labs\AppData\Roaming\npm\node_modules\appium\lib\appium.js:279:49)&#10;    at commandExecutor (C:\Users\SQE Labs\AppData\Roaming\npm\node_modules\appium\node_modules\@appium\base-driver\lib\basedriver\driver.ts:107:18)&#10;    at AppiumDriver.executeCommand (C:\Users\SQE Labs\AppData\Roaming\npm\node_modules\appium\node_modules\@appium\base-driver\lib\basedriver\driver.ts:124:15)&#10;    at processTicksAndRejections (node:internal/process/task_queues:95:5)&#10;    at defaultBehavior (C:\Users\SQE Labs\AppData\Roaming\npm\node_modules\appium\lib\appium.js:718:16)&#10;    at AppiumDriver.executeWrappedCommand (C:\Users\SQE Labs\AppData\Roaming\npm\node_modules\appium\lib\appium.js:828:16)&#10;    at AppiumDriver.executeCommand (C:\Users\SQE Labs\AppData\Roaming\npm\node_modules\appium\lib\appium.js:734:17)&#10;    at asyncHandler (C:\Users\SQE Labs\AppData\Roaming\npm\node_modules\appium\node_modules\@appium\base-driver\lib\protocol\protocol.js:393:19)"/>
  </testcase>
  <testcase name="confirmNewPassword_Blank" classname="testClasses.HumburgerMenuTest" time="0">
    <skipped message="&apos;automationName&apos; can&apos;t be blank&#10;Build info: version: &apos;3.5.3&apos;, revision: &apos;a88d25fe6b&apos;, time: &apos;2017-08-29T12:42:44.417Z&apos;&#10;System info: host: &apos;ankit-gupta&apos;, ip: &apos;192.168.1.31&apos;, os.name: &apos;Windows 11&apos;, os.arch: &apos;amd64&apos;, os.version: &apos;10.0&apos;, java.version: &apos;17.0.5&apos;&#10;Driver info: driver.version: AndroidDriver&#10;remote stacktrace: InvalidArgumentError: &apos;automationName&apos; can&apos;t be blank&#10;    at processCapabilities (C:\Users\SQE Labs\AppData\Roaming\npm\node_modules\appium\node_modules\@appium\base-driver\lib\basedriver\capabilities.js:345:13)&#10;    at parseCapsForInnerDriver (C:\Users\SQE Labs\AppData\Roaming\npm\node_modules\appium\lib\utils.js:151:40)&#10;    at AppiumDriver.createSession (C:\Users\SQE Labs\AppData\Roaming\npm\node_modules\appium\lib\appium.js:279:49)&#10;    at commandExecutor (C:\Users\SQE Labs\AppData\Roaming\npm\node_modules\appium\node_modules\@appium\base-driver\lib\basedriver\driver.ts:107:18)&#10;    at AppiumDriver.executeCommand (C:\Users\SQE Labs\AppData\Roaming\npm\node_modules\appium\node_modules\@appium\base-driver\lib\basedriver\driver.ts:124:15)&#10;    at processTicksAndRejections (node:internal/process/task_queues:95:5)&#10;    at defaultBehavior (C:\Users\SQE Labs\AppData\Roaming\npm\node_modules\appium\lib\appium.js:718:16)&#10;    at AppiumDriver.executeWrappedCommand (C:\Users\SQE Labs\AppData\Roaming\npm\node_modules\appium\lib\appium.js:828:16)&#10;    at AppiumDriver.executeCommand (C:\Users\SQE Labs\AppData\Roaming\npm\node_modules\appium\lib\appium.js:734:17)&#10;    at asyncHandler (C:\Users\SQE Labs\AppData\Roaming\npm\node_modules\appium\node_modules\@appium\base-driver\lib\protocol\protocol.js:393:19)"/>
  </testcase>
  <testcase name="validDetails_WithValidateLoginPassword" classname="testClasses.HumburgerMenuTest" time="0">
    <skipped message="&apos;automationName&apos; can&apos;t be blank&#10;Build info: version: &apos;3.5.3&apos;, revision: &apos;a88d25fe6b&apos;, time: &apos;2017-08-29T12:42:44.417Z&apos;&#10;System info: host: &apos;ankit-gupta&apos;, ip: &apos;192.168.1.31&apos;, os.name: &apos;Windows 11&apos;, os.arch: &apos;amd64&apos;, os.version: &apos;10.0&apos;, java.version: &apos;17.0.5&apos;&#10;Driver info: driver.version: AndroidDriver&#10;remote stacktrace: InvalidArgumentError: &apos;automationName&apos; can&apos;t be blank&#10;    at processCapabilities (C:\Users\SQE Labs\AppData\Roaming\npm\node_modules\appium\node_modules\@appium\base-driver\lib\basedriver\capabilities.js:345:13)&#10;    at parseCapsForInnerDriver (C:\Users\SQE Labs\AppData\Roaming\npm\node_modules\appium\lib\utils.js:151:40)&#10;    at AppiumDriver.createSession (C:\Users\SQE Labs\AppData\Roaming\npm\node_modules\appium\lib\appium.js:279:49)&#10;    at commandExecutor (C:\Users\SQE Labs\AppData\Roaming\npm\node_modules\appium\node_modules\@appium\base-driver\lib\basedriver\driver.ts:107:18)&#10;    at AppiumDriver.executeCommand (C:\Users\SQE Labs\AppData\Roaming\npm\node_modules\appium\node_modules\@appium\base-driver\lib\basedriver\driver.ts:124:15)&#10;    at processTicksAndRejections (node:internal/process/task_queues:95:5)&#10;    at defaultBehavior (C:\Users\SQE Labs\AppData\Roaming\npm\node_modules\appium\lib\appium.js:718:16)&#10;    at AppiumDriver.executeWrappedCommand (C:\Users\SQE Labs\AppData\Roaming\npm\node_modules\appium\lib\appium.js:828:16)&#10;    at AppiumDriver.executeCommand (C:\Users\SQE Labs\AppData\Roaming\npm\node_modules\appium\lib\appium.js:734:17)&#10;    at asyncHandler (C:\Users\SQE Labs\AppData\Roaming\npm\node_modules\appium\node_modules\@appium\base-driver\lib\protocol\protocol.js:393:19)"/>
  </testcase>
  <testcase name="validateDeviceList" classname="testClasses.HumburgerMenuTest" time="0">
    <skipped message="&apos;automationName&apos; can&apos;t be blank&#10;Build info: version: &apos;3.5.3&apos;, revision: &apos;a88d25fe6b&apos;, time: &apos;2017-08-29T12:42:44.417Z&apos;&#10;System info: host: &apos;ankit-gupta&apos;, ip: &apos;192.168.1.31&apos;, os.name: &apos;Windows 11&apos;, os.arch: &apos;amd64&apos;, os.version: &apos;10.0&apos;, java.version: &apos;17.0.5&apos;&#10;Driver info: driver.version: AndroidDriver&#10;remote stacktrace: InvalidArgumentError: &apos;automationName&apos; can&apos;t be blank&#10;    at processCapabilities (C:\Users\SQE Labs\AppData\Roaming\npm\node_modules\appium\node_modules\@appium\base-driver\lib\basedriver\capabilities.js:345:13)&#10;    at parseCapsForInnerDriver (C:\Users\SQE Labs\AppData\Roaming\npm\node_modules\appium\lib\utils.js:151:40)&#10;    at AppiumDriver.createSession (C:\Users\SQE Labs\AppData\Roaming\npm\node_modules\appium\lib\appium.js:279:49)&#10;    at commandExecutor (C:\Users\SQE Labs\AppData\Roaming\npm\node_modules\appium\node_modules\@appium\base-driver\lib\basedriver\driver.ts:107:18)&#10;    at AppiumDriver.executeCommand (C:\Users\SQE Labs\AppData\Roaming\npm\node_modules\appium\node_modules\@appium\base-driver\lib\basedriver\driver.ts:124:15)&#10;    at processTicksAndRejections (node:internal/process/task_queues:95:5)&#10;    at defaultBehavior (C:\Users\SQE Labs\AppData\Roaming\npm\node_modules\appium\lib\appium.js:718:16)&#10;    at AppiumDriver.executeWrappedCommand (C:\Users\SQE Labs\AppData\Roaming\npm\node_modules\appium\lib\appium.js:828:16)&#10;    at AppiumDriver.executeCommand (C:\Users\SQE Labs\AppData\Roaming\npm\node_modules\appium\lib\appium.js:734:17)&#10;    at asyncHandler (C:\Users\SQE Labs\AppData\Roaming\npm\node_modules\appium\node_modules\@appium\base-driver\lib\protocol\protocol.js:393:19)"/>
  </testcase>
  <testcase name="deletePopUp_OpensUp" classname="testClasses.HumburgerMenuTest" time="0">
    <skipped message="&apos;automationName&apos; can&apos;t be blank&#10;Build info: version: &apos;3.5.3&apos;, revision: &apos;a88d25fe6b&apos;, time: &apos;2017-08-29T12:42:44.417Z&apos;&#10;System info: host: &apos;ankit-gupta&apos;, ip: &apos;192.168.1.31&apos;, os.name: &apos;Windows 11&apos;, os.arch: &apos;amd64&apos;, os.version: &apos;10.0&apos;, java.version: &apos;17.0.5&apos;&#10;Driver info: driver.version: AndroidDriver&#10;remote stacktrace: InvalidArgumentError: &apos;automationName&apos; can&apos;t be blank&#10;    at processCapabilities (C:\Users\SQE Labs\AppData\Roaming\npm\node_modules\appium\node_modules\@appium\base-driver\lib\basedriver\capabilities.js:345:13)&#10;    at parseCapsForInnerDriver (C:\Users\SQE Labs\AppData\Roaming\npm\node_modules\appium\lib\utils.js:151:40)&#10;    at AppiumDriver.createSession (C:\Users\SQE Labs\AppData\Roaming\npm\node_modules\appium\lib\appium.js:279:49)&#10;    at commandExecutor (C:\Users\SQE Labs\AppData\Roaming\npm\node_modules\appium\node_modules\@appium\base-driver\lib\basedriver\driver.ts:107:18)&#10;    at AppiumDriver.executeCommand (C:\Users\SQE Labs\AppData\Roaming\npm\node_modules\appium\node_modules\@appium\base-driver\lib\basedriver\driver.ts:124:15)&#10;    at processTicksAndRejections (node:internal/process/task_queues:95:5)&#10;    at defaultBehavior (C:\Users\SQE Labs\AppData\Roaming\npm\node_modules\appium\lib\appium.js:718:16)&#10;    at AppiumDriver.executeWrappedCommand (C:\Users\SQE Labs\AppData\Roaming\npm\node_modules\appium\lib\appium.js:828:16)&#10;    at AppiumDriver.executeCommand (C:\Users\SQE Labs\AppData\Roaming\npm\node_modules\appium\lib\appium.js:734:17)&#10;    at asyncHandler (C:\Users\SQE Labs\AppData\Roaming\npm\node_modules\appium\node_modules\@appium\base-driver\lib\protocol\protocol.js:393:19)"/>
  </testcase>
  <testcase name="delete_Success" classname="testClasses.HumburgerMenuTest" time="0">
    <skipped message="&apos;automationName&apos; can&apos;t be blank&#10;Build info: version: &apos;3.5.3&apos;, revision: &apos;a88d25fe6b&apos;, time: &apos;2017-08-29T12:42:44.417Z&apos;&#10;System info: host: &apos;ankit-gupta&apos;, ip: &apos;192.168.1.31&apos;, os.name: &apos;Windows 11&apos;, os.arch: &apos;amd64&apos;, os.version: &apos;10.0&apos;, java.version: &apos;17.0.5&apos;&#10;Driver info: driver.version: AndroidDriver&#10;remote stacktrace: InvalidArgumentError: &apos;automationName&apos; can&apos;t be blank&#10;    at processCapabilities (C:\Users\SQE Labs\AppData\Roaming\npm\node_modules\appium\node_modules\@appium\base-driver\lib\basedriver\capabilities.js:345:13)&#10;    at parseCapsForInnerDriver (C:\Users\SQE Labs\AppData\Roaming\npm\node_modules\appium\lib\utils.js:151:40)&#10;    at AppiumDriver.createSession (C:\Users\SQE Labs\AppData\Roaming\npm\node_modules\appium\lib\appium.js:279:49)&#10;    at commandExecutor (C:\Users\SQE Labs\AppData\Roaming\npm\node_modules\appium\node_modules\@appium\base-driver\lib\basedriver\driver.ts:107:18)&#10;    at AppiumDriver.executeCommand (C:\Users\SQE Labs\AppData\Roaming\npm\node_modules\appium\node_modules\@appium\base-driver\lib\basedriver\driver.ts:124:15)&#10;    at processTicksAndRejections (node:internal/process/task_queues:95:5)&#10;    at defaultBehavior (C:\Users\SQE Labs\AppData\Roaming\npm\node_modules\appium\lib\appium.js:718:16)&#10;    at AppiumDriver.executeWrappedCommand (C:\Users\SQE Labs\AppData\Roaming\npm\node_modules\appium\lib\appium.js:828:16)&#10;    at AppiumDriver.executeCommand (C:\Users\SQE Labs\AppData\Roaming\npm\node_modules\appium\lib\appium.js:734:17)&#10;    at asyncHandler (C:\Users\SQE Labs\AppData\Roaming\npm\node_modules\appium\node_modules\@appium\base-driver\lib\protocol\protocol.js:393:19)"/>
  </testcase>
  <testcase name="loginWith_Deleted_Account" classname="testClasses.HumburgerMenuTest" time="0">
    <skipped message="&apos;automationName&apos; can&apos;t be blank&#10;Build info: version: &apos;3.5.3&apos;, revision: &apos;a88d25fe6b&apos;, time: &apos;2017-08-29T12:42:44.417Z&apos;&#10;System info: host: &apos;ankit-gupta&apos;, ip: &apos;192.168.1.31&apos;, os.name: &apos;Windows 11&apos;, os.arch: &apos;amd64&apos;, os.version: &apos;10.0&apos;, java.version: &apos;17.0.5&apos;&#10;Driver info: driver.version: AndroidDriver&#10;remote stacktrace: InvalidArgumentError: &apos;automationName&apos; can&apos;t be blank&#10;    at processCapabilities (C:\Users\SQE Labs\AppData\Roaming\npm\node_modules\appium\node_modules\@appium\base-driver\lib\basedriver\capabilities.js:345:13)&#10;    at parseCapsForInnerDriver (C:\Users\SQE Labs\AppData\Roaming\npm\node_modules\appium\lib\utils.js:151:40)&#10;    at AppiumDriver.createSession (C:\Users\SQE Labs\AppData\Roaming\npm\node_modules\appium\lib\appium.js:279:49)&#10;    at commandExecutor (C:\Users\SQE Labs\AppData\Roaming\npm\node_modules\appium\node_modules\@appium\base-driver\lib\basedriver\driver.ts:107:18)&#10;    at AppiumDriver.executeCommand (C:\Users\SQE Labs\AppData\Roaming\npm\node_modules\appium\node_modules\@appium\base-driver\lib\basedriver\driver.ts:124:15)&#10;    at processTicksAndRejections (node:internal/process/task_queues:95:5)&#10;    at defaultBehavior (C:\Users\SQE Labs\AppData\Roaming\npm\node_modules\appium\lib\appium.js:718:16)&#10;    at AppiumDriver.executeWrappedCommand (C:\Users\SQE Labs\AppData\Roaming\npm\node_modules\appium\lib\appium.js:828:16)&#10;    at AppiumDriver.executeCommand (C:\Users\SQE Labs\AppData\Roaming\npm\node_modules\appium\lib\appium.js:734:17)&#10;    at asyncHandler (C:\Users\SQE Labs\AppData\Roaming\npm\node_modules\appium\node_modules\@appium\base-driver\lib\protocol\protocol.js:393:19)"/>
  </testcase>
  <testcase name="selectLanguagePopUpOpensUp" classname="testClasses.HumburgerMenuTest" time="0">
    <skipped message="&apos;automationName&apos; can&apos;t be blank&#10;Build info: version: &apos;3.5.3&apos;, revision: &apos;a88d25fe6b&apos;, time: &apos;2017-08-29T12:42:44.417Z&apos;&#10;System info: host: &apos;ankit-gupta&apos;, ip: &apos;192.168.1.31&apos;, os.name: &apos;Windows 11&apos;, os.arch: &apos;amd64&apos;, os.version: &apos;10.0&apos;, java.version: &apos;17.0.5&apos;&#10;Driver info: driver.version: AndroidDriver&#10;remote stacktrace: InvalidArgumentError: &apos;automationName&apos; can&apos;t be blank&#10;    at processCapabilities (C:\Users\SQE Labs\AppData\Roaming\npm\node_modules\appium\node_modules\@appium\base-driver\lib\basedriver\capabilities.js:345:13)&#10;    at parseCapsForInnerDriver (C:\Users\SQE Labs\AppData\Roaming\npm\node_modules\appium\lib\utils.js:151:40)&#10;    at AppiumDriver.createSession (C:\Users\SQE Labs\AppData\Roaming\npm\node_modules\appium\lib\appium.js:279:49)&#10;    at commandExecutor (C:\Users\SQE Labs\AppData\Roaming\npm\node_modules\appium\node_modules\@appium\base-driver\lib\basedriver\driver.ts:107:18)&#10;    at AppiumDriver.executeCommand (C:\Users\SQE Labs\AppData\Roaming\npm\node_modules\appium\node_modules\@appium\base-driver\lib\basedriver\driver.ts:124:15)&#10;    at processTicksAndRejections (node:internal/process/task_queues:95:5)&#10;    at defaultBehavior (C:\Users\SQE Labs\AppData\Roaming\npm\node_modules\appium\lib\appium.js:718:16)&#10;    at AppiumDriver.executeWrappedCommand (C:\Users\SQE Labs\AppData\Roaming\npm\node_modules\appium\lib\appium.js:828:16)&#10;    at AppiumDriver.executeCommand (C:\Users\SQE Labs\AppData\Roaming\npm\node_modules\appium\lib\appium.js:734:17)&#10;    at asyncHandler (C:\Users\SQE Labs\AppData\Roaming\npm\node_modules\appium\node_modules\@appium\base-driver\lib\protocol\protocol.js:393:19)"/>
  </testcase>
  <testcase name="contactUsOpensUp" classname="testClasses.HumburgerMenuTest" time="0">
    <skipped message="&apos;automationName&apos; can&apos;t be blank&#10;Build info: version: &apos;3.5.3&apos;, revision: &apos;a88d25fe6b&apos;, time: &apos;2017-08-29T12:42:44.417Z&apos;&#10;System info: host: &apos;ankit-gupta&apos;, ip: &apos;192.168.1.31&apos;, os.name: &apos;Windows 11&apos;, os.arch: &apos;amd64&apos;, os.version: &apos;10.0&apos;, java.version: &apos;17.0.5&apos;&#10;Driver info: driver.version: AndroidDriver&#10;remote stacktrace: InvalidArgumentError: &apos;automationName&apos; can&apos;t be blank&#10;    at processCapabilities (C:\Users\SQE Labs\AppData\Roaming\npm\node_modules\appium\node_modules\@appium\base-driver\lib\basedriver\capabilities.js:345:13)&#10;    at parseCapsForInnerDriver (C:\Users\SQE Labs\AppData\Roaming\npm\node_modules\appium\lib\utils.js:151:40)&#10;    at AppiumDriver.createSession (C:\Users\SQE Labs\AppData\Roaming\npm\node_modules\appium\lib\appium.js:279:49)&#10;    at commandExecutor (C:\Users\SQE Labs\AppData\Roaming\npm\node_modules\appium\node_modules\@appium\base-driver\lib\basedriver\driver.ts:107:18)&#10;    at AppiumDriver.executeCommand (C:\Users\SQE Labs\AppData\Roaming\npm\node_modules\appium\node_modules\@appium\base-driver\lib\basedriver\driver.ts:124:15)&#10;    at processTicksAndRejections (node:internal/process/task_queues:95:5)&#10;    at defaultBehavior (C:\Users\SQE Labs\AppData\Roaming\npm\node_modules\appium\lib\appium.js:718:16)&#10;    at AppiumDriver.executeWrappedCommand (C:\Users\SQE Labs\AppData\Roaming\npm\node_modules\appium\lib\appium.js:828:16)&#10;    at AppiumDriver.executeCommand (C:\Users\SQE Labs\AppData\Roaming\npm\node_modules\appium\lib\appium.js:734:17)&#10;    at asyncHandler (C:\Users\SQE Labs\AppData\Roaming\npm\node_modules\appium\node_modules\@appium\base-driver\lib\protocol\protocol.js:393:19)"/>
  </testcase>
  <testcase name="FAQs" classname="testClasses.HumburgerMenuTest" time="0">
    <skipped message="&apos;automationName&apos; can&apos;t be blank&#10;Build info: version: &apos;3.5.3&apos;, revision: &apos;a88d25fe6b&apos;, time: &apos;2017-08-29T12:42:44.417Z&apos;&#10;System info: host: &apos;ankit-gupta&apos;, ip: &apos;192.168.1.31&apos;, os.name: &apos;Windows 11&apos;, os.arch: &apos;amd64&apos;, os.version: &apos;10.0&apos;, java.version: &apos;17.0.5&apos;&#10;Driver info: driver.version: AndroidDriver&#10;remote stacktrace: InvalidArgumentError: &apos;automationName&apos; can&apos;t be blank&#10;    at processCapabilities (C:\Users\SQE Labs\AppData\Roaming\npm\node_modules\appium\node_modules\@appium\base-driver\lib\basedriver\capabilities.js:345:13)&#10;    at parseCapsForInnerDriver (C:\Users\SQE Labs\AppData\Roaming\npm\node_modules\appium\lib\utils.js:151:40)&#10;    at AppiumDriver.createSession (C:\Users\SQE Labs\AppData\Roaming\npm\node_modules\appium\lib\appium.js:279:49)&#10;    at commandExecutor (C:\Users\SQE Labs\AppData\Roaming\npm\node_modules\appium\node_modules\@appium\base-driver\lib\basedriver\driver.ts:107:18)&#10;    at AppiumDriver.executeCommand (C:\Users\SQE Labs\AppData\Roaming\npm\node_modules\appium\node_modules\@appium\base-driver\lib\basedriver\driver.ts:124:15)&#10;    at processTicksAndRejections (node:internal/process/task_queues:95:5)&#10;    at defaultBehavior (C:\Users\SQE Labs\AppData\Roaming\npm\node_modules\appium\lib\appium.js:718:16)&#10;    at AppiumDriver.executeWrappedCommand (C:\Users\SQE Labs\AppData\Roaming\npm\node_modules\appium\lib\appium.js:828:16)&#10;    at AppiumDriver.executeCommand (C:\Users\SQE Labs\AppData\Roaming\npm\node_modules\appium\lib\appium.js:734:17)&#10;    at asyncHandler (C:\Users\SQE Labs\AppData\Roaming\npm\node_modules\appium\node_modules\@appium\base-driver\lib\protocol\protocol.js:393:19)"/>
  </testcase>
  <testcase name="log_OuT_pageOpensUp" classname="testClasses.HumburgerMenuTest" time="0">
    <skipped message="&apos;automationName&apos; can&apos;t be blank&#10;Build info: version: &apos;3.5.3&apos;, revision: &apos;a88d25fe6b&apos;, time: &apos;2017-08-29T12:42:44.417Z&apos;&#10;System info: host: &apos;ankit-gupta&apos;, ip: &apos;192.168.1.31&apos;, os.name: &apos;Windows 11&apos;, os.arch: &apos;amd64&apos;, os.version: &apos;10.0&apos;, java.version: &apos;17.0.5&apos;&#10;Driver info: driver.version: AndroidDriver&#10;remote stacktrace: InvalidArgumentError: &apos;automationName&apos; can&apos;t be blank&#10;    at processCapabilities (C:\Users\SQE Labs\AppData\Roaming\npm\node_modules\appium\node_modules\@appium\base-driver\lib\basedriver\capabilities.js:345:13)&#10;    at parseCapsForInnerDriver (C:\Users\SQE Labs\AppData\Roaming\npm\node_modules\appium\lib\utils.js:151:40)&#10;    at AppiumDriver.createSession (C:\Users\SQE Labs\AppData\Roaming\npm\node_modules\appium\lib\appium.js:279:49)&#10;    at commandExecutor (C:\Users\SQE Labs\AppData\Roaming\npm\node_modules\appium\node_modules\@appium\base-driver\lib\basedriver\driver.ts:107:18)&#10;    at AppiumDriver.executeCommand (C:\Users\SQE Labs\AppData\Roaming\npm\node_modules\appium\node_modules\@appium\base-driver\lib\basedriver\driver.ts:124:15)&#10;    at processTicksAndRejections (node:internal/process/task_queues:95:5)&#10;    at defaultBehavior (C:\Users\SQE Labs\AppData\Roaming\npm\node_modules\appium\lib\appium.js:718:16)&#10;    at AppiumDriver.executeWrappedCommand (C:\Users\SQE Labs\AppData\Roaming\npm\node_modules\appium\lib\appium.js:828:16)&#10;    at AppiumDriver.executeCommand (C:\Users\SQE Labs\AppData\Roaming\npm\node_modules\appium\lib\appium.js:734:17)&#10;    at asyncHandler (C:\Users\SQE Labs\AppData\Roaming\npm\node_modules\appium\node_modules\@appium\base-driver\lib\protocol\protocol.js:393:19)"/>
  </testcase>
  <testcase name="log_OuT_Success" classname="testClasses.HumburgerMenuTest" time="0">
    <skipped message="&apos;automationName&apos; can&apos;t be blank&#10;Build info: version: &apos;3.5.3&apos;, revision: &apos;a88d25fe6b&apos;, time: &apos;2017-08-29T12:42:44.417Z&apos;&#10;System info: host: &apos;ankit-gupta&apos;, ip: &apos;192.168.1.31&apos;, os.name: &apos;Windows 11&apos;, os.arch: &apos;amd64&apos;, os.version: &apos;10.0&apos;, java.version: &apos;17.0.5&apos;&#10;Driver info: driver.version: AndroidDriver&#10;remote stacktrace: InvalidArgumentError: &apos;automationName&apos; can&apos;t be blank&#10;    at processCapabilities (C:\Users\SQE Labs\AppData\Roaming\npm\node_modules\appium\node_modules\@appium\base-driver\lib\basedriver\capabilities.js:345:13)&#10;    at parseCapsForInnerDriver (C:\Users\SQE Labs\AppData\Roaming\npm\node_modules\appium\lib\utils.js:151:40)&#10;    at AppiumDriver.createSession (C:\Users\SQE Labs\AppData\Roaming\npm\node_modules\appium\lib\appium.js:279:49)&#10;    at commandExecutor (C:\Users\SQE Labs\AppData\Roaming\npm\node_modules\appium\node_modules\@appium\base-driver\lib\basedriver\driver.ts:107:18)&#10;    at AppiumDriver.executeCommand (C:\Users\SQE Labs\AppData\Roaming\npm\node_modules\appium\node_modules\@appium\base-driver\lib\basedriver\driver.ts:124:15)&#10;    at processTicksAndRejections (node:internal/process/task_queues:95:5)&#10;    at defaultBehavior (C:\Users\SQE Labs\AppData\Roaming\npm\node_modules\appium\lib\appium.js:718:16)&#10;    at AppiumDriver.executeWrappedCommand (C:\Users\SQE Labs\AppData\Roaming\npm\node_modules\appium\lib\appium.js:828:16)&#10;    at AppiumDriver.executeCommand (C:\Users\SQE Labs\AppData\Roaming\npm\node_modules\appium\lib\appium.js:734:17)&#10;    at asyncHandler (C:\Users\SQE Labs\AppData\Roaming\npm\node_modules\appium\node_modules\@appium\base-driver\lib\protocol\protocol.js:393:19)"/>
  </testcase>
  <testcase name="privacy_PoLicy" classname="testClasses.HumburgerMenuTest" time="0">
    <skipped message="&apos;automationName&apos; can&apos;t be blank&#10;Build info: version: &apos;3.5.3&apos;, revision: &apos;a88d25fe6b&apos;, time: &apos;2017-08-29T12:42:44.417Z&apos;&#10;System info: host: &apos;ankit-gupta&apos;, ip: &apos;192.168.1.31&apos;, os.name: &apos;Windows 11&apos;, os.arch: &apos;amd64&apos;, os.version: &apos;10.0&apos;, java.version: &apos;17.0.5&apos;&#10;Driver info: driver.version: AndroidDriver&#10;remote stacktrace: InvalidArgumentError: &apos;automationName&apos; can&apos;t be blank&#10;    at processCapabilities (C:\Users\SQE Labs\AppData\Roaming\npm\node_modules\appium\node_modules\@appium\base-driver\lib\basedriver\capabilities.js:345:13)&#10;    at parseCapsForInnerDriver (C:\Users\SQE Labs\AppData\Roaming\npm\node_modules\appium\lib\utils.js:151:40)&#10;    at AppiumDriver.createSession (C:\Users\SQE Labs\AppData\Roaming\npm\node_modules\appium\lib\appium.js:279:49)&#10;    at commandExecutor (C:\Users\SQE Labs\AppData\Roaming\npm\node_modules\appium\node_modules\@appium\base-driver\lib\basedriver\driver.ts:107:18)&#10;    at AppiumDriver.executeCommand (C:\Users\SQE Labs\AppData\Roaming\npm\node_modules\appium\node_modules\@appium\base-driver\lib\basedriver\driver.ts:124:15)&#10;    at processTicksAndRejections (node:internal/process/task_queues:95:5)&#10;    at defaultBehavior (C:\Users\SQE Labs\AppData\Roaming\npm\node_modules\appium\lib\appium.js:718:16)&#10;    at AppiumDriver.executeWrappedCommand (C:\Users\SQE Labs\AppData\Roaming\npm\node_modules\appium\lib\appium.js:828:16)&#10;    at AppiumDriver.executeCommand (C:\Users\SQE Labs\AppData\Roaming\npm\node_modules\appium\lib\appium.js:734:17)&#10;    at asyncHandler (C:\Users\SQE Labs\AppData\Roaming\npm\node_modules\appium\node_modules\@appium\base-driver\lib\protocol\protocol.js:393:19)"/>
  </testcase>
  <testcase name="termsAndConditioN" classname="testClasses.HumburgerMenuTest" time="0">
    <skipped message="&apos;automationName&apos; can&apos;t be blank&#10;Build info: version: &apos;3.5.3&apos;, revision: &apos;a88d25fe6b&apos;, time: &apos;2017-08-29T12:42:44.417Z&apos;&#10;System info: host: &apos;ankit-gupta&apos;, ip: &apos;192.168.1.31&apos;, os.name: &apos;Windows 11&apos;, os.arch: &apos;amd64&apos;, os.version: &apos;10.0&apos;, java.version: &apos;17.0.5&apos;&#10;Driver info: driver.version: AndroidDriver&#10;remote stacktrace: InvalidArgumentError: &apos;automationName&apos; can&apos;t be blank&#10;    at processCapabilities (C:\Users\SQE Labs\AppData\Roaming\npm\node_modules\appium\node_modules\@appium\base-driver\lib\basedriver\capabilities.js:345:13)&#10;    at parseCapsForInnerDriver (C:\Users\SQE Labs\AppData\Roaming\npm\node_modules\appium\lib\utils.js:151:40)&#10;    at AppiumDriver.createSession (C:\Users\SQE Labs\AppData\Roaming\npm\node_modules\appium\lib\appium.js:279:49)&#10;    at commandExecutor (C:\Users\SQE Labs\AppData\Roaming\npm\node_modules\appium\node_modules\@appium\base-driver\lib\basedriver\driver.ts:107:18)&#10;    at AppiumDriver.executeCommand (C:\Users\SQE Labs\AppData\Roaming\npm\node_modules\appium\node_modules\@appium\base-driver\lib\basedriver\driver.ts:124:15)&#10;    at processTicksAndRejections (node:internal/process/task_queues:95:5)&#10;    at defaultBehavior (C:\Users\SQE Labs\AppData\Roaming\npm\node_modules\appium\lib\appium.js:718:16)&#10;    at AppiumDriver.executeWrappedCommand (C:\Users\SQE Labs\AppData\Roaming\npm\node_modules\appium\lib\appium.js:828:16)&#10;    at AppiumDriver.executeCommand (C:\Users\SQE Labs\AppData\Roaming\npm\node_modules\appium\lib\appium.js:734:17)&#10;    at asyncHandler (C:\Users\SQE Labs\AppData\Roaming\npm\node_modules\appium\node_modules\@appium\base-driver\lib\protocol\protocol.js:393:19)"/>
  </testcase>
  <testcase name="beforeMethod" classname="testClasses.PlanDetailPasswordTest" time="0">
    <skipped/>
  </testcase>
  <testcase name="beforeMethod" classname="testClasses.PlanDetailPasswordTest" time="0">
    <skipped/>
  </testcase>
  <testcase name="verifyUIPlanPage" classname="testClasses.PlanDetailPasswordTest" time="0">
    <skipped message="&apos;automationName&apos; can&apos;t be blank&#10;Build info: version: &apos;3.5.3&apos;, revision: &apos;a88d25fe6b&apos;, time: &apos;2017-08-29T12:42:44.417Z&apos;&#10;System info: host: &apos;ankit-gupta&apos;, ip: &apos;192.168.1.31&apos;, os.name: &apos;Windows 11&apos;, os.arch: &apos;amd64&apos;, os.version: &apos;10.0&apos;, java.version: &apos;17.0.5&apos;&#10;Driver info: driver.version: AndroidDriver&#10;remote stacktrace: InvalidArgumentError: &apos;automationName&apos; can&apos;t be blank&#10;    at processCapabilities (C:\Users\SQE Labs\AppData\Roaming\npm\node_modules\appium\node_modules\@appium\base-driver\lib\basedriver\capabilities.js:345:13)&#10;    at parseCapsForInnerDriver (C:\Users\SQE Labs\AppData\Roaming\npm\node_modules\appium\lib\utils.js:151:40)&#10;    at AppiumDriver.createSession (C:\Users\SQE Labs\AppData\Roaming\npm\node_modules\appium\lib\appium.js:279:49)&#10;    at commandExecutor (C:\Users\SQE Labs\AppData\Roaming\npm\node_modules\appium\node_modules\@appium\base-driver\lib\basedriver\driver.ts:107:18)&#10;    at AppiumDriver.executeCommand (C:\Users\SQE Labs\AppData\Roaming\npm\node_modules\appium\node_modules\@appium\base-driver\lib\basedriver\driver.ts:124:15)&#10;    at processTicksAndRejections (node:internal/process/task_queues:95:5)&#10;    at defaultBehavior (C:\Users\SQE Labs\AppData\Roaming\npm\node_modules\appium\lib\appium.js:718:16)&#10;    at AppiumDriver.executeWrappedCommand (C:\Users\SQE Labs\AppData\Roaming\npm\node_modules\appium\lib\appium.js:828:16)&#10;    at AppiumDriver.executeCommand (C:\Users\SQE Labs\AppData\Roaming\npm\node_modules\appium\lib\appium.js:734:17)&#10;    at asyncHandler (C:\Users\SQE Labs\AppData\Roaming\npm\node_modules\appium\node_modules\@appium\base-driver\lib\protocol\protocol.js:393:19)"/>
  </testcase>
  <testcase name="paymentsPage_OpensUp" classname="testClasses.PlanDetailPasswordTest" time="0">
    <skipped message="&apos;automationName&apos; can&apos;t be blank&#10;Build info: version: &apos;3.5.3&apos;, revision: &apos;a88d25fe6b&apos;, time: &apos;2017-08-29T12:42:44.417Z&apos;&#10;System info: host: &apos;ankit-gupta&apos;, ip: &apos;192.168.1.31&apos;, os.name: &apos;Windows 11&apos;, os.arch: &apos;amd64&apos;, os.version: &apos;10.0&apos;, java.version: &apos;17.0.5&apos;&#10;Driver info: driver.version: AndroidDriver&#10;remote stacktrace: InvalidArgumentError: &apos;automationName&apos; can&apos;t be blank&#10;    at processCapabilities (C:\Users\SQE Labs\AppData\Roaming\npm\node_modules\appium\node_modules\@appium\base-driver\lib\basedriver\capabilities.js:345:13)&#10;    at parseCapsForInnerDriver (C:\Users\SQE Labs\AppData\Roaming\npm\node_modules\appium\lib\utils.js:151:40)&#10;    at AppiumDriver.createSession (C:\Users\SQE Labs\AppData\Roaming\npm\node_modules\appium\lib\appium.js:279:49)&#10;    at commandExecutor (C:\Users\SQE Labs\AppData\Roaming\npm\node_modules\appium\node_modules\@appium\base-driver\lib\basedriver\driver.ts:107:18)&#10;    at AppiumDriver.executeCommand (C:\Users\SQE Labs\AppData\Roaming\npm\node_modules\appium\node_modules\@appium\base-driver\lib\basedriver\driver.ts:124:15)&#10;    at processTicksAndRejections (node:internal/process/task_queues:95:5)&#10;    at defaultBehavior (C:\Users\SQE Labs\AppData\Roaming\npm\node_modules\appium\lib\appium.js:718:16)&#10;    at AppiumDriver.executeWrappedCommand (C:\Users\SQE Labs\AppData\Roaming\npm\node_modules\appium\lib\appium.js:828:16)&#10;    at AppiumDriver.executeCommand (C:\Users\SQE Labs\AppData\Roaming\npm\node_modules\appium\lib\appium.js:734:17)&#10;    at asyncHandler (C:\Users\SQE Labs\AppData\Roaming\npm\node_modules\appium\node_modules\@appium\base-driver\lib\protocol\protocol.js:393:19)"/>
  </testcase>
</testsuite>