<?xml version="1.0" encoding="UTF-8"?>
<!-- Generated by org.testng.reporters.JUnitReportReporter -->
<testsuite hostname="ankit-gupta" failures="0" tests="12" name="testClasses.LoginTest" time="0.024" errors="1" timestamp="2023-09-01T15:19:14 IST" skipped="11">
  <testcase classname="testClasses.LoginTest" name="initialize" time="0.024">
    <error message="org/openqa/selenium/internal/Require" type="java.lang.NoClassDefFoundError">
      <![CDATA[java.lang.NoClassDefFoundError: org/openqa/selenium/internal/Require
at io.appium.java_client.remote.options.BaseOptions.setCapability(BaseOptions.java:144)
at io.appium.java_client.remote.options.CanSetCapability.amend(CanSetCapability.java:30)
at io.appium.java_client.remote.options.BaseOptions.setPlatformName(BaseOptions.java:86)
at io.appium.java_client.android.options.UiAutomator2Options.setCommonOptions(UiAutomator2Options.java:222)
at io.appium.java_client.android.options.UiAutomator2Options.<init>(UiAutomator2Options.java:208)
at utilities.DriverManager.initializeDriver(DriverManager.java:43)
at base.BaseTest.initialize(BaseTest.java:35)
at java.base/jdk.internal.reflect.NativeMethodAccessorImpl.invoke0(Native Method)
at java.base/jdk.internal.reflect.NativeMethodAccessorImpl.invoke(NativeMethodAccessorImpl.java:77)
at java.base/jdk.internal.reflect.DelegatingMethodAccessorImpl.invoke(DelegatingMethodAccessorImpl.java:43)
at java.base/java.lang.reflect.Method.invoke(Method.java:568)
at org.testng.internal.MethodInvocationHelper.invokeMethod(MethodInvocationHelper.java:133)
at org.testng.internal.MethodInvocationHelper.invokeMethodConsideringTimeout(MethodInvocationHelper.java:62)
at org.testng.internal.ConfigInvoker.invokeConfigurationMethod(ConfigInvoker.java:385)
at org.testng.internal.ConfigInvoker.invokeConfigurations(ConfigInvoker.java:321)
at org.testng.SuiteRunner.privateRun(SuiteRunner.java:317)
at org.testng.SuiteRunner.run(SuiteRunner.java:276)
at org.testng.SuiteRunnerWorker.runSuite(SuiteRunnerWorker.java:53)
at org.testng.SuiteRunnerWorker.run(SuiteRunnerWorker.java:96)
at org.testng.TestNG.runSuitesSequentially(TestNG.java:1212)
at org.testng.TestNG.runSuitesLocally(TestNG.java:1134)
at org.testng.TestNG.runSuites(TestNG.java:1063)
at org.testng.TestNG.run(TestNG.java:1031)
at org.testng.remote.AbstractRemoteTestNG.run(AbstractRemoteTestNG.java:115)
at org.testng.remote.RemoteTestNG.initAndRun(RemoteTestNG.java:251)
at org.testng.remote.RemoteTestNG.main(RemoteTestNG.java:77)
Caused by: java.lang.ClassNotFoundException: org.openqa.selenium.internal.Require
at java.base/jdk.internal.loader.BuiltinClassLoader.loadClass(BuiltinClassLoader.java:641)
at java.base/jdk.internal.loader.ClassLoaders$AppClassLoader.loadClass(ClassLoaders.java:188)
at java.base/java.lang.ClassLoader.loadClass(ClassLoader.java:520)
... 26 more
]]>
    </error>
  </testcase> <!-- initialize -->
  <system-out/>
  <testcase classname="testClasses.LoginTest" name="NoUser_Login" time="0.000">
    <skipped/>
  </testcase> <!-- NoUser_Login -->
  <system-out/>
  <testcase classname="testClasses.LoginTest" name="valid_Login" time="0.000">
    <skipped/>
  </testcase> <!-- valid_Login -->
  <system-out/>
  <testcase classname="testClasses.LoginTest" name="launchApp_already_LoggedIn_User" time="0.000">
    <skipped/>
  </testcase> <!-- launchApp_already_LoggedIn_User -->
  <system-out/>
  <testcase classname="testClasses.LoginTest" name="userName_Field_Blank" time="0.000">
    <skipped/>
  </testcase> <!-- userName_Field_Blank -->
  <system-out/>
  <testcase classname="testClasses.LoginTest" name="password_Field_Blank" time="0.000">
    <skipped/>
  </testcase> <!-- password_Field_Blank -->
  <system-out/>
  <testcase classname="testClasses.LoginTest" name="invalid_Username_Login" time="0.000">
    <skipped/>
  </testcase> <!-- invalid_Username_Login -->
  <system-out/>
  <testcase classname="testClasses.LoginTest" name="invalid_Password_Login" time="0.000">
    <skipped/>
  </testcase> <!-- invalid_Password_Login -->
  <system-out/>
  <testcase classname="testClasses.LoginTest" name="decrypted_Password" time="0.000">
    <skipped/>
  </testcase> <!-- decrypted_Password -->
  <system-out/>
  <testcase classname="testClasses.LoginTest" name="encrypted_Password" time="0.000">
    <skipped/>
  </testcase> <!-- encrypted_Password -->
  <system-out/>
  <testcase classname="testClasses.LoginTest" name="non_Registered_Email" time="0.000">
    <skipped/>
  </testcase> <!-- non_Registered_Email -->
  <system-out/>
  <testcase classname="testClasses.LoginTest" name="deleted_Account_Login" time="0.000">
    <skipped/>
  </testcase> <!-- deleted_Account_Login -->
  <system-out/>
</testsuite> <!-- testClasses.LoginTest -->
