<?xml version="1.0" encoding="UTF-8"?>
<!-- Generated by org.testng.reporters.JUnitReportReporter -->
<testsuite hostname="DESKTOP-BGPMGNP" failures="0" tests="46" name="testClasses.HumburgerMenuTest" time="73.653" errors="2" timestamp="15 Jun 2023 16:28:57 GMT" skipped="43">
  <testcase classname="testClasses.HumburgerMenuTest" name="tearDown" time="0.465">
    <error message="An unknown server-side error occurred while processing the command. Original error: Could not proxy command to the remote server. Original error: socket hang up
Build info: version: &#039;3.5.3&#039;, revision: &#039;a88d25fe6b&#039;, time: &#039;2017-08-29T12:42:44.417Z&#039;
System info: host: &#039;DESKTOP-BGPMGNP&#039;, ip: &#039;192.168.29.70&#039;, os.name: &#039;Windows 11&#039;, os.arch: &#039;amd64&#039;, os.version: &#039;10.0&#039;, java.version: &#039;20.0.1&#039;
Driver info: io.appium.java_client.android.AndroidDriver
Capabilities [{app=C:\Users\Itsqe\eclipse-workspace\AppiumRiverComics\RiverComicsAPK\base.apk, appPackage=com.river.comics.us, deviceScreenSize=1080x2220, networkConnectionEnabled=true, statBarHeight=66, warnings={}, viewportRect={top=66, left=0, width=1080, height=2022}, databaseEnabled=false, deviceName=emulator-5554, platform=LINUX, deviceUDID=emulator-5554, desired={app=C:\Users\Itsqe\eclipse-workspace\AppiumRiverComics\RiverComicsAPK\base.apk, platformVersion=11.0, automationName=Appium, platformName=Android, deviceName=Pixel 3a API 30}, platformVersion=11, pixelRatio=2.75, webStorageEnabled=false, locationContextEnabled=false, automationName=Appium, takesScreenshot=true, javascriptEnabled=true, deviceScreenDensity=440, deviceModel=sdk_gphone_x86, deviceApiLevel=30, deviceManufacturer=Google, platformName=LINUX}]
Session ID: 82f0bbb6-45f0-44a1-9859-850f4b956eae" type="org.openqa.selenium.WebDriverException">
      <![CDATA[org.openqa.selenium.WebDriverException: An unknown server-side error occurred while processing the command. Original error: Could not proxy command to the remote server. Original error: socket hang up
Build info: version: '3.5.3', revision: 'a88d25fe6b', time: '2017-08-29T12:42:44.417Z'
System info: host: 'DESKTOP-BGPMGNP', ip: '192.168.29.70', os.name: 'Windows 11', os.arch: 'amd64', os.version: '10.0', java.version: '20.0.1'
Driver info: io.appium.java_client.android.AndroidDriver
Capabilities [{app=C:\Users\Itsqe\eclipse-workspace\AppiumRiverComics\RiverComicsAPK\base.apk, appPackage=com.river.comics.us, deviceScreenSize=1080x2220, networkConnectionEnabled=true, statBarHeight=66, warnings={}, viewportRect={top=66, left=0, width=1080, height=2022}, databaseEnabled=false, deviceName=emulator-5554, platform=LINUX, deviceUDID=emulator-5554, desired={app=C:\Users\Itsqe\eclipse-workspace\AppiumRiverComics\RiverComicsAPK\base.apk, platformVersion=11.0, automationName=Appium, platformName=Android, deviceName=Pixel 3a API 30}, platformVersion=11, pixelRatio=2.75, webStorageEnabled=false, locationContextEnabled=false, automationName=Appium, takesScreenshot=true, javascriptEnabled=true, deviceScreenDensity=440, deviceModel=sdk_gphone_x86, deviceApiLevel=30, deviceManufacturer=Google, platformName=LINUX}]
Session ID: 82f0bbb6-45f0-44a1-9859-850f4b956eae
	at java.base/jdk.internal.reflect.DirectConstructorHandleAccessor.newInstance(DirectConstructorHandleAccessor.java:67)
	at java.base/java.lang.reflect.Constructor.newInstanceWithCaller(Constructor.java:500)
	at java.base/java.lang.reflect.Constructor.newInstance(Constructor.java:484)
	at org.openqa.selenium.remote.http.W3CHttpResponseCodec.createException(W3CHttpResponseCodec.java:185)
	at org.openqa.selenium.remote.http.W3CHttpResponseCodec.decode(W3CHttpResponseCodec.java:120)
	at org.openqa.selenium.remote.http.W3CHttpResponseCodec.decode(W3CHttpResponseCodec.java:49)
	at org.openqa.selenium.remote.HttpCommandExecutor.execute(HttpCommandExecutor.java:164)
	at io.appium.java_client.remote.AppiumCommandExecutor.execute(AppiumCommandExecutor.java:52)
	at org.openqa.selenium.remote.RemoteWebDriver.execute(RemoteWebDriver.java:646)
	at io.appium.java_client.DefaultGenericMobileDriver.execute(DefaultGenericMobileDriver.java:42)
	at io.appium.java_client.AppiumDriver.execute(AppiumDriver.java:189)
	at org.openqa.selenium.remote.RemoteWebDriver.getScreenshotAs(RemoteWebDriver.java:388)
	at utilities.Screenshot.getScreenshot(Screenshot.java:75)
	at base.BaseTest.tearDown(BaseTest.java:66)
	at java.base/jdk.internal.reflect.DirectMethodHandleAccessor.invoke(DirectMethodHandleAccessor.java:104)
	at java.base/java.lang.reflect.Method.invoke(Method.java:578)
	at org.testng.internal.MethodInvocationHelper.invokeMethod(MethodInvocationHelper.java:108)
	at org.testng.internal.Invoker.invokeConfigurationMethod(Invoker.java:523)
	at org.testng.internal.Invoker.invokeConfigurations(Invoker.java:224)
	at org.testng.internal.Invoker.invokeMethod(Invoker.java:723)
	at org.testng.internal.Invoker.invokeTestMethod(Invoker.java:869)
	at org.testng.internal.Invoker.invokeTestMethods(Invoker.java:1193)
	at org.testng.internal.TestMethodWorker.invokeTestMethods(TestMethodWorker.java:126)
	at org.testng.internal.TestMethodWorker.run(TestMethodWorker.java:109)
	at org.testng.TestRunner.privateRun(TestRunner.java:744)
	at org.testng.TestRunner.run(TestRunner.java:602)
	at org.testng.SuiteRunner.runTest(SuiteRunner.java:380)
	at org.testng.SuiteRunner.runSequentially(SuiteRunner.java:375)
	at org.testng.SuiteRunner.privateRun(SuiteRunner.java:340)
	at org.testng.SuiteRunner.run(SuiteRunner.java:289)
	at org.testng.SuiteRunnerWorker.runSuite(SuiteRunnerWorker.java:52)
	at org.testng.SuiteRunnerWorker.run(SuiteRunnerWorker.java:86)
	at org.testng.TestNG.runSuitesSequentially(TestNG.java:1301)
	at org.testng.TestNG.runSuitesLocally(TestNG.java:1226)
	at org.testng.TestNG.runSuites(TestNG.java:1144)
	at org.testng.TestNG.run(TestNG.java:1115)
	at org.apache.maven.surefire.testng.TestNGExecutor.run(TestNGExecutor.java:136)
	at org.apache.maven.surefire.testng.TestNGDirectoryTestSuite.executeMulti(TestNGDirectoryTestSuite.java:193)
	at org.apache.maven.surefire.testng.TestNGDirectoryTestSuite.execute(TestNGDirectoryTestSuite.java:94)
	at org.apache.maven.surefire.testng.TestNGProvider.invoke(TestNGProvider.java:145)
	at org.apache.maven.surefire.booter.ForkedBooter.runSuitesInProcess(ForkedBooter.java:428)
	at org.apache.maven.surefire.booter.ForkedBooter.execute(ForkedBooter.java:162)
	at org.apache.maven.surefire.booter.ForkedBooter.run(ForkedBooter.java:562)
	at org.apache.maven.surefire.booter.ForkedBooter.main(ForkedBooter.java:548)
]]>
    </error>
  </testcase> <!-- tearDown -->
  <testcase classname="testClasses.HumburgerMenuTest" name="validateUnsubscribe_UsernameLogo" time="38.898"/>
  <testcase classname="testClasses.HumburgerMenuTest" name="refreshPageOnTap" time="34.289">
    <error message="An unknown server-side error occurred while processing the command. Original error: Could not proxy command to the remote server. Original error: socket hang up
Build info: version: &#039;3.5.3&#039;, revision: &#039;a88d25fe6b&#039;, time: &#039;2017-08-29T12:42:44.417Z&#039;
System info: host: &#039;DESKTOP-BGPMGNP&#039;, ip: &#039;192.168.29.70&#039;, os.name: &#039;Windows 11&#039;, os.arch: &#039;amd64&#039;, os.version: &#039;10.0&#039;, java.version: &#039;20.0.1&#039;
Driver info: io.appium.java_client.android.AndroidDriver
Capabilities [{app=C:\Users\Itsqe\eclipse-workspace\AppiumRiverComics\RiverComicsAPK\base.apk, appPackage=com.river.comics.us, deviceScreenSize=1080x2220, networkConnectionEnabled=true, statBarHeight=66, warnings={}, viewportRect={top=66, left=0, width=1080, height=2022}, databaseEnabled=false, deviceName=emulator-5554, platform=LINUX, deviceUDID=emulator-5554, desired={app=C:\Users\Itsqe\eclipse-workspace\AppiumRiverComics\RiverComicsAPK\base.apk, platformVersion=11.0, automationName=Appium, platformName=Android, deviceName=Pixel 3a API 30}, platformVersion=11, pixelRatio=2.75, webStorageEnabled=false, locationContextEnabled=false, automationName=Appium, takesScreenshot=true, javascriptEnabled=true, deviceScreenDensity=440, deviceModel=sdk_gphone_x86, deviceApiLevel=30, deviceManufacturer=Google, platformName=LINUX}]
Session ID: 82f0bbb6-45f0-44a1-9859-850f4b956eae
*** Element info: {Using=xpath, value=/hierarchy/android.widget.FrameLayout/android.widget.LinearLayout/android.widget.FrameLayout/android.view.ViewGroup/android.widget.ProgressBar}" type="org.openqa.selenium.WebDriverException">
      <![CDATA[org.openqa.selenium.WebDriverException: An unknown server-side error occurred while processing the command. Original error: Could not proxy command to the remote server. Original error: socket hang up
Build info: version: '3.5.3', revision: 'a88d25fe6b', time: '2017-08-29T12:42:44.417Z'
System info: host: 'DESKTOP-BGPMGNP', ip: '192.168.29.70', os.name: 'Windows 11', os.arch: 'amd64', os.version: '10.0', java.version: '20.0.1'
Driver info: io.appium.java_client.android.AndroidDriver
Capabilities [{app=C:\Users\Itsqe\eclipse-workspace\AppiumRiverComics\RiverComicsAPK\base.apk, appPackage=com.river.comics.us, deviceScreenSize=1080x2220, networkConnectionEnabled=true, statBarHeight=66, warnings={}, viewportRect={top=66, left=0, width=1080, height=2022}, databaseEnabled=false, deviceName=emulator-5554, platform=LINUX, deviceUDID=emulator-5554, desired={app=C:\Users\Itsqe\eclipse-workspace\AppiumRiverComics\RiverComicsAPK\base.apk, platformVersion=11.0, automationName=Appium, platformName=Android, deviceName=Pixel 3a API 30}, platformVersion=11, pixelRatio=2.75, webStorageEnabled=false, locationContextEnabled=false, automationName=Appium, takesScreenshot=true, javascriptEnabled=true, deviceScreenDensity=440, deviceModel=sdk_gphone_x86, deviceApiLevel=30, deviceManufacturer=Google, platformName=LINUX}]
Session ID: 82f0bbb6-45f0-44a1-9859-850f4b956eae
*** Element info: {Using=xpath, value=/hierarchy/android.widget.FrameLayout/android.widget.LinearLayout/android.widget.FrameLayout/android.view.ViewGroup/android.widget.ProgressBar}
	at java.base/jdk.internal.reflect.DirectConstructorHandleAccessor.newInstance(DirectConstructorHandleAccessor.java:67)
	at java.base/java.lang.reflect.Constructor.newInstanceWithCaller(Constructor.java:500)
	at java.base/java.lang.reflect.Constructor.newInstance(Constructor.java:484)
	at org.openqa.selenium.remote.http.W3CHttpResponseCodec.createException(W3CHttpResponseCodec.java:185)
	at org.openqa.selenium.remote.http.W3CHttpResponseCodec.decode(W3CHttpResponseCodec.java:120)
	at org.openqa.selenium.remote.http.W3CHttpResponseCodec.decode(W3CHttpResponseCodec.java:49)
	at org.openqa.selenium.remote.HttpCommandExecutor.execute(HttpCommandExecutor.java:164)
	at io.appium.java_client.remote.AppiumCommandExecutor.execute(AppiumCommandExecutor.java:52)
	at org.openqa.selenium.remote.RemoteWebDriver.execute(RemoteWebDriver.java:646)
	at io.appium.java_client.DefaultGenericMobileDriver.execute(DefaultGenericMobileDriver.java:42)
	at io.appium.java_client.AppiumDriver.execute(AppiumDriver.java:1)
	at io.appium.java_client.android.AndroidDriver.execute(AndroidDriver.java:1)
	at org.openqa.selenium.remote.RemoteWebDriver.findElement(RemoteWebDriver.java:416)
	at org.openqa.selenium.remote.RemoteWebDriver.findElementByXPath(RemoteWebDriver.java:518)
	at io.appium.java_client.DefaultGenericMobileDriver.findElementByXPath(DefaultGenericMobileDriver.java:132)
	at io.appium.java_client.AppiumDriver.findElementByXPath(AppiumDriver.java:1)
	at io.appium.java_client.android.AndroidDriver.findElementByXPath(AndroidDriver.java:1)
	at org.openqa.selenium.By$ByXPath.findElement(By.java:361)
	at org.openqa.selenium.remote.RemoteWebDriver.findElement(RemoteWebDriver.java:408)
	at io.appium.java_client.DefaultGenericMobileDriver.findElement(DefaultGenericMobileDriver.java:52)
	at io.appium.java_client.AppiumDriver.findElement(AppiumDriver.java:1)
	at io.appium.java_client.android.AndroidDriver.findElement(AndroidDriver.java:1)
	at base.BasePage.isElementPresent(BasePage.java:99)
	at pageObjects.Hamburger.isProgressBarPresent(Hamburger.java:302)
	at testClasses.HumburgerMenuTest.refreshPageOnTap(HumburgerMenuTest.java:65)
	at java.base/jdk.internal.reflect.DirectMethodHandleAccessor.invoke(DirectMethodHandleAccessor.java:104)
	at java.base/java.lang.reflect.Method.invoke(Method.java:578)
	at org.testng.internal.MethodInvocationHelper.invokeMethod(MethodInvocationHelper.java:108)
	at org.testng.internal.Invoker.invokeMethod(Invoker.java:661)
	at org.testng.internal.Invoker.invokeTestMethod(Invoker.java:869)
	at org.testng.internal.Invoker.invokeTestMethods(Invoker.java:1193)
	at org.testng.internal.TestMethodWorker.invokeTestMethods(TestMethodWorker.java:126)
	at org.testng.internal.TestMethodWorker.run(TestMethodWorker.java:109)
	at org.testng.TestRunner.privateRun(TestRunner.java:744)
	at org.testng.TestRunner.run(TestRunner.java:602)
	at org.testng.SuiteRunner.runTest(SuiteRunner.java:380)
	at org.testng.SuiteRunner.runSequentially(SuiteRunner.java:375)
	at org.testng.SuiteRunner.privateRun(SuiteRunner.java:340)
	at org.testng.SuiteRunner.run(SuiteRunner.java:289)
	at org.testng.SuiteRunnerWorker.runSuite(SuiteRunnerWorker.java:52)
	at org.testng.SuiteRunnerWorker.run(SuiteRunnerWorker.java:86)
	at org.testng.TestNG.runSuitesSequentially(TestNG.java:1301)
	at org.testng.TestNG.runSuitesLocally(TestNG.java:1226)
	at org.testng.TestNG.runSuites(TestNG.java:1144)
	at org.testng.TestNG.run(TestNG.java:1115)
	at org.apache.maven.surefire.testng.TestNGExecutor.run(TestNGExecutor.java:136)
	at org.apache.maven.surefire.testng.TestNGDirectoryTestSuite.executeMulti(TestNGDirectoryTestSuite.java:193)
	at org.apache.maven.surefire.testng.TestNGDirectoryTestSuite.execute(TestNGDirectoryTestSuite.java:94)
	at org.apache.maven.surefire.testng.TestNGProvider.invoke(TestNGProvider.java:145)
	at org.apache.maven.surefire.booter.ForkedBooter.runSuitesInProcess(ForkedBooter.java:428)
	at org.apache.maven.surefire.booter.ForkedBooter.execute(ForkedBooter.java:162)
	at org.apache.maven.surefire.booter.ForkedBooter.run(ForkedBooter.java:562)
	at org.apache.maven.surefire.booter.ForkedBooter.main(ForkedBooter.java:548)
]]>
    </error>
  </testcase> <!-- refreshPageOnTap -->
  <testcase classname="testClasses.HumburgerMenuTest" name="validateTabs_SubscribeSearchFavourite" time="0.001">
    <skipped/>
  </testcase> <!-- validateTabs_SubscribeSearchFavourite -->
  <testcase classname="testClasses.HumburgerMenuTest" name="planDetailPage_OpensUp" time="0.000">
    <skipped/>
  </testcase> <!-- planDetailPage_OpensUp -->
  <testcase classname="testClasses.HumburgerMenuTest" name="searchTab_OpensUp" time="0.000">
    <skipped/>
  </testcase> <!-- searchTab_OpensUp -->
  <testcase classname="testClasses.HumburgerMenuTest" name="nonExistingDataEnteredIn_HamburgerMenu" time="0.000">
    <skipped/>
  </testcase> <!-- nonExistingDataEnteredIn_HamburgerMenu -->
  <testcase classname="testClasses.HumburgerMenuTest" name="SeriesEpisodeTabOpensUp" time="0.000">
    <skipped/>
  </testcase> <!-- SeriesEpisodeTabOpensUp -->
  <testcase classname="testClasses.HumburgerMenuTest" name="sharePage_PopUpOpensUp" time="0.000">
    <skipped/>
  </testcase> <!-- sharePage_PopUpOpensUp -->
  <testcase classname="testClasses.HumburgerMenuTest" name="settingPage_OpensUp" time="0.000">
    <skipped/>
  </testcase> <!-- settingPage_OpensUp -->
  <testcase classname="testClasses.HumburgerMenuTest" name="selectLanugauge_OpensUp" time="0.000">
    <skipped/>
  </testcase> <!-- selectLanugauge_OpensUp -->
  <testcase classname="testClasses.HumburgerMenuTest" name="selectedLanguage_Appears" time="0.000">
    <skipped/>
  </testcase> <!-- selectedLanguage_Appears -->
  <testcase classname="testClasses.HumburgerMenuTest" name="updateEmail_OpensUp" time="0.000">
    <skipped/>
  </testcase> <!-- updateEmail_OpensUp -->
  <testcase classname="testClasses.HumburgerMenuTest" name="currentEmailBlank_InUpdatedEmail" time="0.000">
    <skipped/>
  </testcase> <!-- currentEmailBlank_InUpdatedEmail -->
  <testcase classname="testClasses.HumburgerMenuTest" name="NonExistingOrInvalidEmail_InUpdatedEmail" time="0.000">
    <skipped/>
  </testcase> <!-- NonExistingOrInvalidEmail_InUpdatedEmail -->
  <testcase classname="testClasses.HumburgerMenuTest" name="updateEmailWith_AlreadyRegisteredEmail" time="0.000">
    <skipped/>
  </testcase> <!-- updateEmailWith_AlreadyRegisteredEmail -->
  <testcase classname="testClasses.HumburgerMenuTest" name="updateEmailWith_NewEmailBlank" time="0.000">
    <skipped/>
  </testcase> <!-- updateEmailWith_NewEmailBlank -->
  <testcase classname="testClasses.HumburgerMenuTest" name="AlreadyRegistered_InAllFields" time="0.000">
    <skipped/>
  </testcase> <!-- AlreadyRegistered_InAllFields -->
  <testcase classname="testClasses.HumburgerMenuTest" name="sameEmailEntered_InCurrentNewEmail" time="0.000">
    <skipped/>
  </testcase> <!-- sameEmailEntered_InCurrentNewEmail -->
  <testcase classname="testClasses.HumburgerMenuTest" name="confirmEmailBlank_InUpdatedEmail" time="0.000">
    <skipped/>
  </testcase> <!-- confirmEmailBlank_InUpdatedEmail -->
  <testcase classname="testClasses.HumburgerMenuTest" name="differentEmail_InNewEmailConfirmEmail" time="0.000">
    <skipped/>
  </testcase> <!-- differentEmail_InNewEmailConfirmEmail -->
  <testcase classname="testClasses.HumburgerMenuTest" name="validateLink_OnRegisteredEmail" time="0.000">
    <skipped/>
  </testcase> <!-- validateLink_OnRegisteredEmail -->
  <testcase classname="testClasses.HumburgerMenuTest" name="enterValidDetailsIn_AllUpdateEmail" time="0.000">
    <skipped/>
  </testcase> <!-- enterValidDetailsIn_AllUpdateEmail -->
  <testcase classname="testClasses.HumburgerMenuTest" name="loginWith_UpdatedEmail" time="0.000">
    <skipped/>
  </testcase> <!-- loginWith_UpdatedEmail -->
  <testcase classname="testClasses.HumburgerMenuTest" name="updatedEmail_UnderLOGO" time="0.000">
    <skipped/>
  </testcase> <!-- updatedEmail_UnderLOGO -->
  <testcase classname="testClasses.HumburgerMenuTest" name="updatePasswordSubtab_OpensUp" time="0.000">
    <skipped/>
  </testcase> <!-- updatePasswordSubtab_OpensUp -->
  <testcase classname="testClasses.HumburgerMenuTest" name="currentPasswordBlank_InUpdatePasswordSubtab" time="0.000">
    <skipped/>
  </testcase> <!-- currentPasswordBlank_InUpdatePasswordSubtab -->
  <testcase classname="testClasses.HumburgerMenuTest" name="invalidPassword_InCurrentPassword" time="0.000">
    <skipped/>
  </testcase> <!-- invalidPassword_InCurrentPassword -->
  <testcase classname="testClasses.HumburgerMenuTest" name="invalidPassword_InNewPassword" time="0.000">
    <skipped/>
  </testcase> <!-- invalidPassword_InNewPassword -->
  <testcase classname="testClasses.HumburgerMenuTest" name="samePassword_InCurrentandNewPassword" time="0.000">
    <skipped/>
  </testcase> <!-- samePassword_InCurrentandNewPassword -->
  <testcase classname="testClasses.HumburgerMenuTest" name="lessThan6_Character_InUpdatePassword" time="0.000">
    <skipped/>
  </testcase> <!-- lessThan6_Character_InUpdatePassword -->
  <testcase classname="testClasses.HumburgerMenuTest" name="diferentPasswords_InNewConfirmField" time="0.000">
    <skipped/>
  </testcase> <!-- diferentPasswords_InNewConfirmField -->
  <testcase classname="testClasses.HumburgerMenuTest" name="confirmNewPassword_Blank" time="0.000">
    <skipped/>
  </testcase> <!-- confirmNewPassword_Blank -->
  <testcase classname="testClasses.HumburgerMenuTest" name="validDetails_WithValidateLoginPassword" time="0.000">
    <skipped/>
  </testcase> <!-- validDetails_WithValidateLoginPassword -->
  <testcase classname="testClasses.HumburgerMenuTest" name="validateDeviceList" time="0.000">
    <skipped/>
  </testcase> <!-- validateDeviceList -->
  <testcase classname="testClasses.HumburgerMenuTest" name="deletePopUp_OpensUp" time="0.000">
    <skipped/>
  </testcase> <!-- deletePopUp_OpensUp -->
  <testcase classname="testClasses.HumburgerMenuTest" name="loginWith_Deleted_Account" time="0.000">
    <skipped/>
  </testcase> <!-- loginWith_Deleted_Account -->
  <testcase classname="testClasses.HumburgerMenuTest" name="selectLanguagePopUpOpensUp" time="0.000">
    <skipped/>
  </testcase> <!-- selectLanguagePopUpOpensUp -->
  <testcase classname="testClasses.HumburgerMenuTest" name="contactUsOpensUp" time="0.000">
    <skipped/>
  </testcase> <!-- contactUsOpensUp -->
  <testcase classname="testClasses.HumburgerMenuTest" name="log_OuT_pageOpensUp" time="0.000">
    <skipped/>
  </testcase> <!-- log_OuT_pageOpensUp -->
  <testcase classname="testClasses.HumburgerMenuTest" name="log_OuT_Success" time="0.000">
    <skipped/>
  </testcase> <!-- log_OuT_Success -->
  <testcase classname="testClasses.HumburgerMenuTest" name="privacy_PoLicy" time="0.000">
    <skipped/>
  </testcase> <!-- privacy_PoLicy -->
  <testcase classname="testClasses.HumburgerMenuTest" name="termsAndConditioN" time="0.000">
    <skipped/>
  </testcase> <!-- termsAndConditioN -->
  <testcase classname="testClasses.HumburgerMenuTest" name="delete_Success">
    <skipped/>
  </testcase> <!-- delete_Success -->
  <testcase classname="testClasses.HumburgerMenuTest" name="validateSubscribe_UsernameLogo">
    <skipped/>
  </testcase> <!-- validateSubscribe_UsernameLogo -->
  <testcase classname="testClasses.HumburgerMenuTest" name="FAQs">
    <skipped/>
  </testcase> <!-- FAQs -->
</testsuite> <!-- testClasses.HumburgerMenuTest -->
